[5.637s] DEBUG:colcon:Command line arguments: ['/usr/bin/colcon', 'build']
[5.637s] DEBUG:colcon:Parsed command line arguments: Namespace(log_base=None, log_level=None, verb_name='build', build_base='build', install_base='install', merge_install=False, symlink_install=False, test_result_base=None, continue_on_error=False, executor='parallel', parallel_workers=4, event_handlers=None, ignore_user_meta=False, metas=['./colcon.meta'], base_paths=['.'], packages_ignore=None, packages_ignore_regex=None, paths=None, packages_up_to=None, packages_up_to_regex=None, packages_above=None, packages_above_and_dependencies=None, packages_above_depth=None, packages_select_by_dep=None, packages_skip_by_dep=None, packages_skip_up_to=None, packages_select_build_failed=False, packages_skip_build_finished=False, packages_select_test_failures=False, packages_skip_test_passed=False, packages_select=None, packages_skip=None, packages_select_regex=None, packages_skip_regex=None, packages_start=None, packages_end=None, allow_overriding=[], cmake_args=None, cmake_target=None, cmake_target_skip_unavailable=False, cmake_clean_cache=False, cmake_clean_first=False, cmake_force_configure=False, ament_cmake_args=None, catkin_cmake_args=None, catkin_skip_building_tests=False, verb_parser=<colcon_defaults.argument_parser.defaults.DefaultArgumentsDecorator object at 0xffffb01efa60>, verb_extension=<colcon_core.verb.build.BuildVerb object at 0xffffb0511a80>, main=<bound method BuildVerb.main of <colcon_core.verb.build.BuildVerb object at 0xffffb0511a80>>)
[6.169s] Level 1:colcon.colcon_core.package_discovery:discover_packages(colcon_meta) check parameters
[6.170s] Level 1:colcon.colcon_core.package_discovery:discover_packages(recursive) check parameters
[6.171s] Level 1:colcon.colcon_core.package_discovery:discover_packages(ignore) check parameters
[6.171s] Level 1:colcon.colcon_core.package_discovery:discover_packages(path) check parameters
[6.171s] Level 1:colcon.colcon_core.package_discovery:discover_packages(colcon_meta) discover
[6.171s] Level 1:colcon.colcon_core.package_discovery:discover_packages(recursive) discover
[6.172s] INFO:colcon.colcon_core.package_discovery:Crawling recursively for packages in '/home/ubuntu/reflex-therapy'
[6.174s] Level 1:colcon.colcon_core.package_identification:_identify(.) by extensions ['ignore', 'ignore_ament_install']
[6.175s] Level 1:colcon.colcon_core.package_identification:_identify(.) by extension 'ignore'
[6.176s] Level 1:colcon.colcon_core.package_identification:_identify(.) by extension 'ignore_ament_install'
[6.176s] Level 1:colcon.colcon_core.package_identification:_identify(.) by extensions ['colcon_pkg']
[6.177s] Level 1:colcon.colcon_core.package_identification:_identify(.) by extension 'colcon_pkg'
[6.177s] Level 1:colcon.colcon_core.package_identification:_identify(.) by extensions ['colcon_meta']
[6.177s] Level 1:colcon.colcon_core.package_identification:_identify(.) by extension 'colcon_meta'
[6.177s] Level 1:colcon.colcon_core.package_identification:_identify(.) by extensions ['ros']
[6.177s] Level 1:colcon.colcon_core.package_identification:_identify(.) by extension 'ros'
[6.311s] Level 1:colcon.colcon_core.package_identification:_identify(.) by extensions ['cmake', 'python']
[6.312s] Level 1:colcon.colcon_core.package_identification:_identify(.) by extension 'cmake'
[6.314s] Level 1:colcon.colcon_core.package_identification:_identify(.) by extension 'python'
[6.316s] Level 1:colcon.colcon_core.package_identification:_identify(.) by extensions ['python_setup_py']
[6.317s] Level 1:colcon.colcon_core.package_identification:_identify(.) by extension 'python_setup_py'
[6.321s] Level 1:colcon.colcon_core.package_identification:_identify(build) by extensions ['ignore', 'ignore_ament_install']
[6.323s] Level 1:colcon.colcon_core.package_identification:_identify(build) by extension 'ignore'
[6.325s] Level 1:colcon.colcon_core.package_identification:_identify(build) ignored
[6.328s] Level 1:colcon.colcon_core.package_identification:_identify(install) by extensions ['ignore', 'ignore_ament_install']
[6.329s] Level 1:colcon.colcon_core.package_identification:_identify(install) by extension 'ignore'
[6.331s] Level 1:colcon.colcon_core.package_identification:_identify(install) ignored
[6.334s] Level 1:colcon.colcon_core.package_identification:_identify(log) by extensions ['ignore', 'ignore_ament_install']
[6.336s] Level 1:colcon.colcon_core.package_identification:_identify(log) by extension 'ignore'
[6.337s] Level 1:colcon.colcon_core.package_identification:_identify(log) ignored
[6.338s] Level 1:colcon.colcon_core.package_identification:_identify(sensor_tests) by extensions ['ignore', 'ignore_ament_install']
[6.340s] Level 1:colcon.colcon_core.package_identification:_identify(sensor_tests) by extension 'ignore'
[6.342s] Level 1:colcon.colcon_core.package_identification:_identify(sensor_tests) by extension 'ignore_ament_install'
[6.344s] Level 1:colcon.colcon_core.package_identification:_identify(sensor_tests) by extensions ['colcon_pkg']
[6.345s] Level 1:colcon.colcon_core.package_identification:_identify(sensor_tests) by extension 'colcon_pkg'
[6.347s] Level 1:colcon.colcon_core.package_identification:_identify(sensor_tests) by extensions ['colcon_meta']
[6.349s] Level 1:colcon.colcon_core.package_identification:_identify(sensor_tests) by extension 'colcon_meta'
[6.351s] Level 1:colcon.colcon_core.package_identification:_identify(sensor_tests) by extensions ['ros']
[6.352s] Level 1:colcon.colcon_core.package_identification:_identify(sensor_tests) by extension 'ros'
[6.355s] Level 1:colcon.colcon_core.package_identification:_identify(sensor_tests) by extensions ['cmake', 'python']
[6.356s] Level 1:colcon.colcon_core.package_identification:_identify(sensor_tests) by extension 'cmake'
[6.357s] Level 1:colcon.colcon_core.package_identification:_identify(sensor_tests) by extension 'python'
[6.358s] Level 1:colcon.colcon_core.package_identification:_identify(sensor_tests) by extensions ['python_setup_py']
[6.359s] Level 1:colcon.colcon_core.package_identification:_identify(sensor_tests) by extension 'python_setup_py'
[6.362s] Level 1:colcon.colcon_core.package_identification:_identify(src) by extensions ['ignore', 'ignore_ament_install']
[6.364s] Level 1:colcon.colcon_core.package_identification:_identify(src) by extension 'ignore'
[6.366s] Level 1:colcon.colcon_core.package_identification:_identify(src) by extension 'ignore_ament_install'
[6.367s] Level 1:colcon.colcon_core.package_identification:_identify(src) by extensions ['colcon_pkg']
[6.368s] Level 1:colcon.colcon_core.package_identification:_identify(src) by extension 'colcon_pkg'
[6.369s] Level 1:colcon.colcon_core.package_identification:_identify(src) by extensions ['colcon_meta']
[6.370s] Level 1:colcon.colcon_core.package_identification:_identify(src) by extension 'colcon_meta'
[6.371s] Level 1:colcon.colcon_core.package_identification:_identify(src) by extensions ['ros']
[6.372s] Level 1:colcon.colcon_core.package_identification:_identify(src) by extension 'ros'
[6.374s] Level 1:colcon.colcon_core.package_identification:_identify(src) by extensions ['cmake', 'python']
[6.375s] Level 1:colcon.colcon_core.package_identification:_identify(src) by extension 'cmake'
[6.376s] Level 1:colcon.colcon_core.package_identification:_identify(src) by extension 'python'
[6.377s] Level 1:colcon.colcon_core.package_identification:_identify(src) by extensions ['python_setup_py']
[6.379s] Level 1:colcon.colcon_core.package_identification:_identify(src) by extension 'python_setup_py'
[6.382s] Level 1:colcon.colcon_core.package_identification:_identify(src/reflex-control-cpp) by extensions ['ignore', 'ignore_ament_install']
[6.385s] Level 1:colcon.colcon_core.package_identification:_identify(src/reflex-control-cpp) by extension 'ignore'
[6.386s] Level 1:colcon.colcon_core.package_identification:_identify(src/reflex-control-cpp) ignored
[6.389s] Level 1:colcon.colcon_core.package_identification:_identify(src/reflex-exo) by extensions ['ignore', 'ignore_ament_install']
[6.391s] Level 1:colcon.colcon_core.package_identification:_identify(src/reflex-exo) by extension 'ignore'
[6.393s] Level 1:colcon.colcon_core.package_identification:_identify(src/reflex-exo) by extension 'ignore_ament_install'
[6.396s] Level 1:colcon.colcon_core.package_identification:_identify(src/reflex-exo) by extensions ['colcon_pkg']
[6.396s] Level 1:colcon.colcon_core.package_identification:_identify(src/reflex-exo) by extension 'colcon_pkg'
[6.397s] Level 1:colcon.colcon_core.package_identification:_identify(src/reflex-exo) by extensions ['colcon_meta']
[6.398s] Level 1:colcon.colcon_core.package_identification:_identify(src/reflex-exo) by extension 'colcon_meta'
[6.399s] Level 1:colcon.colcon_core.package_identification:_identify(src/reflex-exo) by extensions ['ros']
[6.400s] Level 1:colcon.colcon_core.package_identification:_identify(src/reflex-exo) by extension 'ros'
[6.433s] DEBUG:colcon.colcon_core.package_identification:Package 'src/reflex-exo' with type 'ros.ament_cmake' and name 'reflex-exo'
[6.435s] Level 1:colcon.colcon_core.package_identification:_identify(src/reflex_readings_py) by extensions ['ignore', 'ignore_ament_install']
[6.436s] Level 1:colcon.colcon_core.package_identification:_identify(src/reflex_readings_py) by extension 'ignore'
[6.439s] Level 1:colcon.colcon_core.package_identification:_identify(src/reflex_readings_py) ignored
[6.440s] Level 1:colcon.colcon_core.package_discovery:discover_packages(recursive) using defaults
[6.442s] Level 1:colcon.colcon_core.package_discovery:discover_packages(ignore) discover
[6.442s] Level 1:colcon.colcon_core.package_discovery:discover_packages(ignore) using defaults
[6.443s] Level 1:colcon.colcon_core.package_discovery:discover_packages(path) discover
[6.443s] Level 1:colcon.colcon_core.package_discovery:discover_packages(path) using defaults
[8.204s] Level 1:colcon.colcon_core.package_discovery:discover_packages(prefix_path) check parameters
[8.205s] Level 1:colcon.colcon_core.package_discovery:discover_packages(prefix_path) discover
[8.755s] DEBUG:colcon.colcon_installed_package_information.package_discovery:Found 3 installed packages in /home/ubuntu/reflex-therapy/install
[9.048s] DEBUG:colcon.colcon_installed_package_information.package_discovery:Found 270 installed packages in /opt/ros/humble
[9.060s] Level 1:colcon.colcon_core.package_discovery:discover_packages(prefix_path) using defaults
[9.958s] Level 5:colcon.colcon_core.verb:set package 'reflex-exo' build argument 'cmake_args' from command line to 'None'
[9.958s] Level 5:colcon.colcon_core.verb:set package 'reflex-exo' build argument 'cmake_target' from command line to 'None'
[9.959s] Level 5:colcon.colcon_core.verb:set package 'reflex-exo' build argument 'cmake_target_skip_unavailable' from command line to 'False'
[9.959s] Level 5:colcon.colcon_core.verb:set package 'reflex-exo' build argument 'cmake_clean_cache' from command line to 'False'
[9.959s] Level 5:colcon.colcon_core.verb:set package 'reflex-exo' build argument 'cmake_clean_first' from command line to 'False'
[9.959s] Level 5:colcon.colcon_core.verb:set package 'reflex-exo' build argument 'cmake_force_configure' from command line to 'False'
[9.959s] Level 5:colcon.colcon_core.verb:set package 'reflex-exo' build argument 'ament_cmake_args' from command line to 'None'
[9.959s] Level 5:colcon.colcon_core.verb:set package 'reflex-exo' build argument 'catkin_cmake_args' from command line to 'None'
[9.959s] Level 5:colcon.colcon_core.verb:set package 'reflex-exo' build argument 'catkin_skip_building_tests' from command line to 'False'
[9.960s] DEBUG:colcon.colcon_core.verb:Building package 'reflex-exo' with the following arguments: {'ament_cmake_args': None, 'build_base': '/home/ubuntu/reflex-therapy/build/reflex-exo', 'catkin_cmake_args': None, 'catkin_skip_building_tests': False, 'cmake_args': None, 'cmake_clean_cache': False, 'cmake_clean_first': False, 'cmake_force_configure': False, 'cmake_target': None, 'cmake_target_skip_unavailable': False, 'install_base': '/home/ubuntu/reflex-therapy/install/reflex-exo', 'merge_install': False, 'path': '/home/ubuntu/reflex-therapy/src/reflex-exo', 'symlink_install': False, 'test_result_base': None}
[10.086s] INFO:colcon.colcon_core.executor:Executing jobs using 'parallel' executor
[10.422s] DEBUG:colcon.colcon_parallel_executor.executor.parallel:run_until_complete
[10.425s] INFO:colcon.colcon_ros.task.ament_cmake.build:Building ROS package in '/home/ubuntu/reflex-therapy/src/reflex-exo' with build type 'ament_cmake'
[10.427s] INFO:colcon.colcon_cmake.task.cmake.build:Building CMake package in '/home/ubuntu/reflex-therapy/src/reflex-exo'
[10.755s] INFO:colcon.colcon_core.plugin_system:Skipping extension 'colcon_core.shell.bat': Not used on non-Windows systems
[10.758s] INFO:colcon.colcon_core.shell:Skip shell extension 'powershell' for command environment: Not usable outside of PowerShell
[10.759s] DEBUG:colcon.colcon_core.shell:Skip shell extension 'dsv' for command environment
[11.639s] DEBUG:colcon.colcon_core.event_handler.log_command:Invoking command in '/home/ubuntu/reflex-therapy/build/reflex-exo': CMAKE_PREFIX_PATH=${CMAKE_PREFIX_PATH}:/home/ubuntu/reflex-therapy/install/reflex_readings_py:/opt/ros/humble /usr/bin/cmake --build /home/ubuntu/reflex-therapy/build/reflex-exo -- -j4 -l4
