[6.353s] DEBUG:colcon:Command line arguments: ['/usr/bin/colcon', 'build', '--symlink-install']
[6.354s] DEBUG:colcon:Parsed command line arguments: Namespace(log_base=None, log_level=None, verb_name='build', build_base='build', install_base='install', merge_install=False, symlink_install=True, test_result_base=None, continue_on_error=False, executor='parallel', parallel_workers=4, event_handlers=None, ignore_user_meta=False, metas=['./colcon.meta'], base_paths=['.'], packages_ignore=None, packages_ignore_regex=None, paths=None, packages_up_to=None, packages_up_to_regex=None, packages_above=None, packages_above_and_dependencies=None, packages_above_depth=None, packages_select_by_dep=None, packages_skip_by_dep=None, packages_skip_up_to=None, packages_select_build_failed=False, packages_skip_build_finished=False, packages_select_test_failures=False, packages_skip_test_passed=False, packages_select=None, packages_skip=None, packages_select_regex=None, packages_skip_regex=None, packages_start=None, packages_end=None, allow_overriding=[], cmake_args=None, cmake_target=None, cmake_target_skip_unavailable=False, cmake_clean_cache=False, cmake_clean_first=False, cmake_force_configure=False, ament_cmake_args=None, catkin_cmake_args=None, catkin_skip_building_tests=False, verb_parser=<colcon_defaults.argument_parser.defaults.DefaultArgumentsDecorator object at 0xffffbba38280>, verb_extension=<colcon_core.verb.build.BuildVerb object at 0xffffbbcafc70>, main=<bound method BuildVerb.main of <colcon_core.verb.build.BuildVerb object at 0xffffbbcafc70>>)
[6.712s] Level 1:colcon.colcon_core.package_discovery:discover_packages(colcon_meta) check parameters
[6.713s] Level 1:colcon.colcon_core.package_discovery:discover_packages(recursive) check parameters
[6.713s] Level 1:colcon.colcon_core.package_discovery:discover_packages(ignore) check parameters
[6.713s] Level 1:colcon.colcon_core.package_discovery:discover_packages(path) check parameters
[6.713s] Level 1:colcon.colcon_core.package_discovery:discover_packages(colcon_meta) discover
[6.713s] Level 1:colcon.colcon_core.package_discovery:discover_packages(recursive) discover
[6.714s] INFO:colcon.colcon_core.package_discovery:Crawling recursively for packages in '/home/ubuntu/reflex-therapy'
[6.714s] Level 1:colcon.colcon_core.package_identification:_identify(.) by extensions ['ignore', 'ignore_ament_install']
[6.715s] Level 1:colcon.colcon_core.package_identification:_identify(.) by extension 'ignore'
[6.715s] Level 1:colcon.colcon_core.package_identification:_identify(.) by extension 'ignore_ament_install'
[6.715s] Level 1:colcon.colcon_core.package_identification:_identify(.) by extensions ['colcon_pkg']
[6.715s] Level 1:colcon.colcon_core.package_identification:_identify(.) by extension 'colcon_pkg'
[6.716s] Level 1:colcon.colcon_core.package_identification:_identify(.) by extensions ['colcon_meta']
[6.716s] Level 1:colcon.colcon_core.package_identification:_identify(.) by extension 'colcon_meta'
[6.716s] Level 1:colcon.colcon_core.package_identification:_identify(.) by extensions ['ros']
[6.716s] Level 1:colcon.colcon_core.package_identification:_identify(.) by extension 'ros'
[6.812s] Level 1:colcon.colcon_core.package_identification:_identify(.) by extensions ['cmake', 'python']
[6.812s] Level 1:colcon.colcon_core.package_identification:_identify(.) by extension 'cmake'
[6.812s] Level 1:colcon.colcon_core.package_identification:_identify(.) by extension 'python'
[6.813s] Level 1:colcon.colcon_core.package_identification:_identify(.) by extensions ['python_setup_py']
[6.813s] Level 1:colcon.colcon_core.package_identification:_identify(.) by extension 'python_setup_py'
[6.814s] Level 1:colcon.colcon_core.package_identification:_identify(build) by extensions ['ignore', 'ignore_ament_install']
[6.814s] Level 1:colcon.colcon_core.package_identification:_identify(build) by extension 'ignore'
[6.814s] Level 1:colcon.colcon_core.package_identification:_identify(build) ignored
[6.815s] Level 1:colcon.colcon_core.package_identification:_identify(install) by extensions ['ignore', 'ignore_ament_install']
[6.815s] Level 1:colcon.colcon_core.package_identification:_identify(install) by extension 'ignore'
[6.816s] Level 1:colcon.colcon_core.package_identification:_identify(install) ignored
[6.816s] Level 1:colcon.colcon_core.package_identification:_identify(log) by extensions ['ignore', 'ignore_ament_install']
[6.817s] Level 1:colcon.colcon_core.package_identification:_identify(log) by extension 'ignore'
[6.817s] Level 1:colcon.colcon_core.package_identification:_identify(log) ignored
[6.817s] Level 1:colcon.colcon_core.package_identification:_identify(sensor_tests) by extensions ['ignore', 'ignore_ament_install']
[6.818s] Level 1:colcon.colcon_core.package_identification:_identify(sensor_tests) by extension 'ignore'
[6.818s] Level 1:colcon.colcon_core.package_identification:_identify(sensor_tests) by extension 'ignore_ament_install'
[6.818s] Level 1:colcon.colcon_core.package_identification:_identify(sensor_tests) by extensions ['colcon_pkg']
[6.819s] Level 1:colcon.colcon_core.package_identification:_identify(sensor_tests) by extension 'colcon_pkg'
[6.819s] Level 1:colcon.colcon_core.package_identification:_identify(sensor_tests) by extensions ['colcon_meta']
[6.819s] Level 1:colcon.colcon_core.package_identification:_identify(sensor_tests) by extension 'colcon_meta'
[6.819s] Level 1:colcon.colcon_core.package_identification:_identify(sensor_tests) by extensions ['ros']
[6.819s] Level 1:colcon.colcon_core.package_identification:_identify(sensor_tests) by extension 'ros'
[6.820s] Level 1:colcon.colcon_core.package_identification:_identify(sensor_tests) by extensions ['cmake', 'python']
[6.820s] Level 1:colcon.colcon_core.package_identification:_identify(sensor_tests) by extension 'cmake'
[6.820s] Level 1:colcon.colcon_core.package_identification:_identify(sensor_tests) by extension 'python'
[6.821s] Level 1:colcon.colcon_core.package_identification:_identify(sensor_tests) by extensions ['python_setup_py']
[6.821s] Level 1:colcon.colcon_core.package_identification:_identify(sensor_tests) by extension 'python_setup_py'
[6.821s] Level 1:colcon.colcon_core.package_identification:_identify(src) by extensions ['ignore', 'ignore_ament_install']
[6.822s] Level 1:colcon.colcon_core.package_identification:_identify(src) by extension 'ignore'
[6.822s] Level 1:colcon.colcon_core.package_identification:_identify(src) by extension 'ignore_ament_install'
[6.822s] Level 1:colcon.colcon_core.package_identification:_identify(src) by extensions ['colcon_pkg']
[6.822s] Level 1:colcon.colcon_core.package_identification:_identify(src) by extension 'colcon_pkg'
[6.823s] Level 1:colcon.colcon_core.package_identification:_identify(src) by extensions ['colcon_meta']
[6.823s] Level 1:colcon.colcon_core.package_identification:_identify(src) by extension 'colcon_meta'
[6.823s] Level 1:colcon.colcon_core.package_identification:_identify(src) by extensions ['ros']
[6.823s] Level 1:colcon.colcon_core.package_identification:_identify(src) by extension 'ros'
[6.824s] Level 1:colcon.colcon_core.package_identification:_identify(src) by extensions ['cmake', 'python']
[6.824s] Level 1:colcon.colcon_core.package_identification:_identify(src) by extension 'cmake'
[6.824s] Level 1:colcon.colcon_core.package_identification:_identify(src) by extension 'python'
[6.824s] Level 1:colcon.colcon_core.package_identification:_identify(src) by extensions ['python_setup_py']
[6.824s] Level 1:colcon.colcon_core.package_identification:_identify(src) by extension 'python_setup_py'
[6.825s] Level 1:colcon.colcon_core.package_identification:_identify(src/reflex-ros2) by extensions ['ignore', 'ignore_ament_install']
[6.825s] Level 1:colcon.colcon_core.package_identification:_identify(src/reflex-ros2) by extension 'ignore'
[6.826s] Level 1:colcon.colcon_core.package_identification:_identify(src/reflex-ros2) by extension 'ignore_ament_install'
[6.826s] Level 1:colcon.colcon_core.package_identification:_identify(src/reflex-ros2) by extensions ['colcon_pkg']
[6.826s] Level 1:colcon.colcon_core.package_identification:_identify(src/reflex-ros2) by extension 'colcon_pkg'
[6.826s] Level 1:colcon.colcon_core.package_identification:_identify(src/reflex-ros2) by extensions ['colcon_meta']
[6.827s] Level 1:colcon.colcon_core.package_identification:_identify(src/reflex-ros2) by extension 'colcon_meta'
[6.827s] Level 1:colcon.colcon_core.package_identification:_identify(src/reflex-ros2) by extensions ['ros']
[6.827s] Level 1:colcon.colcon_core.package_identification:_identify(src/reflex-ros2) by extension 'ros'
[6.858s] DEBUG:colcon.colcon_core.package_identification:Package 'src/reflex-ros2' with type 'ros.ament_cmake' and name 'reflex-ros2'
[6.859s] Level 1:colcon.colcon_core.package_identification:_identify(src/reflex-therapy) by extensions ['ignore', 'ignore_ament_install']
[6.860s] Level 1:colcon.colcon_core.package_identification:_identify(src/reflex-therapy) by extension 'ignore'
[6.860s] Level 1:colcon.colcon_core.package_identification:_identify(src/reflex-therapy) by extension 'ignore_ament_install'
[6.861s] Level 1:colcon.colcon_core.package_identification:_identify(src/reflex-therapy) by extensions ['colcon_pkg']
[6.861s] Level 1:colcon.colcon_core.package_identification:_identify(src/reflex-therapy) by extension 'colcon_pkg'
[6.861s] Level 1:colcon.colcon_core.package_identification:_identify(src/reflex-therapy) by extensions ['colcon_meta']
[6.861s] Level 1:colcon.colcon_core.package_identification:_identify(src/reflex-therapy) by extension 'colcon_meta'
[6.862s] Level 1:colcon.colcon_core.package_identification:_identify(src/reflex-therapy) by extensions ['ros']
[6.862s] Level 1:colcon.colcon_core.package_identification:_identify(src/reflex-therapy) by extension 'ros'
[6.863s] DEBUG:colcon.colcon_core.package_identification:Failed to parse potential ROS package manifest in'src/reflex-therapy': Error(s) in package 'src/reflex-therapy/package.xml':
The manifest contains invalid XML:
no element found: line 1, column 0
[6.864s] Level 1:colcon.colcon_core.package_identification:_identify(src/reflex-therapy) by extensions ['cmake', 'python']
[6.864s] Level 1:colcon.colcon_core.package_identification:_identify(src/reflex-therapy) by extension 'cmake'
[6.869s] Level 1:colcon.colcon_core.package_identification:_identify(src/reflex-therapy) by extension 'python'
[6.869s] DEBUG:colcon.colcon_core.package_identification:Package 'src/reflex-therapy' with type 'cmake' and name 'reflex-therapy'
[6.869s] Level 1:colcon.colcon_core.package_discovery:discover_packages(recursive) using defaults
[6.870s] Level 1:colcon.colcon_core.package_discovery:discover_packages(ignore) discover
[6.870s] Level 1:colcon.colcon_core.package_discovery:discover_packages(ignore) using defaults
[6.870s] Level 1:colcon.colcon_core.package_discovery:discover_packages(path) discover
[6.870s] Level 1:colcon.colcon_core.package_discovery:discover_packages(path) using defaults
[7.716s] Level 1:colcon.colcon_core.package_discovery:discover_packages(prefix_path) check parameters
[7.717s] Level 1:colcon.colcon_core.package_discovery:discover_packages(prefix_path) discover
[7.894s] DEBUG:colcon.colcon_installed_package_information.package_discovery:Found 270 installed packages in /opt/ros/humble
[7.903s] Level 1:colcon.colcon_core.package_discovery:discover_packages(prefix_path) using defaults
[8.535s] Level 5:colcon.colcon_core.verb:set package 'reflex-ros2' build argument 'cmake_args' from command line to 'None'
[8.535s] Level 5:colcon.colcon_core.verb:set package 'reflex-ros2' build argument 'cmake_target' from command line to 'None'
[8.535s] Level 5:colcon.colcon_core.verb:set package 'reflex-ros2' build argument 'cmake_target_skip_unavailable' from command line to 'False'
[8.535s] Level 5:colcon.colcon_core.verb:set package 'reflex-ros2' build argument 'cmake_clean_cache' from command line to 'False'
[8.535s] Level 5:colcon.colcon_core.verb:set package 'reflex-ros2' build argument 'cmake_clean_first' from command line to 'False'
[8.535s] Level 5:colcon.colcon_core.verb:set package 'reflex-ros2' build argument 'cmake_force_configure' from command line to 'False'
[8.536s] Level 5:colcon.colcon_core.verb:set package 'reflex-ros2' build argument 'ament_cmake_args' from command line to 'None'
[8.536s] Level 5:colcon.colcon_core.verb:set package 'reflex-ros2' build argument 'catkin_cmake_args' from command line to 'None'
[8.536s] Level 5:colcon.colcon_core.verb:set package 'reflex-ros2' build argument 'catkin_skip_building_tests' from command line to 'False'
[8.536s] DEBUG:colcon.colcon_core.verb:Building package 'reflex-ros2' with the following arguments: {'ament_cmake_args': None, 'build_base': '/home/ubuntu/reflex-therapy/build/reflex-ros2', 'catkin_cmake_args': None, 'catkin_skip_building_tests': False, 'cmake_args': None, 'cmake_clean_cache': False, 'cmake_clean_first': False, 'cmake_force_configure': False, 'cmake_target': None, 'cmake_target_skip_unavailable': False, 'install_base': '/home/ubuntu/reflex-therapy/install/reflex-ros2', 'merge_install': False, 'path': '/home/ubuntu/reflex-therapy/src/reflex-ros2', 'symlink_install': True, 'test_result_base': None}
[8.605s] Level 5:colcon.colcon_core.verb:set package 'reflex-therapy' build argument 'cmake_args' from command line to 'None'
[8.606s] Level 5:colcon.colcon_core.verb:set package 'reflex-therapy' build argument 'cmake_target' from command line to 'None'
[8.606s] Level 5:colcon.colcon_core.verb:set package 'reflex-therapy' build argument 'cmake_target_skip_unavailable' from command line to 'False'
[8.606s] Level 5:colcon.colcon_core.verb:set package 'reflex-therapy' build argument 'cmake_clean_cache' from command line to 'False'
[8.606s] Level 5:colcon.colcon_core.verb:set package 'reflex-therapy' build argument 'cmake_clean_first' from command line to 'False'
[8.606s] Level 5:colcon.colcon_core.verb:set package 'reflex-therapy' build argument 'cmake_force_configure' from command line to 'False'
[8.606s] Level 5:colcon.colcon_core.verb:set package 'reflex-therapy' build argument 'ament_cmake_args' from command line to 'None'
[8.607s] Level 5:colcon.colcon_core.verb:set package 'reflex-therapy' build argument 'catkin_cmake_args' from command line to 'None'
[8.607s] Level 5:colcon.colcon_core.verb:set package 'reflex-therapy' build argument 'catkin_skip_building_tests' from command line to 'False'
[8.607s] DEBUG:colcon.colcon_core.verb:Building package 'reflex-therapy' with the following arguments: {'ament_cmake_args': None, 'build_base': '/home/ubuntu/reflex-therapy/build/reflex-therapy', 'catkin_cmake_args': None, 'catkin_skip_building_tests': False, 'cmake_args': None, 'cmake_clean_cache': False, 'cmake_clean_first': False, 'cmake_force_configure': False, 'cmake_target': None, 'cmake_target_skip_unavailable': False, 'install_base': '/home/ubuntu/reflex-therapy/install/reflex-therapy', 'merge_install': False, 'path': '/home/ubuntu/reflex-therapy/src/reflex-therapy', 'symlink_install': True, 'test_result_base': None}
[8.678s] INFO:colcon.colcon_core.executor:Executing jobs using 'parallel' executor
[8.752s] DEBUG:colcon.colcon_parallel_executor.executor.parallel:run_until_complete
[8.753s] INFO:colcon.colcon_ros.task.ament_cmake.build:Building ROS package in '/home/ubuntu/reflex-therapy/src/reflex-ros2' with build type 'ament_cmake'
[8.754s] INFO:colcon.colcon_cmake.task.cmake.build:Building CMake package in '/home/ubuntu/reflex-therapy/src/reflex-ros2'
[8.855s] INFO:colcon.colcon_core.plugin_system:Skipping extension 'colcon_core.shell.bat': Not used on non-Windows systems
[8.857s] INFO:colcon.colcon_core.shell:Skip shell extension 'powershell' for command environment: Not usable outside of PowerShell
[8.857s] DEBUG:colcon.colcon_core.shell:Skip shell extension 'dsv' for command environment
[9.039s] INFO:colcon.colcon_cmake.task.cmake.build:Building CMake package in '/home/ubuntu/reflex-therapy/src/reflex-therapy'
[9.131s] INFO:colcon.colcon_core.shell:Skip shell extension 'powershell' for command environment: Not usable outside of PowerShell
[9.131s] DEBUG:colcon.colcon_core.shell:Skip shell extension 'dsv' for command environment
[9.310s] DEBUG:colcon.colcon_core.event_handler.log_command:Invoking command in '/home/ubuntu/reflex-therapy/build/reflex-ros2': CMAKE_PREFIX_PATH=/opt/ros/humble /usr/bin/cmake /home/ubuntu/reflex-therapy/src/reflex-ros2 -DAMENT_CMAKE_SYMLINK_INSTALL=1 -DCMAKE_INSTALL_PREFIX=/home/ubuntu/reflex-therapy/install/reflex-ros2
[9.347s] DEBUG:colcon.colcon_core.event_handler.log_command:Invoking command in '/home/ubuntu/reflex-therapy/build/reflex-therapy': /usr/bin/cmake /home/ubuntu/reflex-therapy/src/reflex-therapy -DCMAKE_INSTALL_PREFIX=/home/ubuntu/reflex-therapy/install/reflex-therapy
[14.920s] DEBUG:colcon.colcon_core.event_handler.log_command:Invoked command in '/home/ubuntu/reflex-therapy/build/reflex-therapy' returned '0': /usr/bin/cmake /home/ubuntu/reflex-therapy/src/reflex-therapy -DCMAKE_INSTALL_PREFIX=/home/ubuntu/reflex-therapy/install/reflex-therapy
[14.936s] DEBUG:colcon.colcon_core.event_handler.log_command:Invoking command in '/home/ubuntu/reflex-therapy/build/reflex-therapy': /usr/bin/cmake --build /home/ubuntu/reflex-therapy/build/reflex-therapy -- -j4 -l4
[15.104s] DEBUG:colcon.colcon_core.event_handler.log_command:Invoked command in '/home/ubuntu/reflex-therapy/build/reflex-therapy' returned '0': /usr/bin/cmake --build /home/ubuntu/reflex-therapy/build/reflex-therapy -- -j4 -l4
[15.196s] WARNING:colcon.colcon_cmake.task.cmake.build:Could not run installation step for package 'reflex-therapy' because it has no 'install' target
[15.197s] Level 1:colcon.colcon_core.environment:create_environment_scripts_only(reflex-therapy)
[15.441s] Level 1:colcon.colcon_core.environment:checking '/home/ubuntu/reflex-therapy/install/reflex-therapy' for CMake module files
[15.443s] Level 1:colcon.colcon_core.environment:checking '/home/ubuntu/reflex-therapy/install/reflex-therapy' for CMake config files
[15.444s] Level 1:colcon.colcon_core.environment:checking '/home/ubuntu/reflex-therapy/install/reflex-therapy/bin'
[15.445s] Level 1:colcon.colcon_core.environment:checking '/home/ubuntu/reflex-therapy/install/reflex-therapy/lib/pkgconfig/reflex-therapy.pc'
[15.446s] Level 1:colcon.colcon_core.environment:checking '/home/ubuntu/reflex-therapy/install/reflex-therapy/lib/python3.10/site-packages'
[15.447s] Level 1:colcon.colcon_core.environment:checking '/home/ubuntu/reflex-therapy/install/reflex-therapy/bin'
[15.558s] INFO:colcon.colcon_core.shell:Creating package script '/home/ubuntu/reflex-therapy/install/reflex-therapy/share/reflex-therapy/package.ps1'
[15.565s] INFO:colcon.colcon_core.shell:Creating package descriptor '/home/ubuntu/reflex-therapy/install/reflex-therapy/share/reflex-therapy/package.dsv'
[15.569s] INFO:colcon.colcon_core.shell:Creating package script '/home/ubuntu/reflex-therapy/install/reflex-therapy/share/reflex-therapy/package.sh'
[15.573s] INFO:colcon.colcon_core.shell:Creating package script '/home/ubuntu/reflex-therapy/install/reflex-therapy/share/reflex-therapy/package.bash'
[15.579s] INFO:colcon.colcon_core.shell:Creating package script '/home/ubuntu/reflex-therapy/install/reflex-therapy/share/reflex-therapy/package.zsh'
[15.594s] Level 1:colcon.colcon_core.environment:create_file_with_runtime_dependencies(/home/ubuntu/reflex-therapy/install/reflex-therapy/share/colcon-core/packages/reflex-therapy)
[23.763s] DEBUG:colcon.colcon_core.event_handler.log_command:Invoked command in '/home/ubuntu/reflex-therapy/build/reflex-ros2' returned '0': CMAKE_PREFIX_PATH=/opt/ros/humble /usr/bin/cmake /home/ubuntu/reflex-therapy/src/reflex-ros2 -DAMENT_CMAKE_SYMLINK_INSTALL=1 -DCMAKE_INSTALL_PREFIX=/home/ubuntu/reflex-therapy/install/reflex-ros2
[23.767s] DEBUG:colcon.colcon_core.event_handler.log_command:Invoking command in '/home/ubuntu/reflex-therapy/build/reflex-ros2': CMAKE_PREFIX_PATH=/opt/ros/humble /usr/bin/cmake --build /home/ubuntu/reflex-therapy/build/reflex-ros2 -- -j4 -l4
[27.005s] DEBUG:colcon.colcon_core.event_handler.log_command:Invoked command in '/home/ubuntu/reflex-therapy/build/reflex-ros2' returned '2': CMAKE_PREFIX_PATH=/opt/ros/humble /usr/bin/cmake --build /home/ubuntu/reflex-therapy/build/reflex-ros2 -- -j4 -l4
[27.231s] Level 1:colcon.colcon_core.environment:create_environment_scripts_only(reflex-ros2)
[27.303s] Level 1:colcon.colcon_core.environment:checking '/home/ubuntu/reflex-therapy/install/reflex-ros2' for CMake module files
[27.305s] Level 1:colcon.colcon_core.environment:checking '/home/ubuntu/reflex-therapy/install/reflex-ros2' for CMake config files
[27.306s] Level 1:colcon.colcon_core.environment:checking '/home/ubuntu/reflex-therapy/install/reflex-ros2/bin'
[27.307s] Level 1:colcon.colcon_core.environment:checking '/home/ubuntu/reflex-therapy/install/reflex-ros2/lib/pkgconfig/reflex-ros2.pc'
[27.308s] Level 1:colcon.colcon_core.environment:checking '/home/ubuntu/reflex-therapy/install/reflex-ros2/lib/python3.10/site-packages'
[27.309s] Level 1:colcon.colcon_core.environment:checking '/home/ubuntu/reflex-therapy/install/reflex-ros2/bin'
[27.390s] INFO:colcon.colcon_core.shell:Creating package script '/home/ubuntu/reflex-therapy/install/reflex-ros2/share/reflex-ros2/package.ps1'
[27.394s] INFO:colcon.colcon_core.shell:Creating package descriptor '/home/ubuntu/reflex-therapy/install/reflex-ros2/share/reflex-ros2/package.dsv'
[27.396s] INFO:colcon.colcon_core.shell:Creating package script '/home/ubuntu/reflex-therapy/install/reflex-ros2/share/reflex-ros2/package.sh'
[27.398s] INFO:colcon.colcon_core.shell:Creating package script '/home/ubuntu/reflex-therapy/install/reflex-ros2/share/reflex-ros2/package.bash'
[27.400s] INFO:colcon.colcon_core.shell:Creating package script '/home/ubuntu/reflex-therapy/install/reflex-ros2/share/reflex-ros2/package.zsh'
[27.402s] Level 1:colcon.colcon_core.environment:create_file_with_runtime_dependencies(/home/ubuntu/reflex-therapy/install/reflex-ros2/share/colcon-core/packages/reflex-ros2)
[27.414s] DEBUG:colcon.colcon_parallel_executor.executor.parallel:closing loop
[27.415s] DEBUG:colcon.colcon_parallel_executor.executor.parallel:loop closed
[27.416s] DEBUG:colcon.colcon_parallel_executor.executor.parallel:run_until_complete finished with '2'
[27.416s] DEBUG:colcon.colcon_core.event_reactor:joining thread
[27.735s] INFO:colcon.colcon_core.plugin_system:Skipping extension 'colcon_notification.desktop_notification.terminal_notifier': Not used on non-Darwin systems
[27.737s] INFO:colcon.colcon_core.plugin_system:Skipping extension 'colcon_notification.desktop_notification.win32': Not used on non-Windows systems
[27.737s] INFO:colcon.colcon_notification.desktop_notification:Sending desktop notification using 'notify2'
[28.091s] DEBUG:colcon.colcon_core.event_reactor:joined thread
[28.241s] INFO:colcon.colcon_core.shell:Creating prefix script '/home/ubuntu/reflex-therapy/install/local_setup.ps1'
[28.247s] INFO:colcon.colcon_core.shell:Creating prefix util module '/home/ubuntu/reflex-therapy/install/_local_setup_util_ps1.py'
[28.256s] INFO:colcon.colcon_core.shell:Creating prefix chain script '/home/ubuntu/reflex-therapy/install/setup.ps1'
[28.388s] INFO:colcon.colcon_core.shell:Creating prefix script '/home/ubuntu/reflex-therapy/install/local_setup.sh'
[28.394s] INFO:colcon.colcon_core.shell:Creating prefix util module '/home/ubuntu/reflex-therapy/install/_local_setup_util_sh.py'
[28.402s] INFO:colcon.colcon_core.shell:Creating prefix chain script '/home/ubuntu/reflex-therapy/install/setup.sh'
[28.644s] INFO:colcon.colcon_core.shell:Creating prefix script '/home/ubuntu/reflex-therapy/install/local_setup.bash'
[28.660s] INFO:colcon.colcon_core.shell:Creating prefix chain script '/home/ubuntu/reflex-therapy/install/setup.bash'
[28.916s] INFO:colcon.colcon_core.shell:Creating prefix script '/home/ubuntu/reflex-therapy/install/local_setup.zsh'
[28.925s] INFO:colcon.colcon_core.shell:Creating prefix chain script '/home/ubuntu/reflex-therapy/install/setup.zsh'
