[5.200s] DEBUG:colcon:Command line arguments: ['/usr/bin/colcon', 'build', '--symlink-install']
[5.201s] DEBUG:colcon:Parsed command line arguments: Namespace(log_base=None, log_level=None, verb_name='build', build_base='build', install_base='install', merge_install=False, symlink_install=True, test_result_base=None, continue_on_error=False, executor='parallel', parallel_workers=4, event_handlers=None, ignore_user_meta=False, metas=['./colcon.meta'], base_paths=['.'], packages_ignore=None, packages_ignore_regex=None, paths=None, packages_up_to=None, packages_up_to_regex=None, packages_above=None, packages_above_and_dependencies=None, packages_above_depth=None, packages_select_by_dep=None, packages_skip_by_dep=None, packages_skip_up_to=None, packages_select_build_failed=False, packages_skip_build_finished=False, packages_select_test_failures=False, packages_skip_test_passed=False, packages_select=None, packages_skip=None, packages_select_regex=None, packages_skip_regex=None, packages_start=None, packages_end=None, allow_overriding=[], cmake_args=None, cmake_target=None, cmake_target_skip_unavailable=False, cmake_clean_cache=False, cmake_clean_first=False, cmake_force_configure=False, ament_cmake_args=None, catkin_cmake_args=None, catkin_skip_building_tests=False, verb_parser=<colcon_defaults.argument_parser.defaults.DefaultArgumentsDecorator object at 0xffffa6724280>, verb_extension=<colcon_core.verb.build.BuildVerb object at 0xffffa699e830>, main=<bound method BuildVerb.main of <colcon_core.verb.build.BuildVerb object at 0xffffa699e830>>)
[5.493s] Level 1:colcon.colcon_core.package_discovery:discover_packages(colcon_meta) check parameters
[5.493s] Level 1:colcon.colcon_core.package_discovery:discover_packages(recursive) check parameters
[5.494s] Level 1:colcon.colcon_core.package_discovery:discover_packages(ignore) check parameters
[5.494s] Level 1:colcon.colcon_core.package_discovery:discover_packages(path) check parameters
[5.494s] Level 1:colcon.colcon_core.package_discovery:discover_packages(colcon_meta) discover
[5.494s] Level 1:colcon.colcon_core.package_discovery:discover_packages(recursive) discover
[5.494s] INFO:colcon.colcon_core.package_discovery:Crawling recursively for packages in '/home/ubuntu/reflex-therapy'
[5.495s] Level 1:colcon.colcon_core.package_identification:_identify(.) by extensions ['ignore', 'ignore_ament_install']
[5.495s] Level 1:colcon.colcon_core.package_identification:_identify(.) by extension 'ignore'
[5.495s] Level 1:colcon.colcon_core.package_identification:_identify(.) by extension 'ignore_ament_install'
[5.496s] Level 1:colcon.colcon_core.package_identification:_identify(.) by extensions ['colcon_pkg']
[5.496s] Level 1:colcon.colcon_core.package_identification:_identify(.) by extension 'colcon_pkg'
[5.496s] Level 1:colcon.colcon_core.package_identification:_identify(.) by extensions ['colcon_meta']
[5.496s] Level 1:colcon.colcon_core.package_identification:_identify(.) by extension 'colcon_meta'
[5.496s] Level 1:colcon.colcon_core.package_identification:_identify(.) by extensions ['ros']
[5.496s] Level 1:colcon.colcon_core.package_identification:_identify(.) by extension 'ros'
[5.559s] Level 1:colcon.colcon_core.package_identification:_identify(.) by extensions ['cmake', 'python']
[5.560s] Level 1:colcon.colcon_core.package_identification:_identify(.) by extension 'cmake'
[5.560s] Level 1:colcon.colcon_core.package_identification:_identify(.) by extension 'python'
[5.560s] Level 1:colcon.colcon_core.package_identification:_identify(.) by extensions ['python_setup_py']
[5.560s] Level 1:colcon.colcon_core.package_identification:_identify(.) by extension 'python_setup_py'
[5.561s] Level 1:colcon.colcon_core.package_identification:_identify(build) by extensions ['ignore', 'ignore_ament_install']
[5.561s] Level 1:colcon.colcon_core.package_identification:_identify(build) by extension 'ignore'
[5.561s] Level 1:colcon.colcon_core.package_identification:_identify(build) ignored
[5.562s] Level 1:colcon.colcon_core.package_identification:_identify(install) by extensions ['ignore', 'ignore_ament_install']
[5.562s] Level 1:colcon.colcon_core.package_identification:_identify(install) by extension 'ignore'
[5.563s] Level 1:colcon.colcon_core.package_identification:_identify(install) ignored
[5.563s] Level 1:colcon.colcon_core.package_identification:_identify(log) by extensions ['ignore', 'ignore_ament_install']
[5.563s] Level 1:colcon.colcon_core.package_identification:_identify(log) by extension 'ignore'
[5.564s] Level 1:colcon.colcon_core.package_identification:_identify(log) ignored
[5.564s] Level 1:colcon.colcon_core.package_identification:_identify(sensor_tests) by extensions ['ignore', 'ignore_ament_install']
[5.564s] Level 1:colcon.colcon_core.package_identification:_identify(sensor_tests) by extension 'ignore'
[5.565s] Level 1:colcon.colcon_core.package_identification:_identify(sensor_tests) by extension 'ignore_ament_install'
[5.565s] Level 1:colcon.colcon_core.package_identification:_identify(sensor_tests) by extensions ['colcon_pkg']
[5.565s] Level 1:colcon.colcon_core.package_identification:_identify(sensor_tests) by extension 'colcon_pkg'
[5.565s] Level 1:colcon.colcon_core.package_identification:_identify(sensor_tests) by extensions ['colcon_meta']
[5.565s] Level 1:colcon.colcon_core.package_identification:_identify(sensor_tests) by extension 'colcon_meta'
[5.565s] Level 1:colcon.colcon_core.package_identification:_identify(sensor_tests) by extensions ['ros']
[5.566s] Level 1:colcon.colcon_core.package_identification:_identify(sensor_tests) by extension 'ros'
[5.566s] Level 1:colcon.colcon_core.package_identification:_identify(sensor_tests) by extensions ['cmake', 'python']
[5.566s] Level 1:colcon.colcon_core.package_identification:_identify(sensor_tests) by extension 'cmake'
[5.566s] Level 1:colcon.colcon_core.package_identification:_identify(sensor_tests) by extension 'python'
[5.566s] Level 1:colcon.colcon_core.package_identification:_identify(sensor_tests) by extensions ['python_setup_py']
[5.567s] Level 1:colcon.colcon_core.package_identification:_identify(sensor_tests) by extension 'python_setup_py'
[5.567s] Level 1:colcon.colcon_core.package_identification:_identify(src) by extensions ['ignore', 'ignore_ament_install']
[5.567s] Level 1:colcon.colcon_core.package_identification:_identify(src) by extension 'ignore'
[5.568s] Level 1:colcon.colcon_core.package_identification:_identify(src) by extension 'ignore_ament_install'
[5.568s] Level 1:colcon.colcon_core.package_identification:_identify(src) by extensions ['colcon_pkg']
[5.568s] Level 1:colcon.colcon_core.package_identification:_identify(src) by extension 'colcon_pkg'
[5.568s] Level 1:colcon.colcon_core.package_identification:_identify(src) by extensions ['colcon_meta']
[5.568s] Level 1:colcon.colcon_core.package_identification:_identify(src) by extension 'colcon_meta'
[5.569s] Level 1:colcon.colcon_core.package_identification:_identify(src) by extensions ['ros']
[5.569s] Level 1:colcon.colcon_core.package_identification:_identify(src) by extension 'ros'
[5.569s] Level 1:colcon.colcon_core.package_identification:_identify(src) by extensions ['cmake', 'python']
[5.569s] Level 1:colcon.colcon_core.package_identification:_identify(src) by extension 'cmake'
[5.569s] Level 1:colcon.colcon_core.package_identification:_identify(src) by extension 'python'
[5.570s] Level 1:colcon.colcon_core.package_identification:_identify(src) by extensions ['python_setup_py']
[5.570s] Level 1:colcon.colcon_core.package_identification:_identify(src) by extension 'python_setup_py'
[5.570s] Level 1:colcon.colcon_core.package_discovery:discover_packages(recursive) using defaults
[5.570s] Level 1:colcon.colcon_core.package_discovery:discover_packages(ignore) discover
[5.570s] Level 1:colcon.colcon_core.package_discovery:discover_packages(ignore) using defaults
[5.570s] Level 1:colcon.colcon_core.package_discovery:discover_packages(path) discover
[5.570s] Level 1:colcon.colcon_core.package_discovery:discover_packages(path) using defaults
[6.259s] Level 1:colcon.colcon_core.package_discovery:discover_packages(prefix_path) check parameters
[6.259s] Level 1:colcon.colcon_core.package_discovery:discover_packages(prefix_path) discover
[6.425s] DEBUG:colcon.colcon_installed_package_information.package_discovery:Found 270 installed packages in /opt/ros/humble
[6.436s] Level 1:colcon.colcon_core.package_discovery:discover_packages(prefix_path) using defaults
[7.365s] INFO:colcon.colcon_core.executor:Executing jobs using 'parallel' executor
[7.440s] DEBUG:colcon.colcon_parallel_executor.executor.parallel:run_until_complete
[7.441s] DEBUG:colcon.colcon_parallel_executor.executor.parallel:closing loop
[7.441s] DEBUG:colcon.colcon_parallel_executor.executor.parallel:loop closed
[7.441s] DEBUG:colcon.colcon_parallel_executor.executor.parallel:run_until_complete finished with '0'
[7.442s] DEBUG:colcon.colcon_core.event_reactor:joining thread
[7.543s] INFO:colcon.colcon_core.plugin_system:Skipping extension 'colcon_notification.desktop_notification.terminal_notifier': Not used on non-Darwin systems
[7.544s] INFO:colcon.colcon_core.plugin_system:Skipping extension 'colcon_notification.desktop_notification.win32': Not used on non-Windows systems
[7.544s] INFO:colcon.colcon_notification.desktop_notification:Sending desktop notification using 'notify2'
[7.605s] DEBUG:colcon.colcon_core.event_reactor:joined thread
[7.730s] INFO:colcon.colcon_core.plugin_system:Skipping extension 'colcon_core.shell.bat': Not used on non-Windows systems
[7.731s] INFO:colcon.colcon_core.shell:Creating prefix script '/home/ubuntu/reflex-therapy/install/local_setup.ps1'
[7.736s] INFO:colcon.colcon_core.shell:Creating prefix util module '/home/ubuntu/reflex-therapy/install/_local_setup_util_ps1.py'
[7.745s] INFO:colcon.colcon_core.shell:Creating prefix chain script '/home/ubuntu/reflex-therapy/install/setup.ps1'
[7.833s] INFO:colcon.colcon_core.shell:Creating prefix script '/home/ubuntu/reflex-therapy/install/local_setup.sh'
[7.835s] INFO:colcon.colcon_core.shell:Creating prefix util module '/home/ubuntu/reflex-therapy/install/_local_setup_util_sh.py'
[7.837s] INFO:colcon.colcon_core.shell:Creating prefix chain script '/home/ubuntu/reflex-therapy/install/setup.sh'
[7.913s] INFO:colcon.colcon_core.shell:Creating prefix script '/home/ubuntu/reflex-therapy/install/local_setup.bash'
[7.915s] INFO:colcon.colcon_core.shell:Creating prefix chain script '/home/ubuntu/reflex-therapy/install/setup.bash'
[7.991s] INFO:colcon.colcon_core.shell:Creating prefix script '/home/ubuntu/reflex-therapy/install/local_setup.zsh'
[7.993s] INFO:colcon.colcon_core.shell:Creating prefix chain script '/home/ubuntu/reflex-therapy/install/setup.zsh'
