[0.398s] Invoking command in '/home/ubuntu/reflex-therapy/build/reflex-exo': CMAKE_PREFIX_PATH=${CMAKE_PREFIX_PATH}:/home/ubuntu/reflex-therapy/install/reflex_readings_py:/opt/ros/humble /usr/bin/cmake --build /home/ubuntu/reflex-therapy/build/reflex-exo -- -j4 -l4
[1.150s] [100%] Built target control_node
[1.201s] Invoked command in '/home/ubuntu/reflex-therapy/build/reflex-exo' returned '0': CMAKE_PREFIX_PATH=${CMAKE_PREFIX_PATH}:/home/ubuntu/reflex-therapy/install/reflex_readings_py:/opt/ros/humble /usr/bin/cmake --build /home/ubuntu/reflex-therapy/build/reflex-exo -- -j4 -l4
[1.390s] Invoking command in '/home/ubuntu/reflex-therapy/build/reflex-exo': CMAKE_PREFIX_PATH=${CMAKE_PREFIX_PATH}:/home/ubuntu/reflex-therapy/install/reflex_readings_py:/opt/ros/humble /usr/bin/cmake --install /home/ubuntu/reflex-therapy/build/reflex-exo
[1.425s] -- Install configuration: ""
[1.430s] -- Up-to-date: /home/ubuntu/reflex-therapy/install/reflex-exo/lib/reflex-exo/control_node
[1.432s] -- Installing: /home/ubuntu/reflex-therapy/install/reflex-exo/lib/reflex-exo/sensor_node.py
[1.435s] -- Up-to-date: /home/ubuntu/reflex-therapy/install/reflex-exo/share/ament_index/resource_index/package_run_dependencies/reflex-exo
[1.436s] -- Up-to-date: /home/ubuntu/reflex-therapy/install/reflex-exo/share/ament_index/resource_index/parent_prefix_path/reflex-exo
[1.437s] -- Up-to-date: /home/ubuntu/reflex-therapy/install/reflex-exo/share/reflex-exo/environment/ament_prefix_path.sh
[1.439s] -- Up-to-date: /home/ubuntu/reflex-therapy/install/reflex-exo/share/reflex-exo/environment/ament_prefix_path.dsv
[1.441s] -- Up-to-date: /home/ubuntu/reflex-therapy/install/reflex-exo/share/reflex-exo/environment/path.sh
[1.442s] -- Up-to-date: /home/ubuntu/reflex-therapy/install/reflex-exo/share/reflex-exo/environment/path.dsv
[1.443s] -- Up-to-date: /home/ubuntu/reflex-therapy/install/reflex-exo/share/reflex-exo/local_setup.bash
[1.445s] -- Up-to-date: /home/ubuntu/reflex-therapy/install/reflex-exo/share/reflex-exo/local_setup.sh
[1.445s] -- Up-to-date: /home/ubuntu/reflex-therapy/install/reflex-exo/share/reflex-exo/local_setup.zsh
[1.446s] -- Up-to-date: /home/ubuntu/reflex-therapy/install/reflex-exo/share/reflex-exo/local_setup.dsv
[1.447s] -- Installing: /home/ubuntu/reflex-therapy/install/reflex-exo/share/reflex-exo/package.dsv
[1.447s] -- Up-to-date: /home/ubuntu/reflex-therapy/install/reflex-exo/share/ament_index/resource_index/packages/reflex-exo
[1.448s] -- Up-to-date: /home/ubuntu/reflex-therapy/install/reflex-exo/share/reflex-exo/cmake/reflex-exoConfig.cmake
[1.449s] -- Up-to-date: /home/ubuntu/reflex-therapy/install/reflex-exo/share/reflex-exo/cmake/reflex-exoConfig-version.cmake
[1.449s] -- Up-to-date: /home/ubuntu/reflex-therapy/install/reflex-exo/share/reflex-exo/package.xml
[1.462s] Invoked command in '/home/ubuntu/reflex-therapy/build/reflex-exo' returned '0': CMAKE_PREFIX_PATH=${CMAKE_PREFIX_PATH}:/home/ubuntu/reflex-therapy/install/reflex_readings_py:/opt/ros/humble /usr/bin/cmake --install /home/ubuntu/reflex-therapy/build/reflex-exo
