[5.620s] DEBUG:colcon:Command line arguments: ['/usr/bin/colcon', 'build']
[5.621s] DEBUG:colcon:Parsed command line arguments: Namespace(log_base=None, log_level=None, verb_name='build', build_base='build', install_base='install', merge_install=False, symlink_install=False, test_result_base=None, continue_on_error=False, executor='parallel', parallel_workers=4, event_handlers=None, ignore_user_meta=False, metas=['./colcon.meta'], base_paths=['.'], packages_ignore=None, packages_ignore_regex=None, paths=None, packages_up_to=None, packages_up_to_regex=None, packages_above=None, packages_above_and_dependencies=None, packages_above_depth=None, packages_select_by_dep=None, packages_skip_by_dep=None, packages_skip_up_to=None, packages_select_build_failed=False, packages_skip_build_finished=False, packages_select_test_failures=False, packages_skip_test_passed=False, packages_select=None, packages_skip=None, packages_select_regex=None, packages_skip_regex=None, packages_start=None, packages_end=None, allow_overriding=[], cmake_args=None, cmake_target=None, cmake_target_skip_unavailable=False, cmake_clean_cache=False, cmake_clean_first=False, cmake_force_configure=False, ament_cmake_args=None, catkin_cmake_args=None, catkin_skip_building_tests=False, verb_parser=<colcon_defaults.argument_parser.defaults.DefaultArgumentsDecorator object at 0xffff7ff0f9a0>, verb_extension=<colcon_core.verb.build.BuildVerb object at 0xffff80231a80>, main=<bound method BuildVerb.main of <colcon_core.verb.build.BuildVerb object at 0xffff80231a80>>)
[5.989s] Level 1:colcon.colcon_core.package_discovery:discover_packages(colcon_meta) check parameters
[5.990s] Level 1:colcon.colcon_core.package_discovery:discover_packages(recursive) check parameters
[5.990s] Level 1:colcon.colcon_core.package_discovery:discover_packages(ignore) check parameters
[5.990s] Level 1:colcon.colcon_core.package_discovery:discover_packages(path) check parameters
[5.990s] Level 1:colcon.colcon_core.package_discovery:discover_packages(colcon_meta) discover
[5.990s] Level 1:colcon.colcon_core.package_discovery:discover_packages(recursive) discover
[5.991s] INFO:colcon.colcon_core.package_discovery:Crawling recursively for packages in '/home/ubuntu/reflex-therapy'
[5.991s] Level 1:colcon.colcon_core.package_identification:_identify(.) by extensions ['ignore', 'ignore_ament_install']
[5.992s] Level 1:colcon.colcon_core.package_identification:_identify(.) by extension 'ignore'
[5.992s] Level 1:colcon.colcon_core.package_identification:_identify(.) by extension 'ignore_ament_install'
[5.992s] Level 1:colcon.colcon_core.package_identification:_identify(.) by extensions ['colcon_pkg']
[5.992s] Level 1:colcon.colcon_core.package_identification:_identify(.) by extension 'colcon_pkg'
[5.993s] Level 1:colcon.colcon_core.package_identification:_identify(.) by extensions ['colcon_meta']
[5.993s] Level 1:colcon.colcon_core.package_identification:_identify(.) by extension 'colcon_meta'
[5.993s] Level 1:colcon.colcon_core.package_identification:_identify(.) by extensions ['ros']
[5.993s] Level 1:colcon.colcon_core.package_identification:_identify(.) by extension 'ros'
[6.069s] Level 1:colcon.colcon_core.package_identification:_identify(.) by extensions ['cmake', 'python']
[6.070s] Level 1:colcon.colcon_core.package_identification:_identify(.) by extension 'cmake'
[6.070s] Level 1:colcon.colcon_core.package_identification:_identify(.) by extension 'python'
[6.070s] Level 1:colcon.colcon_core.package_identification:_identify(.) by extensions ['python_setup_py']
[6.070s] Level 1:colcon.colcon_core.package_identification:_identify(.) by extension 'python_setup_py'
[6.071s] Level 1:colcon.colcon_core.package_identification:_identify(build) by extensions ['ignore', 'ignore_ament_install']
[6.071s] Level 1:colcon.colcon_core.package_identification:_identify(build) by extension 'ignore'
[6.072s] Level 1:colcon.colcon_core.package_identification:_identify(build) ignored
[6.072s] Level 1:colcon.colcon_core.package_identification:_identify(install) by extensions ['ignore', 'ignore_ament_install']
[6.073s] Level 1:colcon.colcon_core.package_identification:_identify(install) by extension 'ignore'
[6.073s] Level 1:colcon.colcon_core.package_identification:_identify(install) ignored
[6.074s] Level 1:colcon.colcon_core.package_identification:_identify(log) by extensions ['ignore', 'ignore_ament_install']
[6.075s] Level 1:colcon.colcon_core.package_identification:_identify(log) by extension 'ignore'
[6.075s] Level 1:colcon.colcon_core.package_identification:_identify(log) ignored
[6.075s] Level 1:colcon.colcon_core.package_identification:_identify(sensor_tests) by extensions ['ignore', 'ignore_ament_install']
[6.076s] Level 1:colcon.colcon_core.package_identification:_identify(sensor_tests) by extension 'ignore'
[6.076s] Level 1:colcon.colcon_core.package_identification:_identify(sensor_tests) by extension 'ignore_ament_install'
[6.076s] Level 1:colcon.colcon_core.package_identification:_identify(sensor_tests) by extensions ['colcon_pkg']
[6.076s] Level 1:colcon.colcon_core.package_identification:_identify(sensor_tests) by extension 'colcon_pkg'
[6.077s] Level 1:colcon.colcon_core.package_identification:_identify(sensor_tests) by extensions ['colcon_meta']
[6.077s] Level 1:colcon.colcon_core.package_identification:_identify(sensor_tests) by extension 'colcon_meta'
[6.077s] Level 1:colcon.colcon_core.package_identification:_identify(sensor_tests) by extensions ['ros']
[6.077s] Level 1:colcon.colcon_core.package_identification:_identify(sensor_tests) by extension 'ros'
[6.078s] Level 1:colcon.colcon_core.package_identification:_identify(sensor_tests) by extensions ['cmake', 'python']
[6.078s] Level 1:colcon.colcon_core.package_identification:_identify(sensor_tests) by extension 'cmake'
[6.078s] Level 1:colcon.colcon_core.package_identification:_identify(sensor_tests) by extension 'python'
[6.078s] Level 1:colcon.colcon_core.package_identification:_identify(sensor_tests) by extensions ['python_setup_py']
[6.079s] Level 1:colcon.colcon_core.package_identification:_identify(sensor_tests) by extension 'python_setup_py'
[6.079s] Level 1:colcon.colcon_core.package_identification:_identify(src) by extensions ['ignore', 'ignore_ament_install']
[6.079s] Level 1:colcon.colcon_core.package_identification:_identify(src) by extension 'ignore'
[6.080s] Level 1:colcon.colcon_core.package_identification:_identify(src) by extension 'ignore_ament_install'
[6.080s] Level 1:colcon.colcon_core.package_identification:_identify(src) by extensions ['colcon_pkg']
[6.080s] Level 1:colcon.colcon_core.package_identification:_identify(src) by extension 'colcon_pkg'
[6.080s] Level 1:colcon.colcon_core.package_identification:_identify(src) by extensions ['colcon_meta']
[6.081s] Level 1:colcon.colcon_core.package_identification:_identify(src) by extension 'colcon_meta'
[6.081s] Level 1:colcon.colcon_core.package_identification:_identify(src) by extensions ['ros']
[6.081s] Level 1:colcon.colcon_core.package_identification:_identify(src) by extension 'ros'
[6.081s] Level 1:colcon.colcon_core.package_identification:_identify(src) by extensions ['cmake', 'python']
[6.082s] Level 1:colcon.colcon_core.package_identification:_identify(src) by extension 'cmake'
[6.082s] Level 1:colcon.colcon_core.package_identification:_identify(src) by extension 'python'
[6.082s] Level 1:colcon.colcon_core.package_identification:_identify(src) by extensions ['python_setup_py']
[6.082s] Level 1:colcon.colcon_core.package_identification:_identify(src) by extension 'python_setup_py'
[6.083s] Level 1:colcon.colcon_core.package_identification:_identify(src/reflex-control-cpp) by extensions ['ignore', 'ignore_ament_install']
[6.083s] Level 1:colcon.colcon_core.package_identification:_identify(src/reflex-control-cpp) by extension 'ignore'
[6.084s] Level 1:colcon.colcon_core.package_identification:_identify(src/reflex-control-cpp) ignored
[6.084s] Level 1:colcon.colcon_core.package_identification:_identify(src/reflex-exo) by extensions ['ignore', 'ignore_ament_install']
[6.085s] Level 1:colcon.colcon_core.package_identification:_identify(src/reflex-exo) by extension 'ignore'
[6.085s] Level 1:colcon.colcon_core.package_identification:_identify(src/reflex-exo) by extension 'ignore_ament_install'
[6.085s] Level 1:colcon.colcon_core.package_identification:_identify(src/reflex-exo) by extensions ['colcon_pkg']
[6.085s] Level 1:colcon.colcon_core.package_identification:_identify(src/reflex-exo) by extension 'colcon_pkg'
[6.086s] Level 1:colcon.colcon_core.package_identification:_identify(src/reflex-exo) by extensions ['colcon_meta']
[6.086s] Level 1:colcon.colcon_core.package_identification:_identify(src/reflex-exo) by extension 'colcon_meta'
[6.086s] Level 1:colcon.colcon_core.package_identification:_identify(src/reflex-exo) by extensions ['ros']
[6.086s] Level 1:colcon.colcon_core.package_identification:_identify(src/reflex-exo) by extension 'ros'
[6.104s] DEBUG:colcon.colcon_core.package_identification:Package 'src/reflex-exo' with type 'ros.ament_cmake' and name 'reflex-exo'
[6.105s] Level 1:colcon.colcon_core.package_identification:_identify(src/reflex_readings_py) by extensions ['ignore', 'ignore_ament_install']
[6.105s] Level 1:colcon.colcon_core.package_identification:_identify(src/reflex_readings_py) by extension 'ignore'
[6.105s] Level 1:colcon.colcon_core.package_identification:_identify(src/reflex_readings_py) ignored
[6.106s] Level 1:colcon.colcon_core.package_discovery:discover_packages(recursive) using defaults
[6.106s] Level 1:colcon.colcon_core.package_discovery:discover_packages(ignore) discover
[6.106s] Level 1:colcon.colcon_core.package_discovery:discover_packages(ignore) using defaults
[6.106s] Level 1:colcon.colcon_core.package_discovery:discover_packages(path) discover
[6.107s] Level 1:colcon.colcon_core.package_discovery:discover_packages(path) using defaults
[6.751s] Level 1:colcon.colcon_core.package_discovery:discover_packages(prefix_path) check parameters
[6.752s] Level 1:colcon.colcon_core.package_discovery:discover_packages(prefix_path) discover
[6.915s] DEBUG:colcon.colcon_installed_package_information.package_discovery:Found 3 installed packages in /home/ubuntu/reflex-therapy/install
[7.002s] DEBUG:colcon.colcon_installed_package_information.package_discovery:Found 270 installed packages in /opt/ros/humble
[7.010s] Level 1:colcon.colcon_core.package_discovery:discover_packages(prefix_path) using defaults
[7.636s] Level 5:colcon.colcon_core.verb:set package 'reflex-exo' build argument 'cmake_args' from command line to 'None'
[7.636s] Level 5:colcon.colcon_core.verb:set package 'reflex-exo' build argument 'cmake_target' from command line to 'None'
[7.636s] Level 5:colcon.colcon_core.verb:set package 'reflex-exo' build argument 'cmake_target_skip_unavailable' from command line to 'False'
[7.636s] Level 5:colcon.colcon_core.verb:set package 'reflex-exo' build argument 'cmake_clean_cache' from command line to 'False'
[7.636s] Level 5:colcon.colcon_core.verb:set package 'reflex-exo' build argument 'cmake_clean_first' from command line to 'False'
[7.636s] Level 5:colcon.colcon_core.verb:set package 'reflex-exo' build argument 'cmake_force_configure' from command line to 'False'
[7.637s] Level 5:colcon.colcon_core.verb:set package 'reflex-exo' build argument 'ament_cmake_args' from command line to 'None'
[7.637s] Level 5:colcon.colcon_core.verb:set package 'reflex-exo' build argument 'catkin_cmake_args' from command line to 'None'
[7.637s] Level 5:colcon.colcon_core.verb:set package 'reflex-exo' build argument 'catkin_skip_building_tests' from command line to 'False'
[7.637s] DEBUG:colcon.colcon_core.verb:Building package 'reflex-exo' with the following arguments: {'ament_cmake_args': None, 'build_base': '/home/ubuntu/reflex-therapy/build/reflex-exo', 'catkin_cmake_args': None, 'catkin_skip_building_tests': False, 'cmake_args': None, 'cmake_clean_cache': False, 'cmake_clean_first': False, 'cmake_force_configure': False, 'cmake_target': None, 'cmake_target_skip_unavailable': False, 'install_base': '/home/ubuntu/reflex-therapy/install/reflex-exo', 'merge_install': False, 'path': '/home/ubuntu/reflex-therapy/src/reflex-exo', 'symlink_install': False, 'test_result_base': None}
[7.706s] INFO:colcon.colcon_core.executor:Executing jobs using 'parallel' executor
[7.782s] DEBUG:colcon.colcon_parallel_executor.executor.parallel:run_until_complete
[7.783s] INFO:colcon.colcon_ros.task.ament_cmake.build:Building ROS package in '/home/ubuntu/reflex-therapy/src/reflex-exo' with build type 'ament_cmake'
[7.783s] INFO:colcon.colcon_cmake.task.cmake.build:Building CMake package in '/home/ubuntu/reflex-therapy/src/reflex-exo'
[7.887s] INFO:colcon.colcon_core.plugin_system:Skipping extension 'colcon_core.shell.bat': Not used on non-Windows systems
[7.888s] INFO:colcon.colcon_core.shell:Skip shell extension 'powershell' for command environment: Not usable outside of PowerShell
[7.888s] DEBUG:colcon.colcon_core.shell:Skip shell extension 'dsv' for command environment
[8.190s] DEBUG:colcon.colcon_core.event_handler.log_command:Invoking command in '/home/ubuntu/reflex-therapy/build/reflex-exo': CMAKE_PREFIX_PATH=${CMAKE_PREFIX_PATH}:/home/ubuntu/reflex-therapy/install/reflex_readings_py:/opt/ros/humble /usr/bin/cmake --build /home/ubuntu/reflex-therapy/build/reflex-exo -- -j4 -l4
[8.861s] DEBUG:colcon.colcon_core.event_handler.log_command:Invoked command in '/home/ubuntu/reflex-therapy/build/reflex-exo' returned '0': CMAKE_PREFIX_PATH=${CMAKE_PREFIX_PATH}:/home/ubuntu/reflex-therapy/install/reflex_readings_py:/opt/ros/humble /usr/bin/cmake --build /home/ubuntu/reflex-therapy/build/reflex-exo -- -j4 -l4
[9.056s] DEBUG:colcon.colcon_core.event_handler.log_command:Invoking command in '/home/ubuntu/reflex-therapy/build/reflex-exo': CMAKE_PREFIX_PATH=${CMAKE_PREFIX_PATH}:/home/ubuntu/reflex-therapy/install/reflex_readings_py:/opt/ros/humble /usr/bin/cmake --install /home/ubuntu/reflex-therapy/build/reflex-exo
[9.117s] Level 1:colcon.colcon_core.environment:create_environment_scripts_only(reflex-exo)
[9.119s] DEBUG:colcon.colcon_core.event_handler.log_command:Invoked command in '/home/ubuntu/reflex-therapy/build/reflex-exo' returned '0': CMAKE_PREFIX_PATH=${CMAKE_PREFIX_PATH}:/home/ubuntu/reflex-therapy/install/reflex_readings_py:/opt/ros/humble /usr/bin/cmake --install /home/ubuntu/reflex-therapy/build/reflex-exo
[9.215s] Level 1:colcon.colcon_core.environment:checking '/home/ubuntu/reflex-therapy/install/reflex-exo' for CMake module files
[9.218s] Level 1:colcon.colcon_core.environment:checking '/home/ubuntu/reflex-therapy/install/reflex-exo' for CMake config files
[9.221s] Level 1:colcon.colcon_core.shell:create_environment_hook('reflex-exo', 'cmake_prefix_path')
[9.302s] INFO:colcon.colcon_core.shell:Creating environment hook '/home/ubuntu/reflex-therapy/install/reflex-exo/share/reflex-exo/hook/cmake_prefix_path.ps1'
[9.305s] INFO:colcon.colcon_core.shell:Creating environment descriptor '/home/ubuntu/reflex-therapy/install/reflex-exo/share/reflex-exo/hook/cmake_prefix_path.dsv'
[9.308s] INFO:colcon.colcon_core.shell:Creating environment hook '/home/ubuntu/reflex-therapy/install/reflex-exo/share/reflex-exo/hook/cmake_prefix_path.sh'
[9.312s] Level 1:colcon.colcon_core.environment:checking '/home/ubuntu/reflex-therapy/install/reflex-exo/lib'
[9.313s] Level 1:colcon.colcon_core.environment:checking '/home/ubuntu/reflex-therapy/install/reflex-exo/bin'
[9.314s] Level 1:colcon.colcon_core.environment:checking '/home/ubuntu/reflex-therapy/install/reflex-exo/lib/pkgconfig/reflex-exo.pc'
[9.315s] Level 1:colcon.colcon_core.environment:checking '/home/ubuntu/reflex-therapy/install/reflex-exo/lib/python3.10/site-packages'
[9.316s] Level 1:colcon.colcon_core.environment:checking '/home/ubuntu/reflex-therapy/install/reflex-exo/bin'
[9.402s] INFO:colcon.colcon_core.shell:Creating package script '/home/ubuntu/reflex-therapy/install/reflex-exo/share/reflex-exo/package.ps1'
[9.407s] INFO:colcon.colcon_core.shell:Creating package descriptor '/home/ubuntu/reflex-therapy/install/reflex-exo/share/reflex-exo/package.dsv'
[9.410s] INFO:colcon.colcon_core.shell:Creating package script '/home/ubuntu/reflex-therapy/install/reflex-exo/share/reflex-exo/package.sh'
[9.414s] INFO:colcon.colcon_core.shell:Creating package script '/home/ubuntu/reflex-therapy/install/reflex-exo/share/reflex-exo/package.bash'
[9.418s] INFO:colcon.colcon_core.shell:Creating package script '/home/ubuntu/reflex-therapy/install/reflex-exo/share/reflex-exo/package.zsh'
[9.421s] Level 1:colcon.colcon_core.environment:create_file_with_runtime_dependencies(/home/ubuntu/reflex-therapy/install/reflex-exo/share/colcon-core/packages/reflex-exo)
[9.651s] Level 1:colcon.colcon_core.environment:create_environment_scripts_only(reflex-exo)
[9.723s] Level 1:colcon.colcon_core.environment:checking '/home/ubuntu/reflex-therapy/install/reflex-exo' for CMake module files
[9.726s] Level 1:colcon.colcon_core.environment:checking '/home/ubuntu/reflex-therapy/install/reflex-exo' for CMake config files
[9.729s] Level 1:colcon.colcon_core.shell:create_environment_hook('reflex-exo', 'cmake_prefix_path')
[9.804s] INFO:colcon.colcon_core.shell:Creating environment hook '/home/ubuntu/reflex-therapy/install/reflex-exo/share/reflex-exo/hook/cmake_prefix_path.ps1'
[9.807s] INFO:colcon.colcon_core.shell:Creating environment descriptor '/home/ubuntu/reflex-therapy/install/reflex-exo/share/reflex-exo/hook/cmake_prefix_path.dsv'
[9.809s] INFO:colcon.colcon_core.shell:Creating environment hook '/home/ubuntu/reflex-therapy/install/reflex-exo/share/reflex-exo/hook/cmake_prefix_path.sh'
[9.813s] Level 1:colcon.colcon_core.environment:checking '/home/ubuntu/reflex-therapy/install/reflex-exo/lib'
[9.813s] Level 1:colcon.colcon_core.environment:checking '/home/ubuntu/reflex-therapy/install/reflex-exo/bin'
[9.814s] Level 1:colcon.colcon_core.environment:checking '/home/ubuntu/reflex-therapy/install/reflex-exo/lib/pkgconfig/reflex-exo.pc'
[9.815s] Level 1:colcon.colcon_core.environment:checking '/home/ubuntu/reflex-therapy/install/reflex-exo/lib/python3.10/site-packages'
[9.816s] Level 1:colcon.colcon_core.environment:checking '/home/ubuntu/reflex-therapy/install/reflex-exo/bin'
[9.895s] INFO:colcon.colcon_core.shell:Creating package script '/home/ubuntu/reflex-therapy/install/reflex-exo/share/reflex-exo/package.ps1'
[9.898s] INFO:colcon.colcon_core.shell:Creating package descriptor '/home/ubuntu/reflex-therapy/install/reflex-exo/share/reflex-exo/package.dsv'
[9.901s] INFO:colcon.colcon_core.shell:Creating package script '/home/ubuntu/reflex-therapy/install/reflex-exo/share/reflex-exo/package.sh'
[9.903s] INFO:colcon.colcon_core.shell:Creating package script '/home/ubuntu/reflex-therapy/install/reflex-exo/share/reflex-exo/package.bash'
[9.906s] INFO:colcon.colcon_core.shell:Creating package script '/home/ubuntu/reflex-therapy/install/reflex-exo/share/reflex-exo/package.zsh'
[9.908s] Level 1:colcon.colcon_core.environment:create_file_with_runtime_dependencies(/home/ubuntu/reflex-therapy/install/reflex-exo/share/colcon-core/packages/reflex-exo)
[9.910s] DEBUG:colcon.colcon_parallel_executor.executor.parallel:closing loop
[9.911s] DEBUG:colcon.colcon_parallel_executor.executor.parallel:loop closed
[9.911s] DEBUG:colcon.colcon_parallel_executor.executor.parallel:run_until_complete finished with '0'
[9.912s] DEBUG:colcon.colcon_core.event_reactor:joining thread
[10.053s] INFO:colcon.colcon_core.plugin_system:Skipping extension 'colcon_notification.desktop_notification.terminal_notifier': Not used on non-Darwin systems
[10.054s] INFO:colcon.colcon_core.plugin_system:Skipping extension 'colcon_notification.desktop_notification.win32': Not used on non-Windows systems
[10.054s] INFO:colcon.colcon_notification.desktop_notification:Sending desktop notification using 'notify2'
[10.153s] DEBUG:colcon.colcon_core.event_reactor:joined thread
[10.299s] INFO:colcon.colcon_core.shell:Creating prefix script '/home/ubuntu/reflex-therapy/install/local_setup.ps1'
[10.307s] INFO:colcon.colcon_core.shell:Creating prefix util module '/home/ubuntu/reflex-therapy/install/_local_setup_util_ps1.py'
[10.315s] INFO:colcon.colcon_core.shell:Creating prefix chain script '/home/ubuntu/reflex-therapy/install/setup.ps1'
[10.421s] INFO:colcon.colcon_core.shell:Creating prefix script '/home/ubuntu/reflex-therapy/install/local_setup.sh'
[10.425s] INFO:colcon.colcon_core.shell:Creating prefix util module '/home/ubuntu/reflex-therapy/install/_local_setup_util_sh.py'
[10.428s] INFO:colcon.colcon_core.shell:Creating prefix chain script '/home/ubuntu/reflex-therapy/install/setup.sh'
[10.512s] INFO:colcon.colcon_core.shell:Creating prefix script '/home/ubuntu/reflex-therapy/install/local_setup.bash'
[10.516s] INFO:colcon.colcon_core.shell:Creating prefix chain script '/home/ubuntu/reflex-therapy/install/setup.bash'
[10.596s] INFO:colcon.colcon_core.shell:Creating prefix script '/home/ubuntu/reflex-therapy/install/local_setup.zsh'
[10.599s] INFO:colcon.colcon_core.shell:Creating prefix chain script '/home/ubuntu/reflex-therapy/install/setup.zsh'
