[4.904s] DEBUG:colcon:Command line arguments: ['/usr/bin/colcon', 'build']
[4.905s] DEBUG:colcon:Parsed command line arguments: Namespace(log_base=None, log_level=None, verb_name='build', build_base='build', install_base='install', merge_install=False, symlink_install=False, test_result_base=None, continue_on_error=False, executor='parallel', parallel_workers=4, event_handlers=None, ignore_user_meta=False, metas=['./colcon.meta'], base_paths=['.'], packages_ignore=None, packages_ignore_regex=None, paths=None, packages_up_to=None, packages_up_to_regex=None, packages_above=None, packages_above_and_dependencies=None, packages_above_depth=None, packages_select_by_dep=None, packages_skip_by_dep=None, packages_skip_up_to=None, packages_select_build_failed=False, packages_skip_build_finished=False, packages_select_test_failures=False, packages_skip_test_passed=False, packages_select=None, packages_skip=None, packages_select_regex=None, packages_skip_regex=None, packages_start=None, packages_end=None, allow_overriding=[], cmake_args=None, cmake_target=None, cmake_target_skip_unavailable=False, cmake_clean_cache=False, cmake_clean_first=False, cmake_force_configure=False, ament_cmake_args=None, catkin_cmake_args=None, catkin_skip_building_tests=False, verb_parser=<colcon_defaults.argument_parser.defaults.DefaultArgumentsDecorator object at 0xffff993fd930>, verb_extension=<colcon_core.verb.build.BuildVerb object at 0xffff99721a80>, main=<bound method BuildVerb.main of <colcon_core.verb.build.BuildVerb object at 0xffff99721a80>>)
[5.142s] Level 1:colcon.colcon_core.package_discovery:discover_packages(colcon_meta) check parameters
[5.143s] Level 1:colcon.colcon_core.package_discovery:discover_packages(recursive) check parameters
[5.143s] Level 1:colcon.colcon_core.package_discovery:discover_packages(ignore) check parameters
[5.143s] Level 1:colcon.colcon_core.package_discovery:discover_packages(path) check parameters
[5.143s] Level 1:colcon.colcon_core.package_discovery:discover_packages(colcon_meta) discover
[5.144s] Level 1:colcon.colcon_core.package_discovery:discover_packages(recursive) discover
[5.144s] INFO:colcon.colcon_core.package_discovery:Crawling recursively for packages in '/home/ubuntu/reflex-therapy'
[5.144s] Level 1:colcon.colcon_core.package_identification:_identify(.) by extensions ['ignore', 'ignore_ament_install']
[5.145s] Level 1:colcon.colcon_core.package_identification:_identify(.) by extension 'ignore'
[5.145s] Level 1:colcon.colcon_core.package_identification:_identify(.) by extension 'ignore_ament_install'
[5.145s] Level 1:colcon.colcon_core.package_identification:_identify(.) by extensions ['colcon_pkg']
[5.146s] Level 1:colcon.colcon_core.package_identification:_identify(.) by extension 'colcon_pkg'
[5.146s] Level 1:colcon.colcon_core.package_identification:_identify(.) by extensions ['colcon_meta']
[5.146s] Level 1:colcon.colcon_core.package_identification:_identify(.) by extension 'colcon_meta'
[5.146s] Level 1:colcon.colcon_core.package_identification:_identify(.) by extensions ['ros']
[5.146s] Level 1:colcon.colcon_core.package_identification:_identify(.) by extension 'ros'
[5.196s] Level 1:colcon.colcon_core.package_identification:_identify(.) by extensions ['cmake', 'python']
[5.197s] Level 1:colcon.colcon_core.package_identification:_identify(.) by extension 'cmake'
[5.197s] Level 1:colcon.colcon_core.package_identification:_identify(.) by extension 'python'
[5.197s] Level 1:colcon.colcon_core.package_identification:_identify(.) by extensions ['python_setup_py']
[5.198s] Level 1:colcon.colcon_core.package_identification:_identify(.) by extension 'python_setup_py'
[5.198s] Level 1:colcon.colcon_core.package_identification:_identify(build) by extensions ['ignore', 'ignore_ament_install']
[5.199s] Level 1:colcon.colcon_core.package_identification:_identify(build) by extension 'ignore'
[5.199s] Level 1:colcon.colcon_core.package_identification:_identify(build) ignored
[5.200s] Level 1:colcon.colcon_core.package_identification:_identify(install) by extensions ['ignore', 'ignore_ament_install']
[5.200s] Level 1:colcon.colcon_core.package_identification:_identify(install) by extension 'ignore'
[5.201s] Level 1:colcon.colcon_core.package_identification:_identify(install) ignored
[5.201s] Level 1:colcon.colcon_core.package_identification:_identify(log) by extensions ['ignore', 'ignore_ament_install']
[5.202s] Level 1:colcon.colcon_core.package_identification:_identify(log) by extension 'ignore'
[5.202s] Level 1:colcon.colcon_core.package_identification:_identify(log) ignored
[5.203s] Level 1:colcon.colcon_core.package_identification:_identify(sensor_tests) by extensions ['ignore', 'ignore_ament_install']
[5.203s] Level 1:colcon.colcon_core.package_identification:_identify(sensor_tests) by extension 'ignore'
[5.203s] Level 1:colcon.colcon_core.package_identification:_identify(sensor_tests) by extension 'ignore_ament_install'
[5.203s] Level 1:colcon.colcon_core.package_identification:_identify(sensor_tests) by extensions ['colcon_pkg']
[5.204s] Level 1:colcon.colcon_core.package_identification:_identify(sensor_tests) by extension 'colcon_pkg'
[5.204s] Level 1:colcon.colcon_core.package_identification:_identify(sensor_tests) by extensions ['colcon_meta']
[5.204s] Level 1:colcon.colcon_core.package_identification:_identify(sensor_tests) by extension 'colcon_meta'
[5.204s] Level 1:colcon.colcon_core.package_identification:_identify(sensor_tests) by extensions ['ros']
[5.204s] Level 1:colcon.colcon_core.package_identification:_identify(sensor_tests) by extension 'ros'
[5.205s] Level 1:colcon.colcon_core.package_identification:_identify(sensor_tests) by extensions ['cmake', 'python']
[5.205s] Level 1:colcon.colcon_core.package_identification:_identify(sensor_tests) by extension 'cmake'
[5.205s] Level 1:colcon.colcon_core.package_identification:_identify(sensor_tests) by extension 'python'
[5.205s] Level 1:colcon.colcon_core.package_identification:_identify(sensor_tests) by extensions ['python_setup_py']
[5.205s] Level 1:colcon.colcon_core.package_identification:_identify(sensor_tests) by extension 'python_setup_py'
[5.206s] Level 1:colcon.colcon_core.package_identification:_identify(src) by extensions ['ignore', 'ignore_ament_install']
[5.206s] Level 1:colcon.colcon_core.package_identification:_identify(src) by extension 'ignore'
[5.207s] Level 1:colcon.colcon_core.package_identification:_identify(src) by extension 'ignore_ament_install'
[5.207s] Level 1:colcon.colcon_core.package_identification:_identify(src) by extensions ['colcon_pkg']
[5.207s] Level 1:colcon.colcon_core.package_identification:_identify(src) by extension 'colcon_pkg'
[5.207s] Level 1:colcon.colcon_core.package_identification:_identify(src) by extensions ['colcon_meta']
[5.208s] Level 1:colcon.colcon_core.package_identification:_identify(src) by extension 'colcon_meta'
[5.208s] Level 1:colcon.colcon_core.package_identification:_identify(src) by extensions ['ros']
[5.208s] Level 1:colcon.colcon_core.package_identification:_identify(src) by extension 'ros'
[5.208s] Level 1:colcon.colcon_core.package_identification:_identify(src) by extensions ['cmake', 'python']
[5.208s] Level 1:colcon.colcon_core.package_identification:_identify(src) by extension 'cmake'
[5.209s] Level 1:colcon.colcon_core.package_identification:_identify(src) by extension 'python'
[5.209s] Level 1:colcon.colcon_core.package_identification:_identify(src) by extensions ['python_setup_py']
[5.209s] Level 1:colcon.colcon_core.package_identification:_identify(src) by extension 'python_setup_py'
[5.210s] Level 1:colcon.colcon_core.package_identification:_identify(src/reflex-control-cpp) by extensions ['ignore', 'ignore_ament_install']
[5.210s] Level 1:colcon.colcon_core.package_identification:_identify(src/reflex-control-cpp) by extension 'ignore'
[5.210s] Level 1:colcon.colcon_core.package_identification:_identify(src/reflex-control-cpp) ignored
[5.211s] Level 1:colcon.colcon_core.package_identification:_identify(src/reflex-exo) by extensions ['ignore', 'ignore_ament_install']
[5.211s] Level 1:colcon.colcon_core.package_identification:_identify(src/reflex-exo) by extension 'ignore'
[5.211s] Level 1:colcon.colcon_core.package_identification:_identify(src/reflex-exo) by extension 'ignore_ament_install'
[5.212s] Level 1:colcon.colcon_core.package_identification:_identify(src/reflex-exo) by extensions ['colcon_pkg']
[5.212s] Level 1:colcon.colcon_core.package_identification:_identify(src/reflex-exo) by extension 'colcon_pkg'
[5.212s] Level 1:colcon.colcon_core.package_identification:_identify(src/reflex-exo) by extensions ['colcon_meta']
[5.212s] Level 1:colcon.colcon_core.package_identification:_identify(src/reflex-exo) by extension 'colcon_meta'
[5.213s] Level 1:colcon.colcon_core.package_identification:_identify(src/reflex-exo) by extensions ['ros']
[5.213s] Level 1:colcon.colcon_core.package_identification:_identify(src/reflex-exo) by extension 'ros'
[5.223s] DEBUG:colcon.colcon_core.package_identification:Package 'src/reflex-exo' with type 'ros.ament_cmake' and name 'reflex-exo'
[5.224s] Level 1:colcon.colcon_core.package_identification:_identify(src/reflex_readings_py) by extensions ['ignore', 'ignore_ament_install']
[5.225s] Level 1:colcon.colcon_core.package_identification:_identify(src/reflex_readings_py) by extension 'ignore'
[5.225s] Level 1:colcon.colcon_core.package_identification:_identify(src/reflex_readings_py) ignored
[5.225s] Level 1:colcon.colcon_core.package_discovery:discover_packages(recursive) using defaults
[5.225s] Level 1:colcon.colcon_core.package_discovery:discover_packages(ignore) discover
[5.225s] Level 1:colcon.colcon_core.package_discovery:discover_packages(ignore) using defaults
[5.226s] Level 1:colcon.colcon_core.package_discovery:discover_packages(path) discover
[5.226s] Level 1:colcon.colcon_core.package_discovery:discover_packages(path) using defaults
[5.815s] Level 1:colcon.colcon_core.package_discovery:discover_packages(prefix_path) check parameters
[5.815s] Level 1:colcon.colcon_core.package_discovery:discover_packages(prefix_path) discover
[5.964s] DEBUG:colcon.colcon_installed_package_information.package_discovery:Found 3 installed packages in /home/ubuntu/reflex-therapy/install
[6.043s] DEBUG:colcon.colcon_installed_package_information.package_discovery:Found 270 installed packages in /opt/ros/humble
[6.050s] Level 1:colcon.colcon_core.package_discovery:discover_packages(prefix_path) using defaults
[6.507s] Level 5:colcon.colcon_core.verb:set package 'reflex-exo' build argument 'cmake_args' from command line to 'None'
[6.507s] Level 5:colcon.colcon_core.verb:set package 'reflex-exo' build argument 'cmake_target' from command line to 'None'
[6.507s] Level 5:colcon.colcon_core.verb:set package 'reflex-exo' build argument 'cmake_target_skip_unavailable' from command line to 'False'
[6.507s] Level 5:colcon.colcon_core.verb:set package 'reflex-exo' build argument 'cmake_clean_cache' from command line to 'False'
[6.507s] Level 5:colcon.colcon_core.verb:set package 'reflex-exo' build argument 'cmake_clean_first' from command line to 'False'
[6.507s] Level 5:colcon.colcon_core.verb:set package 'reflex-exo' build argument 'cmake_force_configure' from command line to 'False'
[6.508s] Level 5:colcon.colcon_core.verb:set package 'reflex-exo' build argument 'ament_cmake_args' from command line to 'None'
[6.508s] Level 5:colcon.colcon_core.verb:set package 'reflex-exo' build argument 'catkin_cmake_args' from command line to 'None'
[6.508s] Level 5:colcon.colcon_core.verb:set package 'reflex-exo' build argument 'catkin_skip_building_tests' from command line to 'False'
[6.508s] DEBUG:colcon.colcon_core.verb:Building package 'reflex-exo' with the following arguments: {'ament_cmake_args': None, 'build_base': '/home/ubuntu/reflex-therapy/build/reflex-exo', 'catkin_cmake_args': None, 'catkin_skip_building_tests': False, 'cmake_args': None, 'cmake_clean_cache': False, 'cmake_clean_first': False, 'cmake_force_configure': False, 'cmake_target': None, 'cmake_target_skip_unavailable': False, 'install_base': '/home/ubuntu/reflex-therapy/install/reflex-exo', 'merge_install': False, 'path': '/home/ubuntu/reflex-therapy/src/reflex-exo', 'symlink_install': False, 'test_result_base': None}
[6.577s] INFO:colcon.colcon_core.executor:Executing jobs using 'parallel' executor
[6.651s] DEBUG:colcon.colcon_parallel_executor.executor.parallel:run_until_complete
[6.652s] INFO:colcon.colcon_ros.task.ament_cmake.build:Building ROS package in '/home/ubuntu/reflex-therapy/src/reflex-exo' with build type 'ament_cmake'
[6.653s] INFO:colcon.colcon_cmake.task.cmake.build:Building CMake package in '/home/ubuntu/reflex-therapy/src/reflex-exo'
[6.740s] INFO:colcon.colcon_core.plugin_system:Skipping extension 'colcon_core.shell.bat': Not used on non-Windows systems
[6.742s] INFO:colcon.colcon_core.shell:Skip shell extension 'powershell' for command environment: Not usable outside of PowerShell
[6.742s] DEBUG:colcon.colcon_core.shell:Skip shell extension 'dsv' for command environment
[7.029s] DEBUG:colcon.colcon_core.event_handler.log_command:Invoking command in '/home/ubuntu/reflex-therapy/build/reflex-exo': CMAKE_PREFIX_PATH=${CMAKE_PREFIX_PATH}:/home/ubuntu/reflex-therapy/install/reflex_readings_py:/opt/ros/humble /usr/bin/cmake --build /home/ubuntu/reflex-therapy/build/reflex-exo -- -j4 -l4
[7.348s] DEBUG:colcon.colcon_core.event_handler.log_command:Invoked command in '/home/ubuntu/reflex-therapy/build/reflex-exo' returned '0': CMAKE_PREFIX_PATH=${CMAKE_PREFIX_PATH}:/home/ubuntu/reflex-therapy/install/reflex_readings_py:/opt/ros/humble /usr/bin/cmake --build /home/ubuntu/reflex-therapy/build/reflex-exo -- -j4 -l4
[7.542s] DEBUG:colcon.colcon_core.event_handler.log_command:Invoking command in '/home/ubuntu/reflex-therapy/build/reflex-exo': CMAKE_PREFIX_PATH=${CMAKE_PREFIX_PATH}:/home/ubuntu/reflex-therapy/install/reflex_readings_py:/opt/ros/humble /usr/bin/cmake --install /home/ubuntu/reflex-therapy/build/reflex-exo
[7.594s] Level 1:colcon.colcon_core.environment:create_environment_scripts_only(reflex-exo)
[7.596s] DEBUG:colcon.colcon_core.event_handler.log_command:Invoked command in '/home/ubuntu/reflex-therapy/build/reflex-exo' returned '0': CMAKE_PREFIX_PATH=${CMAKE_PREFIX_PATH}:/home/ubuntu/reflex-therapy/install/reflex_readings_py:/opt/ros/humble /usr/bin/cmake --install /home/ubuntu/reflex-therapy/build/reflex-exo
[7.679s] Level 1:colcon.colcon_core.environment:checking '/home/ubuntu/reflex-therapy/install/reflex-exo' for CMake module files
[7.683s] Level 1:colcon.colcon_core.environment:checking '/home/ubuntu/reflex-therapy/install/reflex-exo' for CMake config files
[7.685s] Level 1:colcon.colcon_core.shell:create_environment_hook('reflex-exo', 'cmake_prefix_path')
[7.770s] INFO:colcon.colcon_core.shell:Creating environment hook '/home/ubuntu/reflex-therapy/install/reflex-exo/share/reflex-exo/hook/cmake_prefix_path.ps1'
[7.773s] INFO:colcon.colcon_core.shell:Creating environment descriptor '/home/ubuntu/reflex-therapy/install/reflex-exo/share/reflex-exo/hook/cmake_prefix_path.dsv'
[7.776s] INFO:colcon.colcon_core.shell:Creating environment hook '/home/ubuntu/reflex-therapy/install/reflex-exo/share/reflex-exo/hook/cmake_prefix_path.sh'
[7.780s] Level 1:colcon.colcon_core.environment:checking '/home/ubuntu/reflex-therapy/install/reflex-exo/lib'
[7.781s] Level 1:colcon.colcon_core.environment:checking '/home/ubuntu/reflex-therapy/install/reflex-exo/bin'
[7.782s] Level 1:colcon.colcon_core.environment:checking '/home/ubuntu/reflex-therapy/install/reflex-exo/lib/pkgconfig/reflex-exo.pc'
[7.783s] Level 1:colcon.colcon_core.environment:checking '/home/ubuntu/reflex-therapy/install/reflex-exo/lib/python3.10/site-packages'
[7.784s] Level 1:colcon.colcon_core.environment:checking '/home/ubuntu/reflex-therapy/install/reflex-exo/bin'
[7.860s] INFO:colcon.colcon_core.shell:Creating package script '/home/ubuntu/reflex-therapy/install/reflex-exo/share/reflex-exo/package.ps1'
[7.865s] INFO:colcon.colcon_core.shell:Creating package descriptor '/home/ubuntu/reflex-therapy/install/reflex-exo/share/reflex-exo/package.dsv'
[7.868s] INFO:colcon.colcon_core.shell:Creating package script '/home/ubuntu/reflex-therapy/install/reflex-exo/share/reflex-exo/package.sh'
[7.871s] INFO:colcon.colcon_core.shell:Creating package script '/home/ubuntu/reflex-therapy/install/reflex-exo/share/reflex-exo/package.bash'
[7.875s] INFO:colcon.colcon_core.shell:Creating package script '/home/ubuntu/reflex-therapy/install/reflex-exo/share/reflex-exo/package.zsh'
[7.879s] Level 1:colcon.colcon_core.environment:create_file_with_runtime_dependencies(/home/ubuntu/reflex-therapy/install/reflex-exo/share/colcon-core/packages/reflex-exo)
[8.112s] Level 1:colcon.colcon_core.environment:create_environment_scripts_only(reflex-exo)
[8.186s] Level 1:colcon.colcon_core.environment:checking '/home/ubuntu/reflex-therapy/install/reflex-exo' for CMake module files
[8.189s] Level 1:colcon.colcon_core.environment:checking '/home/ubuntu/reflex-therapy/install/reflex-exo' for CMake config files
[8.192s] Level 1:colcon.colcon_core.shell:create_environment_hook('reflex-exo', 'cmake_prefix_path')
[8.266s] INFO:colcon.colcon_core.shell:Creating environment hook '/home/ubuntu/reflex-therapy/install/reflex-exo/share/reflex-exo/hook/cmake_prefix_path.ps1'
[8.269s] INFO:colcon.colcon_core.shell:Creating environment descriptor '/home/ubuntu/reflex-therapy/install/reflex-exo/share/reflex-exo/hook/cmake_prefix_path.dsv'
[8.271s] INFO:colcon.colcon_core.shell:Creating environment hook '/home/ubuntu/reflex-therapy/install/reflex-exo/share/reflex-exo/hook/cmake_prefix_path.sh'
[8.274s] Level 1:colcon.colcon_core.environment:checking '/home/ubuntu/reflex-therapy/install/reflex-exo/lib'
[8.275s] Level 1:colcon.colcon_core.environment:checking '/home/ubuntu/reflex-therapy/install/reflex-exo/bin'
[8.275s] Level 1:colcon.colcon_core.environment:checking '/home/ubuntu/reflex-therapy/install/reflex-exo/lib/pkgconfig/reflex-exo.pc'
[8.276s] Level 1:colcon.colcon_core.environment:checking '/home/ubuntu/reflex-therapy/install/reflex-exo/lib/python3.10/site-packages'
[8.277s] Level 1:colcon.colcon_core.environment:checking '/home/ubuntu/reflex-therapy/install/reflex-exo/bin'
[8.352s] INFO:colcon.colcon_core.shell:Creating package script '/home/ubuntu/reflex-therapy/install/reflex-exo/share/reflex-exo/package.ps1'
[8.355s] INFO:colcon.colcon_core.shell:Creating package descriptor '/home/ubuntu/reflex-therapy/install/reflex-exo/share/reflex-exo/package.dsv'
[8.357s] INFO:colcon.colcon_core.shell:Creating package script '/home/ubuntu/reflex-therapy/install/reflex-exo/share/reflex-exo/package.sh'
[8.360s] INFO:colcon.colcon_core.shell:Creating package script '/home/ubuntu/reflex-therapy/install/reflex-exo/share/reflex-exo/package.bash'
[8.362s] INFO:colcon.colcon_core.shell:Creating package script '/home/ubuntu/reflex-therapy/install/reflex-exo/share/reflex-exo/package.zsh'
[8.364s] Level 1:colcon.colcon_core.environment:create_file_with_runtime_dependencies(/home/ubuntu/reflex-therapy/install/reflex-exo/share/colcon-core/packages/reflex-exo)
[8.366s] DEBUG:colcon.colcon_parallel_executor.executor.parallel:closing loop
[8.367s] DEBUG:colcon.colcon_parallel_executor.executor.parallel:loop closed
[8.368s] DEBUG:colcon.colcon_parallel_executor.executor.parallel:run_until_complete finished with '0'
[8.368s] DEBUG:colcon.colcon_core.event_reactor:joining thread
[8.476s] INFO:colcon.colcon_core.plugin_system:Skipping extension 'colcon_notification.desktop_notification.terminal_notifier': Not used on non-Darwin systems
[8.476s] INFO:colcon.colcon_core.plugin_system:Skipping extension 'colcon_notification.desktop_notification.win32': Not used on non-Windows systems
[8.476s] INFO:colcon.colcon_notification.desktop_notification:Sending desktop notification using 'notify2'
[8.536s] DEBUG:colcon.colcon_core.event_reactor:joined thread
[8.646s] INFO:colcon.colcon_core.shell:Creating prefix script '/home/ubuntu/reflex-therapy/install/local_setup.ps1'
[8.650s] INFO:colcon.colcon_core.shell:Creating prefix util module '/home/ubuntu/reflex-therapy/install/_local_setup_util_ps1.py'
[8.657s] INFO:colcon.colcon_core.shell:Creating prefix chain script '/home/ubuntu/reflex-therapy/install/setup.ps1'
[8.749s] INFO:colcon.colcon_core.shell:Creating prefix script '/home/ubuntu/reflex-therapy/install/local_setup.sh'
[8.752s] INFO:colcon.colcon_core.shell:Creating prefix util module '/home/ubuntu/reflex-therapy/install/_local_setup_util_sh.py'
[8.755s] INFO:colcon.colcon_core.shell:Creating prefix chain script '/home/ubuntu/reflex-therapy/install/setup.sh'
[8.836s] INFO:colcon.colcon_core.shell:Creating prefix script '/home/ubuntu/reflex-therapy/install/local_setup.bash'
[8.838s] INFO:colcon.colcon_core.shell:Creating prefix chain script '/home/ubuntu/reflex-therapy/install/setup.bash'
[8.915s] INFO:colcon.colcon_core.shell:Creating prefix script '/home/ubuntu/reflex-therapy/install/local_setup.zsh'
[8.917s] INFO:colcon.colcon_core.shell:Creating prefix chain script '/home/ubuntu/reflex-therapy/install/setup.zsh'
