[5.474s] DEBUG:colcon:Command line arguments: ['/usr/bin/colcon', 'build', '--symlink-install']
[5.475s] DEBUG:colcon:Parsed command line arguments: Namespace(log_base=None, log_level=None, verb_name='build', build_base='build', install_base='install', merge_install=False, symlink_install=True, test_result_base=None, continue_on_error=False, executor='parallel', parallel_workers=4, event_handlers=None, ignore_user_meta=False, metas=['./colcon.meta'], base_paths=['.'], packages_ignore=None, packages_ignore_regex=None, paths=None, packages_up_to=None, packages_up_to_regex=None, packages_above=None, packages_above_and_dependencies=None, packages_above_depth=None, packages_select_by_dep=None, packages_skip_by_dep=None, packages_skip_up_to=None, packages_select_build_failed=False, packages_skip_build_finished=False, packages_select_test_failures=False, packages_skip_test_passed=False, packages_select=None, packages_skip=None, packages_select_regex=None, packages_skip_regex=None, packages_start=None, packages_end=None, allow_overriding=[], cmake_args=None, cmake_target=None, cmake_target_skip_unavailable=False, cmake_clean_cache=False, cmake_clean_first=False, cmake_force_configure=False, ament_cmake_args=None, catkin_cmake_args=None, catkin_skip_building_tests=False, verb_parser=<colcon_defaults.argument_parser.defaults.DefaultArgumentsDecorator object at 0xffff86ff8280>, verb_extension=<colcon_core.verb.build.BuildVerb object at 0xffff8726fc70>, main=<bound method BuildVerb.main of <colcon_core.verb.build.BuildVerb object at 0xffff8726fc70>>)
[5.749s] Level 1:colcon.colcon_core.package_discovery:discover_packages(colcon_meta) check parameters
[5.750s] Level 1:colcon.colcon_core.package_discovery:discover_packages(recursive) check parameters
[5.750s] Level 1:colcon.colcon_core.package_discovery:discover_packages(ignore) check parameters
[5.750s] Level 1:colcon.colcon_core.package_discovery:discover_packages(path) check parameters
[5.750s] Level 1:colcon.colcon_core.package_discovery:discover_packages(colcon_meta) discover
[5.750s] Level 1:colcon.colcon_core.package_discovery:discover_packages(recursive) discover
[5.751s] INFO:colcon.colcon_core.package_discovery:Crawling recursively for packages in '/home/ubuntu/reflex-therapy'
[5.751s] Level 1:colcon.colcon_core.package_identification:_identify(.) by extensions ['ignore', 'ignore_ament_install']
[5.752s] Level 1:colcon.colcon_core.package_identification:_identify(.) by extension 'ignore'
[5.752s] Level 1:colcon.colcon_core.package_identification:_identify(.) by extension 'ignore_ament_install'
[5.752s] Level 1:colcon.colcon_core.package_identification:_identify(.) by extensions ['colcon_pkg']
[5.753s] Level 1:colcon.colcon_core.package_identification:_identify(.) by extension 'colcon_pkg'
[5.753s] Level 1:colcon.colcon_core.package_identification:_identify(.) by extensions ['colcon_meta']
[5.753s] Level 1:colcon.colcon_core.package_identification:_identify(.) by extension 'colcon_meta'
[5.753s] Level 1:colcon.colcon_core.package_identification:_identify(.) by extensions ['ros']
[5.753s] Level 1:colcon.colcon_core.package_identification:_identify(.) by extension 'ros'
[5.821s] Level 1:colcon.colcon_core.package_identification:_identify(.) by extensions ['cmake', 'python']
[5.821s] Level 1:colcon.colcon_core.package_identification:_identify(.) by extension 'cmake'
[5.821s] Level 1:colcon.colcon_core.package_identification:_identify(.) by extension 'python'
[5.821s] Level 1:colcon.colcon_core.package_identification:_identify(.) by extensions ['python_setup_py']
[5.822s] Level 1:colcon.colcon_core.package_identification:_identify(.) by extension 'python_setup_py'
[5.822s] Level 1:colcon.colcon_core.package_identification:_identify(build) by extensions ['ignore', 'ignore_ament_install']
[5.823s] Level 1:colcon.colcon_core.package_identification:_identify(build) by extension 'ignore'
[5.823s] Level 1:colcon.colcon_core.package_identification:_identify(build) ignored
[5.824s] Level 1:colcon.colcon_core.package_identification:_identify(install) by extensions ['ignore', 'ignore_ament_install']
[5.824s] Level 1:colcon.colcon_core.package_identification:_identify(install) by extension 'ignore'
[5.825s] Level 1:colcon.colcon_core.package_identification:_identify(install) ignored
[5.825s] Level 1:colcon.colcon_core.package_identification:_identify(log) by extensions ['ignore', 'ignore_ament_install']
[5.826s] Level 1:colcon.colcon_core.package_identification:_identify(log) by extension 'ignore'
[5.826s] Level 1:colcon.colcon_core.package_identification:_identify(log) ignored
[5.826s] Level 1:colcon.colcon_core.package_identification:_identify(sensor_tests) by extensions ['ignore', 'ignore_ament_install']
[5.827s] Level 1:colcon.colcon_core.package_identification:_identify(sensor_tests) by extension 'ignore'
[5.827s] Level 1:colcon.colcon_core.package_identification:_identify(sensor_tests) by extension 'ignore_ament_install'
[5.827s] Level 1:colcon.colcon_core.package_identification:_identify(sensor_tests) by extensions ['colcon_pkg']
[5.827s] Level 1:colcon.colcon_core.package_identification:_identify(sensor_tests) by extension 'colcon_pkg'
[5.828s] Level 1:colcon.colcon_core.package_identification:_identify(sensor_tests) by extensions ['colcon_meta']
[5.828s] Level 1:colcon.colcon_core.package_identification:_identify(sensor_tests) by extension 'colcon_meta'
[5.828s] Level 1:colcon.colcon_core.package_identification:_identify(sensor_tests) by extensions ['ros']
[5.828s] Level 1:colcon.colcon_core.package_identification:_identify(sensor_tests) by extension 'ros'
[5.829s] Level 1:colcon.colcon_core.package_identification:_identify(sensor_tests) by extensions ['cmake', 'python']
[5.829s] Level 1:colcon.colcon_core.package_identification:_identify(sensor_tests) by extension 'cmake'
[5.829s] Level 1:colcon.colcon_core.package_identification:_identify(sensor_tests) by extension 'python'
[5.829s] Level 1:colcon.colcon_core.package_identification:_identify(sensor_tests) by extensions ['python_setup_py']
[5.829s] Level 1:colcon.colcon_core.package_identification:_identify(sensor_tests) by extension 'python_setup_py'
[5.830s] Level 1:colcon.colcon_core.package_identification:_identify(src) by extensions ['ignore', 'ignore_ament_install']
[5.830s] Level 1:colcon.colcon_core.package_identification:_identify(src) by extension 'ignore'
[5.831s] Level 1:colcon.colcon_core.package_identification:_identify(src) by extension 'ignore_ament_install'
[5.831s] Level 1:colcon.colcon_core.package_identification:_identify(src) by extensions ['colcon_pkg']
[5.831s] Level 1:colcon.colcon_core.package_identification:_identify(src) by extension 'colcon_pkg'
[5.831s] Level 1:colcon.colcon_core.package_identification:_identify(src) by extensions ['colcon_meta']
[5.832s] Level 1:colcon.colcon_core.package_identification:_identify(src) by extension 'colcon_meta'
[5.832s] Level 1:colcon.colcon_core.package_identification:_identify(src) by extensions ['ros']
[5.832s] Level 1:colcon.colcon_core.package_identification:_identify(src) by extension 'ros'
[5.832s] Level 1:colcon.colcon_core.package_identification:_identify(src) by extensions ['cmake', 'python']
[5.833s] Level 1:colcon.colcon_core.package_identification:_identify(src) by extension 'cmake'
[5.833s] Level 1:colcon.colcon_core.package_identification:_identify(src) by extension 'python'
[5.833s] Level 1:colcon.colcon_core.package_identification:_identify(src) by extensions ['python_setup_py']
[5.833s] Level 1:colcon.colcon_core.package_identification:_identify(src) by extension 'python_setup_py'
[5.834s] Level 1:colcon.colcon_core.package_identification:_identify(src/reflex-ros2) by extensions ['ignore', 'ignore_ament_install']
[5.834s] Level 1:colcon.colcon_core.package_identification:_identify(src/reflex-ros2) by extension 'ignore'
[5.835s] Level 1:colcon.colcon_core.package_identification:_identify(src/reflex-ros2) by extension 'ignore_ament_install'
[5.835s] Level 1:colcon.colcon_core.package_identification:_identify(src/reflex-ros2) by extensions ['colcon_pkg']
[5.835s] Level 1:colcon.colcon_core.package_identification:_identify(src/reflex-ros2) by extension 'colcon_pkg'
[5.835s] Level 1:colcon.colcon_core.package_identification:_identify(src/reflex-ros2) by extensions ['colcon_meta']
[5.835s] Level 1:colcon.colcon_core.package_identification:_identify(src/reflex-ros2) by extension 'colcon_meta'
[5.836s] Level 1:colcon.colcon_core.package_identification:_identify(src/reflex-ros2) by extensions ['ros']
[5.836s] Level 1:colcon.colcon_core.package_identification:_identify(src/reflex-ros2) by extension 'ros'
[5.846s] DEBUG:colcon.colcon_core.package_identification:Package 'src/reflex-ros2' with type 'ros.ament_cmake' and name 'reflex-ros2'
[5.847s] Level 1:colcon.colcon_core.package_discovery:discover_packages(recursive) using defaults
[5.847s] Level 1:colcon.colcon_core.package_discovery:discover_packages(ignore) discover
[5.847s] Level 1:colcon.colcon_core.package_discovery:discover_packages(ignore) using defaults
[5.847s] Level 1:colcon.colcon_core.package_discovery:discover_packages(path) discover
[5.847s] Level 1:colcon.colcon_core.package_discovery:discover_packages(path) using defaults
[6.527s] Level 1:colcon.colcon_core.package_discovery:discover_packages(prefix_path) check parameters
[6.527s] Level 1:colcon.colcon_core.package_discovery:discover_packages(prefix_path) discover
[6.686s] DEBUG:colcon.colcon_installed_package_information.package_discovery:Found 2 installed packages in /home/ubuntu/reflex-therapy/install
[6.766s] DEBUG:colcon.colcon_installed_package_information.package_discovery:Found 270 installed packages in /opt/ros/humble
[6.773s] Level 1:colcon.colcon_core.package_discovery:discover_packages(prefix_path) using defaults
[7.232s] Level 5:colcon.colcon_core.verb:set package 'reflex-ros2' build argument 'cmake_args' from command line to 'None'
[7.232s] Level 5:colcon.colcon_core.verb:set package 'reflex-ros2' build argument 'cmake_target' from command line to 'None'
[7.232s] Level 5:colcon.colcon_core.verb:set package 'reflex-ros2' build argument 'cmake_target_skip_unavailable' from command line to 'False'
[7.232s] Level 5:colcon.colcon_core.verb:set package 'reflex-ros2' build argument 'cmake_clean_cache' from command line to 'False'
[7.232s] Level 5:colcon.colcon_core.verb:set package 'reflex-ros2' build argument 'cmake_clean_first' from command line to 'False'
[7.232s] Level 5:colcon.colcon_core.verb:set package 'reflex-ros2' build argument 'cmake_force_configure' from command line to 'False'
[7.233s] Level 5:colcon.colcon_core.verb:set package 'reflex-ros2' build argument 'ament_cmake_args' from command line to 'None'
[7.233s] Level 5:colcon.colcon_core.verb:set package 'reflex-ros2' build argument 'catkin_cmake_args' from command line to 'None'
[7.233s] Level 5:colcon.colcon_core.verb:set package 'reflex-ros2' build argument 'catkin_skip_building_tests' from command line to 'False'
[7.233s] DEBUG:colcon.colcon_core.verb:Building package 'reflex-ros2' with the following arguments: {'ament_cmake_args': None, 'build_base': '/home/ubuntu/reflex-therapy/build/reflex-ros2', 'catkin_cmake_args': None, 'catkin_skip_building_tests': False, 'cmake_args': None, 'cmake_clean_cache': False, 'cmake_clean_first': False, 'cmake_force_configure': False, 'cmake_target': None, 'cmake_target_skip_unavailable': False, 'install_base': '/home/ubuntu/reflex-therapy/install/reflex-ros2', 'merge_install': False, 'path': '/home/ubuntu/reflex-therapy/src/reflex-ros2', 'symlink_install': True, 'test_result_base': None}
[7.301s] INFO:colcon.colcon_core.executor:Executing jobs using 'parallel' executor
[7.374s] DEBUG:colcon.colcon_parallel_executor.executor.parallel:run_until_complete
[7.376s] INFO:colcon.colcon_ros.task.ament_cmake.build:Building ROS package in '/home/ubuntu/reflex-therapy/src/reflex-ros2' with build type 'ament_cmake'
[7.376s] INFO:colcon.colcon_cmake.task.cmake.build:Building CMake package in '/home/ubuntu/reflex-therapy/src/reflex-ros2'
[7.476s] INFO:colcon.colcon_core.plugin_system:Skipping extension 'colcon_core.shell.bat': Not used on non-Windows systems
[7.478s] INFO:colcon.colcon_core.shell:Skip shell extension 'powershell' for command environment: Not usable outside of PowerShell
[7.479s] DEBUG:colcon.colcon_core.shell:Skip shell extension 'dsv' for command environment
[7.767s] DEBUG:colcon.colcon_core.event_handler.log_command:Invoking command in '/home/ubuntu/reflex-therapy/build/reflex-ros2': CMAKE_PREFIX_PATH=/opt/ros/humble /usr/bin/cmake --build /home/ubuntu/reflex-therapy/build/reflex-ros2 -- -j4 -l4
[11.086s] DEBUG:colcon.colcon_core.event_handler.log_command:Invoked command in '/home/ubuntu/reflex-therapy/build/reflex-ros2' returned '2': CMAKE_PREFIX_PATH=/opt/ros/humble /usr/bin/cmake --build /home/ubuntu/reflex-therapy/build/reflex-ros2 -- -j4 -l4
[11.339s] Level 1:colcon.colcon_core.environment:create_environment_scripts_only(reflex-ros2)
[11.454s] Level 1:colcon.colcon_core.environment:checking '/home/ubuntu/reflex-therapy/install/reflex-ros2' for CMake module files
[11.457s] Level 1:colcon.colcon_core.environment:checking '/home/ubuntu/reflex-therapy/install/reflex-ros2' for CMake config files
[11.459s] Level 1:colcon.colcon_core.environment:checking '/home/ubuntu/reflex-therapy/install/reflex-ros2/bin'
[11.460s] Level 1:colcon.colcon_core.environment:checking '/home/ubuntu/reflex-therapy/install/reflex-ros2/lib/pkgconfig/reflex-ros2.pc'
[11.461s] Level 1:colcon.colcon_core.environment:checking '/home/ubuntu/reflex-therapy/install/reflex-ros2/lib/python3.10/site-packages'
[11.462s] Level 1:colcon.colcon_core.environment:checking '/home/ubuntu/reflex-therapy/install/reflex-ros2/bin'
[11.542s] INFO:colcon.colcon_core.shell:Creating package script '/home/ubuntu/reflex-therapy/install/reflex-ros2/share/reflex-ros2/package.ps1'
[11.547s] INFO:colcon.colcon_core.shell:Creating package descriptor '/home/ubuntu/reflex-therapy/install/reflex-ros2/share/reflex-ros2/package.dsv'
[11.551s] INFO:colcon.colcon_core.shell:Creating package script '/home/ubuntu/reflex-therapy/install/reflex-ros2/share/reflex-ros2/package.sh'
[11.556s] INFO:colcon.colcon_core.shell:Creating package script '/home/ubuntu/reflex-therapy/install/reflex-ros2/share/reflex-ros2/package.bash'
[11.561s] INFO:colcon.colcon_core.shell:Creating package script '/home/ubuntu/reflex-therapy/install/reflex-ros2/share/reflex-ros2/package.zsh'
[11.565s] Level 1:colcon.colcon_core.environment:create_file_with_runtime_dependencies(/home/ubuntu/reflex-therapy/install/reflex-ros2/share/colcon-core/packages/reflex-ros2)
[11.577s] DEBUG:colcon.colcon_parallel_executor.executor.parallel:closing loop
[11.578s] DEBUG:colcon.colcon_parallel_executor.executor.parallel:loop closed
[11.579s] DEBUG:colcon.colcon_parallel_executor.executor.parallel:run_until_complete finished with '2'
[11.579s] DEBUG:colcon.colcon_core.event_reactor:joining thread
[11.700s] INFO:colcon.colcon_core.plugin_system:Skipping extension 'colcon_notification.desktop_notification.terminal_notifier': Not used on non-Darwin systems
[11.700s] INFO:colcon.colcon_core.plugin_system:Skipping extension 'colcon_notification.desktop_notification.win32': Not used on non-Windows systems
[11.701s] INFO:colcon.colcon_notification.desktop_notification:Sending desktop notification using 'notify2'
[11.775s] DEBUG:colcon.colcon_core.event_reactor:joined thread
[11.879s] INFO:colcon.colcon_core.shell:Creating prefix script '/home/ubuntu/reflex-therapy/install/local_setup.ps1'
[11.883s] INFO:colcon.colcon_core.shell:Creating prefix util module '/home/ubuntu/reflex-therapy/install/_local_setup_util_ps1.py'
[11.891s] INFO:colcon.colcon_core.shell:Creating prefix chain script '/home/ubuntu/reflex-therapy/install/setup.ps1'
[11.981s] INFO:colcon.colcon_core.shell:Creating prefix script '/home/ubuntu/reflex-therapy/install/local_setup.sh'
[11.984s] INFO:colcon.colcon_core.shell:Creating prefix util module '/home/ubuntu/reflex-therapy/install/_local_setup_util_sh.py'
[11.987s] INFO:colcon.colcon_core.shell:Creating prefix chain script '/home/ubuntu/reflex-therapy/install/setup.sh'
[12.062s] INFO:colcon.colcon_core.shell:Creating prefix script '/home/ubuntu/reflex-therapy/install/local_setup.bash'
[12.065s] INFO:colcon.colcon_core.shell:Creating prefix chain script '/home/ubuntu/reflex-therapy/install/setup.bash'
[12.141s] INFO:colcon.colcon_core.shell:Creating prefix script '/home/ubuntu/reflex-therapy/install/local_setup.zsh'
[12.144s] INFO:colcon.colcon_core.shell:Creating prefix chain script '/home/ubuntu/reflex-therapy/install/setup.zsh'
