[3.797s] Invoking command in '/home/ubuntu/reflex-therapy/src/reflex_readings_py': PYTHONPATH=/home/ubuntu/reflex-therapy/build/reflex_readings_py/prefix_override:/home/ubuntu/reflex-therapy/install/reflex_readings_py/lib/python3.10/site-packages:${PYTHONPATH} /usr/bin/python3 setup.py egg_info --egg-base ../../build/reflex_readings_py build --build-base /home/ubuntu/reflex-therapy/build/reflex_readings_py/build install --record /home/ubuntu/reflex-therapy/build/reflex_readings_py/install.log --single-version-externally-managed
[5.055s] running egg_info
[5.058s] writing ../../build/reflex_readings_py/reflex_readings_py.egg-info/PKG-INFO
[5.059s] writing dependency_links to ../../build/reflex_readings_py/reflex_readings_py.egg-info/dependency_links.txt
[5.061s] writing entry points to ../../build/reflex_readings_py/reflex_readings_py.egg-info/entry_points.txt
[5.062s] writing requirements to ../../build/reflex_readings_py/reflex_readings_py.egg-info/requires.txt
[5.063s] writing top-level names to ../../build/reflex_readings_py/reflex_readings_py.egg-info/top_level.txt
[5.076s] reading manifest file '../../build/reflex_readings_py/reflex_readings_py.egg-info/SOURCES.txt'
[5.082s] writing manifest file '../../build/reflex_readings_py/reflex_readings_py.egg-info/SOURCES.txt'
[5.084s] running build
[5.085s] running build_py
[5.086s] copying reflex_readings_py/sensor_node.py -> /home/ubuntu/reflex-therapy/build/reflex_readings_py/build/lib/reflex_readings_py
[5.088s] creating /home/ubuntu/reflex-therapy/build/reflex_readings_py/build/lib/utils
[5.089s] copying utils/can_rpi.py -> /home/ubuntu/reflex-therapy/build/reflex_readings_py/build/lib/utils
[5.089s] copying utils/__init__.py -> /home/ubuntu/reflex-therapy/build/reflex_readings_py/build/lib/utils
[5.091s] running install
[5.092s] /usr/lib/python3/dist-packages/setuptools/command/install.py:34: SetuptoolsDeprecationWarning: setup.py install is deprecated. Use build and pip and other standards-based tools.
[5.092s]   warnings.warn(
[5.093s] running install_lib
[5.097s] copying /home/ubuntu/reflex-therapy/build/reflex_readings_py/build/lib/reflex_readings_py/sensor_node.py -> /home/ubuntu/reflex-therapy/install/reflex_readings_py/lib/python3.10/site-packages/reflex_readings_py
[5.099s] creating /home/ubuntu/reflex-therapy/install/reflex_readings_py/lib/python3.10/site-packages/utils
[5.101s] copying /home/ubuntu/reflex-therapy/build/reflex_readings_py/build/lib/utils/can_rpi.py -> /home/ubuntu/reflex-therapy/install/reflex_readings_py/lib/python3.10/site-packages/utils
[5.102s] copying /home/ubuntu/reflex-therapy/build/reflex_readings_py/build/lib/utils/__init__.py -> /home/ubuntu/reflex-therapy/install/reflex_readings_py/lib/python3.10/site-packages/utils
[5.105s] byte-compiling /home/ubuntu/reflex-therapy/install/reflex_readings_py/lib/python3.10/site-packages/reflex_readings_py/sensor_node.py to sensor_node.cpython-310.pyc
[5.113s] byte-compiling /home/ubuntu/reflex-therapy/install/reflex_readings_py/lib/python3.10/site-packages/utils/can_rpi.py to can_rpi.cpython-310.pyc
[5.115s] byte-compiling /home/ubuntu/reflex-therapy/install/reflex_readings_py/lib/python3.10/site-packages/utils/__init__.py to __init__.cpython-310.pyc
[5.117s] running install_data
[5.119s] running install_egg_info
[5.127s] removing '/home/ubuntu/reflex-therapy/install/reflex_readings_py/lib/python3.10/site-packages/reflex_readings_py-0.0.0-py3.10.egg-info' (and everything under it)
[5.129s] Copying ../../build/reflex_readings_py/reflex_readings_py.egg-info to /home/ubuntu/reflex-therapy/install/reflex_readings_py/lib/python3.10/site-packages/reflex_readings_py-0.0.0-py3.10.egg-info
[5.135s] running install_scripts
[5.227s] Installing sensor_node script to /home/ubuntu/reflex-therapy/install/reflex_readings_py/lib/reflex_readings_py
[5.229s] writing list of installed files to '/home/ubuntu/reflex-therapy/build/reflex_readings_py/install.log'
[5.364s] Invoked command in '/home/ubuntu/reflex-therapy/src/reflex_readings_py' returned '0': PYTHONPATH=/home/ubuntu/reflex-therapy/build/reflex_readings_py/prefix_override:/home/ubuntu/reflex-therapy/install/reflex_readings_py/lib/python3.10/site-packages:${PYTHONPATH} /usr/bin/python3 setup.py egg_info --egg-base ../../build/reflex_readings_py build --build-base /home/ubuntu/reflex-therapy/build/reflex_readings_py/build install --record /home/ubuntu/reflex-therapy/build/reflex_readings_py/install.log --single-version-externally-managed
