[0.293s] Invoking command in '/home/ubuntu/reflex-therapy/build/reflex-control-cpp': CMAKE_PREFIX_PATH=/opt/ros/humble /usr/bin/cmake /home/ubuntu/reflex-therapy/src/reflex-control-cpp -DCMAKE_INSTALL_PREFIX=/home/ubuntu/reflex-therapy/install/reflex-control-cpp
[1.433s] -- The C compiler identification is GNU 11.4.0
[2.468s] -- The CXX compiler identification is GNU 11.4.0
[2.559s] -- Detecting C compiler ABI info
[3.073s] -- Detecting C compiler ABI info - done
[3.105s] -- Check for working C compiler: /usr/bin/cc - skipped
[3.109s] -- Detecting C compile features
[3.113s] -- Detecting C compile features - done
[3.132s] -- Detecting CXX compiler ABI info
[3.561s] -- Detecting CXX compiler ABI info - done
[3.595s] -- Check for working CXX compiler: /usr/bin/c++ - skipped
[3.597s] -- Detecting CXX compile features
[3.598s] -- Detecting CXX compile features - done
[3.682s] -- Found ament_cmake: 1.3.7 (/opt/ros/humble/share/ament_cmake/cmake)
[5.381s] -- Found Python3: /usr/bin/python3.10 (found version "3.10.12") found components: Interpreter 
[6.218s] -- Found rclcpp: 16.0.8 (/opt/ros/humble/share/rclcpp/cmake)
[6.751s] -- Found rosidl_generator_c: 3.1.5 (/opt/ros/humble/share/rosidl_generator_c/cmake)
[6.819s] -- Found rosidl_adapter: 3.1.5 (/opt/ros/humble/share/rosidl_adapter/cmake)
[6.911s] -- Found rosidl_generator_cpp: 3.1.5 (/opt/ros/humble/share/rosidl_generator_cpp/cmake)
[7.045s] -- Using all available rosidl_typesupport_c: rosidl_typesupport_fastrtps_c;rosidl_typesupport_introspection_c
[7.219s] -- Using all available rosidl_typesupport_cpp: rosidl_typesupport_fastrtps_cpp;rosidl_typesupport_introspection_cpp
[7.774s] -- Found rmw_implementation_cmake: 6.1.1 (/opt/ros/humble/share/rmw_implementation_cmake/cmake)
[7.806s] -- Found rmw_fastrtps_cpp: 6.2.6 (/opt/ros/humble/share/rmw_fastrtps_cpp/cmake)
[8.682s] -- Found OpenSSL: /usr/lib/aarch64-linux-gnu/libcrypto.so (found version "3.0.2")  
[8.985s] -- Found FastRTPS: /opt/ros/humble/include  
[9.486s] -- Using RMW implementation 'rmw_fastrtps_cpp' as default
[9.601s] -- Looking for pthread.h
[10.046s] -- Looking for pthread.h - found
[10.049s] -- Performing Test CMAKE_HAVE_LIBC_PTHREAD
[10.460s] -- Performing Test CMAKE_HAVE_LIBC_PTHREAD - Success
[10.468s] -- Found Threads: TRUE  
[11.698s] -- Configuring done
[11.765s] -- Generating done
[11.774s] -- Build files have been written to: /home/ubuntu/reflex-therapy/build/reflex-control-cpp
[11.816s] Invoked command in '/home/ubuntu/reflex-therapy/build/reflex-control-cpp' returned '0': CMAKE_PREFIX_PATH=/opt/ros/humble /usr/bin/cmake /home/ubuntu/reflex-therapy/src/reflex-control-cpp -DCMAKE_INSTALL_PREFIX=/home/ubuntu/reflex-therapy/install/reflex-control-cpp
[11.827s] Invoking command in '/home/ubuntu/reflex-therapy/build/reflex-control-cpp': CMAKE_PREFIX_PATH=/opt/ros/humble /usr/bin/cmake --build /home/ubuntu/reflex-therapy/build/reflex-control-cpp -- -j4 -l4
[12.061s] [ 50%] [32mBuilding CXX object CMakeFiles/control_node.dir/src/control_node.cpp.o[0m
[56.354s] [100%] [32m[1mLinking CXX executable control_node[0m
[58.791s] [100%] Built target control_node
[58.951s] Invoked command in '/home/ubuntu/reflex-therapy/build/reflex-control-cpp' returned '0': CMAKE_PREFIX_PATH=/opt/ros/humble /usr/bin/cmake --build /home/ubuntu/reflex-therapy/build/reflex-control-cpp -- -j4 -l4
[59.205s] Invoking command in '/home/ubuntu/reflex-therapy/build/reflex-control-cpp': CMAKE_PREFIX_PATH=/opt/ros/humble /usr/bin/cmake --install /home/ubuntu/reflex-therapy/build/reflex-control-cpp
[59.240s] -- Install configuration: ""
[59.244s] -- Installing: /home/ubuntu/reflex-therapy/install/reflex-control-cpp/lib/reflex-control-cpp/control_node
[59.282s] -- Set runtime path of "/home/ubuntu/reflex-therapy/install/reflex-control-cpp/lib/reflex-control-cpp/control_node" to ""
[59.286s] -- Installing: /home/ubuntu/reflex-therapy/install/reflex-control-cpp/share/ament_index/resource_index/package_run_dependencies/reflex-control-cpp
[59.289s] -- Installing: /home/ubuntu/reflex-therapy/install/reflex-control-cpp/share/ament_index/resource_index/parent_prefix_path/reflex-control-cpp
[59.295s] -- Installing: /home/ubuntu/reflex-therapy/install/reflex-control-cpp/share/reflex-control-cpp/environment/ament_prefix_path.sh
[59.298s] -- Installing: /home/ubuntu/reflex-therapy/install/reflex-control-cpp/share/reflex-control-cpp/environment/ament_prefix_path.dsv
[59.300s] -- Installing: /home/ubuntu/reflex-therapy/install/reflex-control-cpp/share/reflex-control-cpp/environment/path.sh
[59.302s] -- Installing: /home/ubuntu/reflex-therapy/install/reflex-control-cpp/share/reflex-control-cpp/environment/path.dsv
[59.305s] -- Installing: /home/ubuntu/reflex-therapy/install/reflex-control-cpp/share/reflex-control-cpp/local_setup.bash
[59.307s] -- Installing: /home/ubuntu/reflex-therapy/install/reflex-control-cpp/share/reflex-control-cpp/local_setup.sh
[59.310s] -- Installing: /home/ubuntu/reflex-therapy/install/reflex-control-cpp/share/reflex-control-cpp/local_setup.zsh
[59.312s] -- Installing: /home/ubuntu/reflex-therapy/install/reflex-control-cpp/share/reflex-control-cpp/local_setup.dsv
[59.314s] -- Installing: /home/ubuntu/reflex-therapy/install/reflex-control-cpp/share/reflex-control-cpp/package.dsv
[59.317s] -- Installing: /home/ubuntu/reflex-therapy/install/reflex-control-cpp/share/ament_index/resource_index/packages/reflex-control-cpp
[59.319s] -- Installing: /home/ubuntu/reflex-therapy/install/reflex-control-cpp/share/reflex-control-cpp/cmake/reflex-control-cppConfig.cmake
[59.322s] -- Installing: /home/ubuntu/reflex-therapy/install/reflex-control-cpp/share/reflex-control-cpp/cmake/reflex-control-cppConfig-version.cmake
[59.325s] -- Installing: /home/ubuntu/reflex-therapy/install/reflex-control-cpp/share/reflex-control-cpp/package.xml
[59.341s] Invoked command in '/home/ubuntu/reflex-therapy/build/reflex-control-cpp' returned '0': CMAKE_PREFIX_PATH=/opt/ros/humble /usr/bin/cmake --install /home/ubuntu/reflex-therapy/build/reflex-control-cpp
