[0.384s] Invoking command in '/home/ubuntu/reflex-therapy/build/reflex-exo': CMAKE_PREFIX_PATH=${CMAKE_PREFIX_PATH}:/home/ubuntu/reflex-therapy/install/reflex_readings_py:/opt/ros/humble /usr/bin/cmake --build /home/ubuntu/reflex-therapy/build/reflex-exo -- -j4 -l4
[1.327s] [ 50%] [32mBuilding CXX object CMakeFiles/control_node.dir/src/control_node.cpp.o[0m
[14.595s] In file included from [01m[K/opt/ros/humble/include/rclcpp/rclcpp/logging.hpp:24[m[K,
[14.604s]                  from [01m[K/opt/ros/humble/include/rclcpp/rclcpp/client.hpp:40[m[K,
[14.604s]                  from [01m[K/opt/ros/humble/include/rclcpp/rclcpp/callback_group.hpp:24[m[K,
[14.605s]                  from [01m[K/opt/ros/humble/include/rclcpp/rclcpp/any_executable.hpp:20[m[K,
[14.605s]                  from [01m[K/opt/ros/humble/include/rclcpp/rclcpp/memory_strategy.hpp:25[m[K,
[14.606s]                  from [01m[K/opt/ros/humble/include/rclcpp/rclcpp/memory_strategies.hpp:18[m[K,
[14.606s]                  from [01m[K/opt/ros/humble/include/rclcpp/rclcpp/executor_options.hpp:20[m[K,
[14.606s]                  from [01m[K/opt/ros/humble/include/rclcpp/rclcpp/executor.hpp:37[m[K,
[14.607s]                  from [01m[K/opt/ros/humble/include/rclcpp/rclcpp/executors/multi_threaded_executor.hpp:25[m[K,
[14.607s]                  from [01m[K/opt/ros/humble/include/rclcpp/rclcpp/executors.hpp:21[m[K,
[14.607s]                  from [01m[K/opt/ros/humble/include/rclcpp/rclcpp/rclcpp.hpp:155[m[K,
[14.608s]                  from [01m[K/home/ubuntu/reflex-therapy/src/reflex-exo/include/reflex-exo/control_node.hpp:5[m[K,
[14.608s]                  from [01m[K/home/ubuntu/reflex-therapy/src/reflex-exo/src/control_node.cpp:2[m[K:
[14.609s] [01m[K/home/ubuntu/reflex-therapy/src/reflex-exo/include/reflex-exo/control_node.hpp:[m[K In member function ‘[01m[Kvoid reflex_exo::ControlNode::pot_callback(const UInt16&) const[m[K’:
[14.609s] [01m[K/home/ubuntu/reflex-therapy/src/reflex-exo/include/reflex-exo/control_node.hpp:30:41:[m[K [01;35m[Kwarning: [m[Kformat ‘[01m[K%f[m[K’ expects argument of type ‘[01m[Kdouble[m[K’, but argument 5 has type ‘[01m[Kint[m[K’ [[01;35m[K]8;;https://gcc.gnu.org/onlinedocs/gcc/Warning-Options.html#index-Wformat=-Wformat=]8;;[m[K]
[14.609s]    30 |         RCLCPP_INFO(this->get_logger(), [01;35m[K"Recibido del potenciómetro: '%f'"[m[K, [32m[Kmsg.data[m[K);
[14.610s]       |                                         [01;35m[K^~~~~~~~~~~~~~~~~~~~~~~~~~~~~~~~~~[m[K  [32m[K~~~~~~~~[m[K
[14.610s]       |                                                                                 [32m[K|[m[K
[14.611s]       |                                                                                 [32m[Kint[m[K
[14.611s] In file included from [01m[K/home/ubuntu/reflex-therapy/src/reflex-exo/src/control_node.cpp:2[m[K:
[14.611s] [01m[K/home/ubuntu/reflex-therapy/src/reflex-exo/include/reflex-exo/control_node.hpp:30:72:[m[K [01;36m[Knote: [m[Kformat string is defined here
[14.612s]    30 |         RCLCPP_INFO(this->get_logger(), "Recibido del potenciómetro: '[01;36m[K%f[m[K'", msg.data);
[14.612s]       |                                                                       [01;36m[K~^[m[K
[14.612s]       |                                                                        [01;36m[K|[m[K
[14.613s]       |                                                                        [01;36m[Kdouble[m[K
[14.613s]       |                                                                       [32m[K%d[m[K
[51.504s] [100%] [32m[1mLinking CXX executable control_node[0m
[54.579s] [100%] Built target control_node
[54.654s] Invoked command in '/home/ubuntu/reflex-therapy/build/reflex-exo' returned '0': CMAKE_PREFIX_PATH=${CMAKE_PREFIX_PATH}:/home/ubuntu/reflex-therapy/install/reflex_readings_py:/opt/ros/humble /usr/bin/cmake --build /home/ubuntu/reflex-therapy/build/reflex-exo -- -j4 -l4
[54.859s] Invoking command in '/home/ubuntu/reflex-therapy/build/reflex-exo': CMAKE_PREFIX_PATH=${CMAKE_PREFIX_PATH}:/home/ubuntu/reflex-therapy/install/reflex_readings_py:/opt/ros/humble /usr/bin/cmake --install /home/ubuntu/reflex-therapy/build/reflex-exo
[54.901s] -- Install configuration: ""
[54.913s] -- Installing: /home/ubuntu/reflex-therapy/install/reflex-exo/lib/reflex-exo/control_node
[54.961s] -- Set runtime path of "/home/ubuntu/reflex-therapy/install/reflex-exo/lib/reflex-exo/control_node" to ""
[54.966s] -- Up-to-date: /home/ubuntu/reflex-therapy/install/reflex-exo/lib/reflex-exo/sensor_node.py
[54.966s] -- Up-to-date: /home/ubuntu/reflex-therapy/install/reflex-exo/share/ament_index/resource_index/package_run_dependencies/reflex-exo
[54.970s] -- Up-to-date: /home/ubuntu/reflex-therapy/install/reflex-exo/share/ament_index/resource_index/parent_prefix_path/reflex-exo
[54.972s] -- Up-to-date: /home/ubuntu/reflex-therapy/install/reflex-exo/share/reflex-exo/environment/ament_prefix_path.sh
[54.973s] -- Up-to-date: /home/ubuntu/reflex-therapy/install/reflex-exo/share/reflex-exo/environment/ament_prefix_path.dsv
[54.974s] -- Up-to-date: /home/ubuntu/reflex-therapy/install/reflex-exo/share/reflex-exo/environment/path.sh
[54.974s] -- Up-to-date: /home/ubuntu/reflex-therapy/install/reflex-exo/share/reflex-exo/environment/path.dsv
[54.975s] -- Up-to-date: /home/ubuntu/reflex-therapy/install/reflex-exo/share/reflex-exo/local_setup.bash
[54.975s] -- Up-to-date: /home/ubuntu/reflex-therapy/install/reflex-exo/share/reflex-exo/local_setup.sh
[54.976s] -- Up-to-date: /home/ubuntu/reflex-therapy/install/reflex-exo/share/reflex-exo/local_setup.zsh
[54.976s] -- Up-to-date: /home/ubuntu/reflex-therapy/install/reflex-exo/share/reflex-exo/local_setup.dsv
[54.977s] -- Installing: /home/ubuntu/reflex-therapy/install/reflex-exo/share/reflex-exo/package.dsv
[54.980s] -- Up-to-date: /home/ubuntu/reflex-therapy/install/reflex-exo/share/ament_index/resource_index/packages/reflex-exo
[54.981s] -- Up-to-date: /home/ubuntu/reflex-therapy/install/reflex-exo/share/reflex-exo/cmake/reflex-exoConfig.cmake
[54.982s] -- Up-to-date: /home/ubuntu/reflex-therapy/install/reflex-exo/share/reflex-exo/cmake/reflex-exoConfig-version.cmake
[54.982s] -- Up-to-date: /home/ubuntu/reflex-therapy/install/reflex-exo/share/reflex-exo/package.xml
[54.990s] Invoked command in '/home/ubuntu/reflex-therapy/build/reflex-exo' returned '0': CMAKE_PREFIX_PATH=${CMAKE_PREFIX_PATH}:/home/ubuntu/reflex-therapy/install/reflex_readings_py:/opt/ros/humble /usr/bin/cmake --install /home/ubuntu/reflex-therapy/build/reflex-exo
