[4.917s] DEBUG:colcon:Command line arguments: ['/usr/bin/colcon', 'build']
[4.917s] DEBUG:colcon:Parsed command line arguments: Namespace(log_base=None, log_level=None, verb_name='build', build_base='build', install_base='install', merge_install=False, symlink_install=False, test_result_base=None, continue_on_error=False, executor='parallel', parallel_workers=4, event_handlers=None, ignore_user_meta=False, metas=['./colcon.meta'], base_paths=['.'], packages_ignore=None, packages_ignore_regex=None, paths=None, packages_up_to=None, packages_up_to_regex=None, packages_above=None, packages_above_and_dependencies=None, packages_above_depth=None, packages_select_by_dep=None, packages_skip_by_dep=None, packages_skip_up_to=None, packages_select_build_failed=False, packages_skip_build_finished=False, packages_select_test_failures=False, packages_skip_test_passed=False, packages_select=None, packages_skip=None, packages_select_regex=None, packages_skip_regex=None, packages_start=None, packages_end=None, allow_overriding=[], cmake_args=None, cmake_target=None, cmake_target_skip_unavailable=False, cmake_clean_cache=False, cmake_clean_first=False, cmake_force_configure=False, ament_cmake_args=None, catkin_cmake_args=None, catkin_skip_building_tests=False, verb_parser=<colcon_defaults.argument_parser.defaults.DefaultArgumentsDecorator object at 0xffffabdddff0>, verb_extension=<colcon_core.verb.build.BuildVerb object at 0xffffac101a80>, main=<bound method BuildVerb.main of <colcon_core.verb.build.BuildVerb object at 0xffffac101a80>>)
[5.155s] Level 1:colcon.colcon_core.package_discovery:discover_packages(colcon_meta) check parameters
[5.156s] Level 1:colcon.colcon_core.package_discovery:discover_packages(recursive) check parameters
[5.156s] Level 1:colcon.colcon_core.package_discovery:discover_packages(ignore) check parameters
[5.156s] Level 1:colcon.colcon_core.package_discovery:discover_packages(path) check parameters
[5.156s] Level 1:colcon.colcon_core.package_discovery:discover_packages(colcon_meta) discover
[5.157s] Level 1:colcon.colcon_core.package_discovery:discover_packages(recursive) discover
[5.157s] INFO:colcon.colcon_core.package_discovery:Crawling recursively for packages in '/home/ubuntu/reflex-therapy'
[5.157s] Level 1:colcon.colcon_core.package_identification:_identify(.) by extensions ['ignore', 'ignore_ament_install']
[5.158s] Level 1:colcon.colcon_core.package_identification:_identify(.) by extension 'ignore'
[5.158s] Level 1:colcon.colcon_core.package_identification:_identify(.) by extension 'ignore_ament_install'
[5.159s] Level 1:colcon.colcon_core.package_identification:_identify(.) by extensions ['colcon_pkg']
[5.159s] Level 1:colcon.colcon_core.package_identification:_identify(.) by extension 'colcon_pkg'
[5.159s] Level 1:colcon.colcon_core.package_identification:_identify(.) by extensions ['colcon_meta']
[5.159s] Level 1:colcon.colcon_core.package_identification:_identify(.) by extension 'colcon_meta'
[5.159s] Level 1:colcon.colcon_core.package_identification:_identify(.) by extensions ['ros']
[5.159s] Level 1:colcon.colcon_core.package_identification:_identify(.) by extension 'ros'
[5.210s] Level 1:colcon.colcon_core.package_identification:_identify(.) by extensions ['cmake', 'python']
[5.210s] Level 1:colcon.colcon_core.package_identification:_identify(.) by extension 'cmake'
[5.210s] Level 1:colcon.colcon_core.package_identification:_identify(.) by extension 'python'
[5.211s] Level 1:colcon.colcon_core.package_identification:_identify(.) by extensions ['python_setup_py']
[5.211s] Level 1:colcon.colcon_core.package_identification:_identify(.) by extension 'python_setup_py'
[5.212s] Level 1:colcon.colcon_core.package_identification:_identify(build) by extensions ['ignore', 'ignore_ament_install']
[5.212s] Level 1:colcon.colcon_core.package_identification:_identify(build) by extension 'ignore'
[5.212s] Level 1:colcon.colcon_core.package_identification:_identify(build) ignored
[5.213s] Level 1:colcon.colcon_core.package_identification:_identify(install) by extensions ['ignore', 'ignore_ament_install']
[5.214s] Level 1:colcon.colcon_core.package_identification:_identify(install) by extension 'ignore'
[5.214s] Level 1:colcon.colcon_core.package_identification:_identify(install) ignored
[5.215s] Level 1:colcon.colcon_core.package_identification:_identify(log) by extensions ['ignore', 'ignore_ament_install']
[5.215s] Level 1:colcon.colcon_core.package_identification:_identify(log) by extension 'ignore'
[5.215s] Level 1:colcon.colcon_core.package_identification:_identify(log) ignored
[5.216s] Level 1:colcon.colcon_core.package_identification:_identify(sensor_tests) by extensions ['ignore', 'ignore_ament_install']
[5.216s] Level 1:colcon.colcon_core.package_identification:_identify(sensor_tests) by extension 'ignore'
[5.216s] Level 1:colcon.colcon_core.package_identification:_identify(sensor_tests) by extension 'ignore_ament_install'
[5.217s] Level 1:colcon.colcon_core.package_identification:_identify(sensor_tests) by extensions ['colcon_pkg']
[5.217s] Level 1:colcon.colcon_core.package_identification:_identify(sensor_tests) by extension 'colcon_pkg'
[5.217s] Level 1:colcon.colcon_core.package_identification:_identify(sensor_tests) by extensions ['colcon_meta']
[5.217s] Level 1:colcon.colcon_core.package_identification:_identify(sensor_tests) by extension 'colcon_meta'
[5.217s] Level 1:colcon.colcon_core.package_identification:_identify(sensor_tests) by extensions ['ros']
[5.217s] Level 1:colcon.colcon_core.package_identification:_identify(sensor_tests) by extension 'ros'
[5.218s] Level 1:colcon.colcon_core.package_identification:_identify(sensor_tests) by extensions ['cmake', 'python']
[5.218s] Level 1:colcon.colcon_core.package_identification:_identify(sensor_tests) by extension 'cmake'
[5.218s] Level 1:colcon.colcon_core.package_identification:_identify(sensor_tests) by extension 'python'
[5.218s] Level 1:colcon.colcon_core.package_identification:_identify(sensor_tests) by extensions ['python_setup_py']
[5.219s] Level 1:colcon.colcon_core.package_identification:_identify(sensor_tests) by extension 'python_setup_py'
[5.219s] Level 1:colcon.colcon_core.package_identification:_identify(src) by extensions ['ignore', 'ignore_ament_install']
[5.219s] Level 1:colcon.colcon_core.package_identification:_identify(src) by extension 'ignore'
[5.220s] Level 1:colcon.colcon_core.package_identification:_identify(src) by extension 'ignore_ament_install'
[5.220s] Level 1:colcon.colcon_core.package_identification:_identify(src) by extensions ['colcon_pkg']
[5.220s] Level 1:colcon.colcon_core.package_identification:_identify(src) by extension 'colcon_pkg'
[5.220s] Level 1:colcon.colcon_core.package_identification:_identify(src) by extensions ['colcon_meta']
[5.221s] Level 1:colcon.colcon_core.package_identification:_identify(src) by extension 'colcon_meta'
[5.221s] Level 1:colcon.colcon_core.package_identification:_identify(src) by extensions ['ros']
[5.221s] Level 1:colcon.colcon_core.package_identification:_identify(src) by extension 'ros'
[5.221s] Level 1:colcon.colcon_core.package_identification:_identify(src) by extensions ['cmake', 'python']
[5.221s] Level 1:colcon.colcon_core.package_identification:_identify(src) by extension 'cmake'
[5.222s] Level 1:colcon.colcon_core.package_identification:_identify(src) by extension 'python'
[5.222s] Level 1:colcon.colcon_core.package_identification:_identify(src) by extensions ['python_setup_py']
[5.222s] Level 1:colcon.colcon_core.package_identification:_identify(src) by extension 'python_setup_py'
[5.223s] Level 1:colcon.colcon_core.package_identification:_identify(src/reflex-control-cpp) by extensions ['ignore', 'ignore_ament_install']
[5.223s] Level 1:colcon.colcon_core.package_identification:_identify(src/reflex-control-cpp) by extension 'ignore'
[5.223s] Level 1:colcon.colcon_core.package_identification:_identify(src/reflex-control-cpp) ignored
[5.224s] Level 1:colcon.colcon_core.package_identification:_identify(src/reflex-exo) by extensions ['ignore', 'ignore_ament_install']
[5.224s] Level 1:colcon.colcon_core.package_identification:_identify(src/reflex-exo) by extension 'ignore'
[5.224s] Level 1:colcon.colcon_core.package_identification:_identify(src/reflex-exo) by extension 'ignore_ament_install'
[5.225s] Level 1:colcon.colcon_core.package_identification:_identify(src/reflex-exo) by extensions ['colcon_pkg']
[5.225s] Level 1:colcon.colcon_core.package_identification:_identify(src/reflex-exo) by extension 'colcon_pkg'
[5.225s] Level 1:colcon.colcon_core.package_identification:_identify(src/reflex-exo) by extensions ['colcon_meta']
[5.225s] Level 1:colcon.colcon_core.package_identification:_identify(src/reflex-exo) by extension 'colcon_meta'
[5.225s] Level 1:colcon.colcon_core.package_identification:_identify(src/reflex-exo) by extensions ['ros']
[5.226s] Level 1:colcon.colcon_core.package_identification:_identify(src/reflex-exo) by extension 'ros'
[5.236s] DEBUG:colcon.colcon_core.package_identification:Package 'src/reflex-exo' with type 'ros.ament_cmake' and name 'reflex-exo'
[5.237s] Level 1:colcon.colcon_core.package_identification:_identify(src/reflex_readings_py) by extensions ['ignore', 'ignore_ament_install']
[5.237s] Level 1:colcon.colcon_core.package_identification:_identify(src/reflex_readings_py) by extension 'ignore'
[5.238s] Level 1:colcon.colcon_core.package_identification:_identify(src/reflex_readings_py) ignored
[5.238s] Level 1:colcon.colcon_core.package_discovery:discover_packages(recursive) using defaults
[5.238s] Level 1:colcon.colcon_core.package_discovery:discover_packages(ignore) discover
[5.238s] Level 1:colcon.colcon_core.package_discovery:discover_packages(ignore) using defaults
[5.238s] Level 1:colcon.colcon_core.package_discovery:discover_packages(path) discover
[5.238s] Level 1:colcon.colcon_core.package_discovery:discover_packages(path) using defaults
[5.840s] Level 1:colcon.colcon_core.package_discovery:discover_packages(prefix_path) check parameters
[5.840s] Level 1:colcon.colcon_core.package_discovery:discover_packages(prefix_path) discover
[5.989s] DEBUG:colcon.colcon_installed_package_information.package_discovery:Found 3 installed packages in /home/ubuntu/reflex-therapy/install
[6.068s] DEBUG:colcon.colcon_installed_package_information.package_discovery:Found 270 installed packages in /opt/ros/humble
[6.075s] Level 1:colcon.colcon_core.package_discovery:discover_packages(prefix_path) using defaults
[6.545s] Level 5:colcon.colcon_core.verb:set package 'reflex-exo' build argument 'cmake_args' from command line to 'None'
[6.545s] Level 5:colcon.colcon_core.verb:set package 'reflex-exo' build argument 'cmake_target' from command line to 'None'
[6.545s] Level 5:colcon.colcon_core.verb:set package 'reflex-exo' build argument 'cmake_target_skip_unavailable' from command line to 'False'
[6.546s] Level 5:colcon.colcon_core.verb:set package 'reflex-exo' build argument 'cmake_clean_cache' from command line to 'False'
[6.546s] Level 5:colcon.colcon_core.verb:set package 'reflex-exo' build argument 'cmake_clean_first' from command line to 'False'
[6.546s] Level 5:colcon.colcon_core.verb:set package 'reflex-exo' build argument 'cmake_force_configure' from command line to 'False'
[6.546s] Level 5:colcon.colcon_core.verb:set package 'reflex-exo' build argument 'ament_cmake_args' from command line to 'None'
[6.546s] Level 5:colcon.colcon_core.verb:set package 'reflex-exo' build argument 'catkin_cmake_args' from command line to 'None'
[6.546s] Level 5:colcon.colcon_core.verb:set package 'reflex-exo' build argument 'catkin_skip_building_tests' from command line to 'False'
[6.546s] DEBUG:colcon.colcon_core.verb:Building package 'reflex-exo' with the following arguments: {'ament_cmake_args': None, 'build_base': '/home/ubuntu/reflex-therapy/build/reflex-exo', 'catkin_cmake_args': None, 'catkin_skip_building_tests': False, 'cmake_args': None, 'cmake_clean_cache': False, 'cmake_clean_first': False, 'cmake_force_configure': False, 'cmake_target': None, 'cmake_target_skip_unavailable': False, 'install_base': '/home/ubuntu/reflex-therapy/install/reflex-exo', 'merge_install': False, 'path': '/home/ubuntu/reflex-therapy/src/reflex-exo', 'symlink_install': False, 'test_result_base': None}
[6.615s] INFO:colcon.colcon_core.executor:Executing jobs using 'parallel' executor
[6.690s] DEBUG:colcon.colcon_parallel_executor.executor.parallel:run_until_complete
[6.691s] INFO:colcon.colcon_ros.task.ament_cmake.build:Building ROS package in '/home/ubuntu/reflex-therapy/src/reflex-exo' with build type 'ament_cmake'
[6.691s] INFO:colcon.colcon_cmake.task.cmake.build:Building CMake package in '/home/ubuntu/reflex-therapy/src/reflex-exo'
[6.780s] INFO:colcon.colcon_core.plugin_system:Skipping extension 'colcon_core.shell.bat': Not used on non-Windows systems
[6.781s] INFO:colcon.colcon_core.shell:Skip shell extension 'powershell' for command environment: Not usable outside of PowerShell
[6.782s] DEBUG:colcon.colcon_core.shell:Skip shell extension 'dsv' for command environment
[7.066s] DEBUG:colcon.colcon_core.event_handler.log_command:Invoking command in '/home/ubuntu/reflex-therapy/build/reflex-exo': CMAKE_PREFIX_PATH=${CMAKE_PREFIX_PATH}:/home/ubuntu/reflex-therapy/install/reflex_readings_py:/opt/ros/humble /usr/bin/cmake --build /home/ubuntu/reflex-therapy/build/reflex-exo -- -j4 -l4
[7.395s] DEBUG:colcon.colcon_core.event_handler.log_command:Invoked command in '/home/ubuntu/reflex-therapy/build/reflex-exo' returned '0': CMAKE_PREFIX_PATH=${CMAKE_PREFIX_PATH}:/home/ubuntu/reflex-therapy/install/reflex_readings_py:/opt/ros/humble /usr/bin/cmake --build /home/ubuntu/reflex-therapy/build/reflex-exo -- -j4 -l4
[7.589s] DEBUG:colcon.colcon_core.event_handler.log_command:Invoking command in '/home/ubuntu/reflex-therapy/build/reflex-exo': CMAKE_PREFIX_PATH=${CMAKE_PREFIX_PATH}:/home/ubuntu/reflex-therapy/install/reflex_readings_py:/opt/ros/humble /usr/bin/cmake --install /home/ubuntu/reflex-therapy/build/reflex-exo
[7.638s] Level 1:colcon.colcon_core.environment:create_environment_scripts_only(reflex-exo)
[7.642s] DEBUG:colcon.colcon_core.event_handler.log_command:Invoked command in '/home/ubuntu/reflex-therapy/build/reflex-exo' returned '0': CMAKE_PREFIX_PATH=${CMAKE_PREFIX_PATH}:/home/ubuntu/reflex-therapy/install/reflex_readings_py:/opt/ros/humble /usr/bin/cmake --install /home/ubuntu/reflex-therapy/build/reflex-exo
[7.725s] Level 1:colcon.colcon_core.environment:checking '/home/ubuntu/reflex-therapy/install/reflex-exo' for CMake module files
[7.729s] Level 1:colcon.colcon_core.environment:checking '/home/ubuntu/reflex-therapy/install/reflex-exo' for CMake config files
[7.732s] Level 1:colcon.colcon_core.shell:create_environment_hook('reflex-exo', 'cmake_prefix_path')
[7.810s] INFO:colcon.colcon_core.shell:Creating environment hook '/home/ubuntu/reflex-therapy/install/reflex-exo/share/reflex-exo/hook/cmake_prefix_path.ps1'
[7.813s] INFO:colcon.colcon_core.shell:Creating environment descriptor '/home/ubuntu/reflex-therapy/install/reflex-exo/share/reflex-exo/hook/cmake_prefix_path.dsv'
[7.816s] INFO:colcon.colcon_core.shell:Creating environment hook '/home/ubuntu/reflex-therapy/install/reflex-exo/share/reflex-exo/hook/cmake_prefix_path.sh'
[7.820s] Level 1:colcon.colcon_core.environment:checking '/home/ubuntu/reflex-therapy/install/reflex-exo/lib'
[7.821s] Level 1:colcon.colcon_core.environment:checking '/home/ubuntu/reflex-therapy/install/reflex-exo/bin'
[7.821s] Level 1:colcon.colcon_core.environment:checking '/home/ubuntu/reflex-therapy/install/reflex-exo/lib/pkgconfig/reflex-exo.pc'
[7.822s] Level 1:colcon.colcon_core.environment:checking '/home/ubuntu/reflex-therapy/install/reflex-exo/lib/python3.10/site-packages'
[7.823s] Level 1:colcon.colcon_core.environment:checking '/home/ubuntu/reflex-therapy/install/reflex-exo/bin'
[7.900s] INFO:colcon.colcon_core.shell:Creating package script '/home/ubuntu/reflex-therapy/install/reflex-exo/share/reflex-exo/package.ps1'
[7.904s] INFO:colcon.colcon_core.shell:Creating package descriptor '/home/ubuntu/reflex-therapy/install/reflex-exo/share/reflex-exo/package.dsv'
[7.907s] INFO:colcon.colcon_core.shell:Creating package script '/home/ubuntu/reflex-therapy/install/reflex-exo/share/reflex-exo/package.sh'
[7.911s] INFO:colcon.colcon_core.shell:Creating package script '/home/ubuntu/reflex-therapy/install/reflex-exo/share/reflex-exo/package.bash'
[7.915s] INFO:colcon.colcon_core.shell:Creating package script '/home/ubuntu/reflex-therapy/install/reflex-exo/share/reflex-exo/package.zsh'
[7.918s] Level 1:colcon.colcon_core.environment:create_file_with_runtime_dependencies(/home/ubuntu/reflex-therapy/install/reflex-exo/share/colcon-core/packages/reflex-exo)
[8.149s] Level 1:colcon.colcon_core.environment:create_environment_scripts_only(reflex-exo)
[8.221s] Level 1:colcon.colcon_core.environment:checking '/home/ubuntu/reflex-therapy/install/reflex-exo' for CMake module files
[8.224s] Level 1:colcon.colcon_core.environment:checking '/home/ubuntu/reflex-therapy/install/reflex-exo' for CMake config files
[8.226s] Level 1:colcon.colcon_core.shell:create_environment_hook('reflex-exo', 'cmake_prefix_path')
[8.301s] INFO:colcon.colcon_core.shell:Creating environment hook '/home/ubuntu/reflex-therapy/install/reflex-exo/share/reflex-exo/hook/cmake_prefix_path.ps1'
[8.304s] INFO:colcon.colcon_core.shell:Creating environment descriptor '/home/ubuntu/reflex-therapy/install/reflex-exo/share/reflex-exo/hook/cmake_prefix_path.dsv'
[8.306s] INFO:colcon.colcon_core.shell:Creating environment hook '/home/ubuntu/reflex-therapy/install/reflex-exo/share/reflex-exo/hook/cmake_prefix_path.sh'
[8.309s] Level 1:colcon.colcon_core.environment:checking '/home/ubuntu/reflex-therapy/install/reflex-exo/lib'
[8.310s] Level 1:colcon.colcon_core.environment:checking '/home/ubuntu/reflex-therapy/install/reflex-exo/bin'
[8.310s] Level 1:colcon.colcon_core.environment:checking '/home/ubuntu/reflex-therapy/install/reflex-exo/lib/pkgconfig/reflex-exo.pc'
[8.311s] Level 1:colcon.colcon_core.environment:checking '/home/ubuntu/reflex-therapy/install/reflex-exo/lib/python3.10/site-packages'
[8.312s] Level 1:colcon.colcon_core.environment:checking '/home/ubuntu/reflex-therapy/install/reflex-exo/bin'
[8.389s] INFO:colcon.colcon_core.shell:Creating package script '/home/ubuntu/reflex-therapy/install/reflex-exo/share/reflex-exo/package.ps1'
[8.391s] INFO:colcon.colcon_core.shell:Creating package descriptor '/home/ubuntu/reflex-therapy/install/reflex-exo/share/reflex-exo/package.dsv'
[8.394s] INFO:colcon.colcon_core.shell:Creating package script '/home/ubuntu/reflex-therapy/install/reflex-exo/share/reflex-exo/package.sh'
[8.396s] INFO:colcon.colcon_core.shell:Creating package script '/home/ubuntu/reflex-therapy/install/reflex-exo/share/reflex-exo/package.bash'
[8.398s] INFO:colcon.colcon_core.shell:Creating package script '/home/ubuntu/reflex-therapy/install/reflex-exo/share/reflex-exo/package.zsh'
[8.400s] Level 1:colcon.colcon_core.environment:create_file_with_runtime_dependencies(/home/ubuntu/reflex-therapy/install/reflex-exo/share/colcon-core/packages/reflex-exo)
[8.402s] DEBUG:colcon.colcon_parallel_executor.executor.parallel:closing loop
[8.403s] DEBUG:colcon.colcon_parallel_executor.executor.parallel:loop closed
[8.404s] DEBUG:colcon.colcon_parallel_executor.executor.parallel:run_until_complete finished with '0'
[8.404s] DEBUG:colcon.colcon_core.event_reactor:joining thread
[8.511s] INFO:colcon.colcon_core.plugin_system:Skipping extension 'colcon_notification.desktop_notification.terminal_notifier': Not used on non-Darwin systems
[8.511s] INFO:colcon.colcon_core.plugin_system:Skipping extension 'colcon_notification.desktop_notification.win32': Not used on non-Windows systems
[8.512s] INFO:colcon.colcon_notification.desktop_notification:Sending desktop notification using 'notify2'
[8.573s] DEBUG:colcon.colcon_core.event_reactor:joined thread
[8.683s] INFO:colcon.colcon_core.shell:Creating prefix script '/home/ubuntu/reflex-therapy/install/local_setup.ps1'
[8.688s] INFO:colcon.colcon_core.shell:Creating prefix util module '/home/ubuntu/reflex-therapy/install/_local_setup_util_ps1.py'
[8.695s] INFO:colcon.colcon_core.shell:Creating prefix chain script '/home/ubuntu/reflex-therapy/install/setup.ps1'
[8.788s] INFO:colcon.colcon_core.shell:Creating prefix script '/home/ubuntu/reflex-therapy/install/local_setup.sh'
[8.791s] INFO:colcon.colcon_core.shell:Creating prefix util module '/home/ubuntu/reflex-therapy/install/_local_setup_util_sh.py'
[8.794s] INFO:colcon.colcon_core.shell:Creating prefix chain script '/home/ubuntu/reflex-therapy/install/setup.sh'
[8.873s] INFO:colcon.colcon_core.shell:Creating prefix script '/home/ubuntu/reflex-therapy/install/local_setup.bash'
[8.876s] INFO:colcon.colcon_core.shell:Creating prefix chain script '/home/ubuntu/reflex-therapy/install/setup.bash'
[8.952s] INFO:colcon.colcon_core.shell:Creating prefix script '/home/ubuntu/reflex-therapy/install/local_setup.zsh'
[8.955s] INFO:colcon.colcon_core.shell:Creating prefix chain script '/home/ubuntu/reflex-therapy/install/setup.zsh'
