[0.396s] Invoking command in '/home/ubuntu/reflex-therapy/build/reflex-exo': CMAKE_PREFIX_PATH=${CMAKE_PREFIX_PATH}:/home/ubuntu/reflex-therapy/install/reflex_readings_py:/opt/ros/humble /usr/bin/cmake --build /home/ubuntu/reflex-therapy/build/reflex-exo -- -j4 -l4
[0.758s] [100%] Built target control_node
[0.805s] Invoked command in '/home/ubuntu/reflex-therapy/build/reflex-exo' returned '0': CMAKE_PREFIX_PATH=${CMAKE_PREFIX_PATH}:/home/ubuntu/reflex-therapy/install/reflex_readings_py:/opt/ros/humble /usr/bin/cmake --build /home/ubuntu/reflex-therapy/build/reflex-exo -- -j4 -l4
[0.998s] Invoking command in '/home/ubuntu/reflex-therapy/build/reflex-exo': CMAKE_PREFIX_PATH=${CMAKE_PREFIX_PATH}:/home/ubuntu/reflex-therapy/install/reflex_readings_py:/opt/ros/humble /usr/bin/cmake --install /home/ubuntu/reflex-therapy/build/reflex-exo
[1.038s] -- Install configuration: ""
[1.042s] -- Up-to-date: /home/ubuntu/reflex-therapy/install/reflex-exo/lib/reflex-exo/control_node
[1.047s] -- Installing: /home/ubuntu/reflex-therapy/install/reflex-exo/lib/reflex-exo/sensor_node.py
[1.051s] -- Up-to-date: /home/ubuntu/reflex-therapy/install/reflex-exo/share/ament_index/resource_index/package_run_dependencies/reflex-exo
[1.052s] -- Up-to-date: /home/ubuntu/reflex-therapy/install/reflex-exo/share/ament_index/resource_index/parent_prefix_path/reflex-exo
[1.054s] -- Up-to-date: /home/ubuntu/reflex-therapy/install/reflex-exo/share/reflex-exo/environment/ament_prefix_path.sh
[1.055s] -- Up-to-date: /home/ubuntu/reflex-therapy/install/reflex-exo/share/reflex-exo/environment/ament_prefix_path.dsv
[1.056s] -- Up-to-date: /home/ubuntu/reflex-therapy/install/reflex-exo/share/reflex-exo/environment/path.sh
[1.057s] -- Up-to-date: /home/ubuntu/reflex-therapy/install/reflex-exo/share/reflex-exo/environment/path.dsv
[1.057s] -- Up-to-date: /home/ubuntu/reflex-therapy/install/reflex-exo/share/reflex-exo/local_setup.bash
[1.058s] -- Up-to-date: /home/ubuntu/reflex-therapy/install/reflex-exo/share/reflex-exo/local_setup.sh
[1.059s] -- Up-to-date: /home/ubuntu/reflex-therapy/install/reflex-exo/share/reflex-exo/local_setup.zsh
[1.059s] -- Up-to-date: /home/ubuntu/reflex-therapy/install/reflex-exo/share/reflex-exo/local_setup.dsv
[1.060s] -- Installing: /home/ubuntu/reflex-therapy/install/reflex-exo/share/reflex-exo/package.dsv
[1.060s] -- Up-to-date: /home/ubuntu/reflex-therapy/install/reflex-exo/share/ament_index/resource_index/packages/reflex-exo
[1.061s] -- Up-to-date: /home/ubuntu/reflex-therapy/install/reflex-exo/share/reflex-exo/cmake/reflex-exoConfig.cmake
[1.061s] -- Up-to-date: /home/ubuntu/reflex-therapy/install/reflex-exo/share/reflex-exo/cmake/reflex-exoConfig-version.cmake
[1.062s] -- Up-to-date: /home/ubuntu/reflex-therapy/install/reflex-exo/share/reflex-exo/package.xml
[1.070s] Invoked command in '/home/ubuntu/reflex-therapy/build/reflex-exo' returned '0': CMAKE_PREFIX_PATH=${CMAKE_PREFIX_PATH}:/home/ubuntu/reflex-therapy/install/reflex_readings_py:/opt/ros/humble /usr/bin/cmake --install /home/ubuntu/reflex-therapy/build/reflex-exo
