[0.371s] Invoking command in '/home/ubuntu/reflex-therapy/build/reflex-exo': CMAKE_PREFIX_PATH=${CMAKE_PREFIX_PATH}:/home/ubuntu/reflex-therapy/install/reflex_readings_py:/opt/ros/humble /usr/bin/cmake --build /home/ubuntu/reflex-therapy/build/reflex-exo -- -j4 -l4
[0.651s] [100%] Built target control_node
[0.695s] Invoked command in '/home/ubuntu/reflex-therapy/build/reflex-exo' returned '0': CMAKE_PREFIX_PATH=${CMAKE_PREFIX_PATH}:/home/ubuntu/reflex-therapy/install/reflex_readings_py:/opt/ros/humble /usr/bin/cmake --build /home/ubuntu/reflex-therapy/build/reflex-exo -- -j4 -l4
[0.886s] Invoking command in '/home/ubuntu/reflex-therapy/build/reflex-exo': CMAKE_PREFIX_PATH=${CMAKE_PREFIX_PATH}:/home/ubuntu/reflex-therapy/install/reflex_readings_py:/opt/ros/humble /usr/bin/cmake --install /home/ubuntu/reflex-therapy/build/reflex-exo
[0.916s] -- Install configuration: ""
[0.917s] -- Up-to-date: /home/ubuntu/reflex-therapy/install/reflex-exo/lib/reflex-exo/control_node
[0.919s] -- Installing: /home/ubuntu/reflex-therapy/install/reflex-exo/lib/reflex-exo/sensor_node.py
[0.921s] -- Up-to-date: /home/ubuntu/reflex-therapy/install/reflex-exo/share/ament_index/resource_index/package_run_dependencies/reflex-exo
[0.921s] -- Up-to-date: /home/ubuntu/reflex-therapy/install/reflex-exo/share/ament_index/resource_index/parent_prefix_path/reflex-exo
[0.922s] -- Up-to-date: /home/ubuntu/reflex-therapy/install/reflex-exo/share/reflex-exo/environment/ament_prefix_path.sh
[0.922s] -- Up-to-date: /home/ubuntu/reflex-therapy/install/reflex-exo/share/reflex-exo/environment/ament_prefix_path.dsv
[0.923s] -- Up-to-date: /home/ubuntu/reflex-therapy/install/reflex-exo/share/reflex-exo/environment/path.sh
[0.924s] -- Up-to-date: /home/ubuntu/reflex-therapy/install/reflex-exo/share/reflex-exo/environment/path.dsv
[0.924s] -- Up-to-date: /home/ubuntu/reflex-therapy/install/reflex-exo/share/reflex-exo/local_setup.bash
[0.925s] -- Up-to-date: /home/ubuntu/reflex-therapy/install/reflex-exo/share/reflex-exo/local_setup.sh
[0.925s] -- Up-to-date: /home/ubuntu/reflex-therapy/install/reflex-exo/share/reflex-exo/local_setup.zsh
[0.925s] -- Up-to-date: /home/ubuntu/reflex-therapy/install/reflex-exo/share/reflex-exo/local_setup.dsv
[0.926s] -- Installing: /home/ubuntu/reflex-therapy/install/reflex-exo/share/reflex-exo/package.dsv
[0.927s] -- Up-to-date: /home/ubuntu/reflex-therapy/install/reflex-exo/share/ament_index/resource_index/packages/reflex-exo
[0.928s] -- Up-to-date: /home/ubuntu/reflex-therapy/install/reflex-exo/share/reflex-exo/cmake/reflex-exoConfig.cmake
[0.928s] -- Up-to-date: /home/ubuntu/reflex-therapy/install/reflex-exo/share/reflex-exo/cmake/reflex-exoConfig-version.cmake
[0.929s] -- Up-to-date: /home/ubuntu/reflex-therapy/install/reflex-exo/share/reflex-exo/package.xml
[0.936s] Invoked command in '/home/ubuntu/reflex-therapy/build/reflex-exo' returned '0': CMAKE_PREFIX_PATH=${CMAKE_PREFIX_PATH}:/home/ubuntu/reflex-therapy/install/reflex_readings_py:/opt/ros/humble /usr/bin/cmake --install /home/ubuntu/reflex-therapy/build/reflex-exo
