[5.556s] DEBUG:colcon:Command line arguments: ['/usr/bin/colcon', 'build']
[5.556s] DEBUG:colcon:Parsed command line arguments: Namespace(log_base=None, log_level=None, verb_name='build', build_base='build', install_base='install', merge_install=False, symlink_install=False, test_result_base=None, continue_on_error=False, executor='parallel', parallel_workers=4, event_handlers=None, ignore_user_meta=False, metas=['./colcon.meta'], base_paths=['.'], packages_ignore=None, packages_ignore_regex=None, paths=None, packages_up_to=None, packages_up_to_regex=None, packages_above=None, packages_above_and_dependencies=None, packages_above_depth=None, packages_select_by_dep=None, packages_skip_by_dep=None, packages_skip_up_to=None, packages_select_build_failed=False, packages_skip_build_finished=False, packages_select_test_failures=False, packages_skip_test_passed=False, packages_select=None, packages_skip=None, packages_select_regex=None, packages_skip_regex=None, packages_start=None, packages_end=None, allow_overriding=[], cmake_args=None, cmake_target=None, cmake_target_skip_unavailable=False, cmake_clean_cache=False, cmake_clean_first=False, cmake_force_configure=False, ament_cmake_args=None, catkin_cmake_args=None, catkin_skip_building_tests=False, verb_parser=<colcon_defaults.argument_parser.defaults.DefaultArgumentsDecorator object at 0xffffa245d630>, verb_extension=<colcon_core.verb.build.BuildVerb object at 0xffffa2781a80>, main=<bound method BuildVerb.main of <colcon_core.verb.build.BuildVerb object at 0xffffa2781a80>>)
[5.873s] Level 1:colcon.colcon_core.package_discovery:discover_packages(colcon_meta) check parameters
[5.874s] Level 1:colcon.colcon_core.package_discovery:discover_packages(recursive) check parameters
[5.874s] Level 1:colcon.colcon_core.package_discovery:discover_packages(ignore) check parameters
[5.874s] Level 1:colcon.colcon_core.package_discovery:discover_packages(path) check parameters
[5.874s] Level 1:colcon.colcon_core.package_discovery:discover_packages(colcon_meta) discover
[5.875s] Level 1:colcon.colcon_core.package_discovery:discover_packages(recursive) discover
[5.875s] INFO:colcon.colcon_core.package_discovery:Crawling recursively for packages in '/home/ubuntu/reflex-therapy'
[5.875s] Level 1:colcon.colcon_core.package_identification:_identify(.) by extensions ['ignore', 'ignore_ament_install']
[5.876s] Level 1:colcon.colcon_core.package_identification:_identify(.) by extension 'ignore'
[5.876s] Level 1:colcon.colcon_core.package_identification:_identify(.) by extension 'ignore_ament_install'
[5.876s] Level 1:colcon.colcon_core.package_identification:_identify(.) by extensions ['colcon_pkg']
[5.877s] Level 1:colcon.colcon_core.package_identification:_identify(.) by extension 'colcon_pkg'
[5.877s] Level 1:colcon.colcon_core.package_identification:_identify(.) by extensions ['colcon_meta']
[5.877s] Level 1:colcon.colcon_core.package_identification:_identify(.) by extension 'colcon_meta'
[5.877s] Level 1:colcon.colcon_core.package_identification:_identify(.) by extensions ['ros']
[5.877s] Level 1:colcon.colcon_core.package_identification:_identify(.) by extension 'ros'
[5.954s] Level 1:colcon.colcon_core.package_identification:_identify(.) by extensions ['cmake', 'python']
[5.954s] Level 1:colcon.colcon_core.package_identification:_identify(.) by extension 'cmake'
[5.954s] Level 1:colcon.colcon_core.package_identification:_identify(.) by extension 'python'
[5.954s] Level 1:colcon.colcon_core.package_identification:_identify(.) by extensions ['python_setup_py']
[5.955s] Level 1:colcon.colcon_core.package_identification:_identify(.) by extension 'python_setup_py'
[5.955s] Level 1:colcon.colcon_core.package_identification:_identify(build) by extensions ['ignore', 'ignore_ament_install']
[5.956s] Level 1:colcon.colcon_core.package_identification:_identify(build) by extension 'ignore'
[5.956s] Level 1:colcon.colcon_core.package_identification:_identify(build) ignored
[5.957s] Level 1:colcon.colcon_core.package_identification:_identify(install) by extensions ['ignore', 'ignore_ament_install']
[5.957s] Level 1:colcon.colcon_core.package_identification:_identify(install) by extension 'ignore'
[5.957s] Level 1:colcon.colcon_core.package_identification:_identify(install) ignored
[5.958s] Level 1:colcon.colcon_core.package_identification:_identify(log) by extensions ['ignore', 'ignore_ament_install']
[5.958s] Level 1:colcon.colcon_core.package_identification:_identify(log) by extension 'ignore'
[5.959s] Level 1:colcon.colcon_core.package_identification:_identify(log) ignored
[5.959s] Level 1:colcon.colcon_core.package_identification:_identify(sensor_tests) by extensions ['ignore', 'ignore_ament_install']
[5.960s] Level 1:colcon.colcon_core.package_identification:_identify(sensor_tests) by extension 'ignore'
[5.960s] Level 1:colcon.colcon_core.package_identification:_identify(sensor_tests) by extension 'ignore_ament_install'
[5.960s] Level 1:colcon.colcon_core.package_identification:_identify(sensor_tests) by extensions ['colcon_pkg']
[5.960s] Level 1:colcon.colcon_core.package_identification:_identify(sensor_tests) by extension 'colcon_pkg'
[5.960s] Level 1:colcon.colcon_core.package_identification:_identify(sensor_tests) by extensions ['colcon_meta']
[5.961s] Level 1:colcon.colcon_core.package_identification:_identify(sensor_tests) by extension 'colcon_meta'
[5.961s] Level 1:colcon.colcon_core.package_identification:_identify(sensor_tests) by extensions ['ros']
[5.961s] Level 1:colcon.colcon_core.package_identification:_identify(sensor_tests) by extension 'ros'
[5.961s] Level 1:colcon.colcon_core.package_identification:_identify(sensor_tests) by extensions ['cmake', 'python']
[5.961s] Level 1:colcon.colcon_core.package_identification:_identify(sensor_tests) by extension 'cmake'
[5.962s] Level 1:colcon.colcon_core.package_identification:_identify(sensor_tests) by extension 'python'
[5.962s] Level 1:colcon.colcon_core.package_identification:_identify(sensor_tests) by extensions ['python_setup_py']
[5.962s] Level 1:colcon.colcon_core.package_identification:_identify(sensor_tests) by extension 'python_setup_py'
[5.963s] Level 1:colcon.colcon_core.package_identification:_identify(src) by extensions ['ignore', 'ignore_ament_install']
[5.963s] Level 1:colcon.colcon_core.package_identification:_identify(src) by extension 'ignore'
[5.963s] Level 1:colcon.colcon_core.package_identification:_identify(src) by extension 'ignore_ament_install'
[5.964s] Level 1:colcon.colcon_core.package_identification:_identify(src) by extensions ['colcon_pkg']
[5.964s] Level 1:colcon.colcon_core.package_identification:_identify(src) by extension 'colcon_pkg'
[5.964s] Level 1:colcon.colcon_core.package_identification:_identify(src) by extensions ['colcon_meta']
[5.964s] Level 1:colcon.colcon_core.package_identification:_identify(src) by extension 'colcon_meta'
[5.964s] Level 1:colcon.colcon_core.package_identification:_identify(src) by extensions ['ros']
[5.964s] Level 1:colcon.colcon_core.package_identification:_identify(src) by extension 'ros'
[5.965s] Level 1:colcon.colcon_core.package_identification:_identify(src) by extensions ['cmake', 'python']
[5.965s] Level 1:colcon.colcon_core.package_identification:_identify(src) by extension 'cmake'
[5.965s] Level 1:colcon.colcon_core.package_identification:_identify(src) by extension 'python'
[5.965s] Level 1:colcon.colcon_core.package_identification:_identify(src) by extensions ['python_setup_py']
[5.965s] Level 1:colcon.colcon_core.package_identification:_identify(src) by extension 'python_setup_py'
[5.966s] Level 1:colcon.colcon_core.package_identification:_identify(src/reflex-control-cpp) by extensions ['ignore', 'ignore_ament_install']
[5.966s] Level 1:colcon.colcon_core.package_identification:_identify(src/reflex-control-cpp) by extension 'ignore'
[5.967s] Level 1:colcon.colcon_core.package_identification:_identify(src/reflex-control-cpp) ignored
[5.967s] Level 1:colcon.colcon_core.package_identification:_identify(src/reflex-exo) by extensions ['ignore', 'ignore_ament_install']
[5.968s] Level 1:colcon.colcon_core.package_identification:_identify(src/reflex-exo) by extension 'ignore'
[5.968s] Level 1:colcon.colcon_core.package_identification:_identify(src/reflex-exo) by extension 'ignore_ament_install'
[5.968s] Level 1:colcon.colcon_core.package_identification:_identify(src/reflex-exo) by extensions ['colcon_pkg']
[5.968s] Level 1:colcon.colcon_core.package_identification:_identify(src/reflex-exo) by extension 'colcon_pkg'
[5.969s] Level 1:colcon.colcon_core.package_identification:_identify(src/reflex-exo) by extensions ['colcon_meta']
[5.969s] Level 1:colcon.colcon_core.package_identification:_identify(src/reflex-exo) by extension 'colcon_meta'
[5.969s] Level 1:colcon.colcon_core.package_identification:_identify(src/reflex-exo) by extensions ['ros']
[5.969s] Level 1:colcon.colcon_core.package_identification:_identify(src/reflex-exo) by extension 'ros'
[5.986s] DEBUG:colcon.colcon_core.package_identification:Package 'src/reflex-exo' with type 'ros.ament_cmake' and name 'reflex-exo'
[5.987s] Level 1:colcon.colcon_core.package_identification:_identify(src/reflex_readings_py) by extensions ['ignore', 'ignore_ament_install']
[5.987s] Level 1:colcon.colcon_core.package_identification:_identify(src/reflex_readings_py) by extension 'ignore'
[5.988s] Level 1:colcon.colcon_core.package_identification:_identify(src/reflex_readings_py) ignored
[5.988s] Level 1:colcon.colcon_core.package_discovery:discover_packages(recursive) using defaults
[5.988s] Level 1:colcon.colcon_core.package_discovery:discover_packages(ignore) discover
[5.988s] Level 1:colcon.colcon_core.package_discovery:discover_packages(ignore) using defaults
[5.988s] Level 1:colcon.colcon_core.package_discovery:discover_packages(path) discover
[5.988s] Level 1:colcon.colcon_core.package_discovery:discover_packages(path) using defaults
[6.605s] Level 1:colcon.colcon_core.package_discovery:discover_packages(prefix_path) check parameters
[6.605s] Level 1:colcon.colcon_core.package_discovery:discover_packages(prefix_path) discover
[6.770s] DEBUG:colcon.colcon_installed_package_information.package_discovery:Found 3 installed packages in /home/ubuntu/reflex-therapy/install
[6.851s] DEBUG:colcon.colcon_installed_package_information.package_discovery:Found 270 installed packages in /opt/ros/humble
[6.858s] Level 1:colcon.colcon_core.package_discovery:discover_packages(prefix_path) using defaults
[7.323s] Level 5:colcon.colcon_core.verb:set package 'reflex-exo' build argument 'cmake_args' from command line to 'None'
[7.324s] Level 5:colcon.colcon_core.verb:set package 'reflex-exo' build argument 'cmake_target' from command line to 'None'
[7.324s] Level 5:colcon.colcon_core.verb:set package 'reflex-exo' build argument 'cmake_target_skip_unavailable' from command line to 'False'
[7.324s] Level 5:colcon.colcon_core.verb:set package 'reflex-exo' build argument 'cmake_clean_cache' from command line to 'False'
[7.324s] Level 5:colcon.colcon_core.verb:set package 'reflex-exo' build argument 'cmake_clean_first' from command line to 'False'
[7.324s] Level 5:colcon.colcon_core.verb:set package 'reflex-exo' build argument 'cmake_force_configure' from command line to 'False'
[7.324s] Level 5:colcon.colcon_core.verb:set package 'reflex-exo' build argument 'ament_cmake_args' from command line to 'None'
[7.324s] Level 5:colcon.colcon_core.verb:set package 'reflex-exo' build argument 'catkin_cmake_args' from command line to 'None'
[7.324s] Level 5:colcon.colcon_core.verb:set package 'reflex-exo' build argument 'catkin_skip_building_tests' from command line to 'False'
[7.325s] DEBUG:colcon.colcon_core.verb:Building package 'reflex-exo' with the following arguments: {'ament_cmake_args': None, 'build_base': '/home/ubuntu/reflex-therapy/build/reflex-exo', 'catkin_cmake_args': None, 'catkin_skip_building_tests': False, 'cmake_args': None, 'cmake_clean_cache': False, 'cmake_clean_first': False, 'cmake_force_configure': False, 'cmake_target': None, 'cmake_target_skip_unavailable': False, 'install_base': '/home/ubuntu/reflex-therapy/install/reflex-exo', 'merge_install': False, 'path': '/home/ubuntu/reflex-therapy/src/reflex-exo', 'symlink_install': False, 'test_result_base': None}
[7.395s] INFO:colcon.colcon_core.executor:Executing jobs using 'parallel' executor
[7.470s] DEBUG:colcon.colcon_parallel_executor.executor.parallel:run_until_complete
[7.471s] INFO:colcon.colcon_ros.task.ament_cmake.build:Building ROS package in '/home/ubuntu/reflex-therapy/src/reflex-exo' with build type 'ament_cmake'
[7.472s] INFO:colcon.colcon_cmake.task.cmake.build:Building CMake package in '/home/ubuntu/reflex-therapy/src/reflex-exo'
[7.569s] INFO:colcon.colcon_core.plugin_system:Skipping extension 'colcon_core.shell.bat': Not used on non-Windows systems
[7.570s] INFO:colcon.colcon_core.shell:Skip shell extension 'powershell' for command environment: Not usable outside of PowerShell
[7.571s] DEBUG:colcon.colcon_core.shell:Skip shell extension 'dsv' for command environment
[7.863s] DEBUG:colcon.colcon_core.event_handler.log_command:Invoking command in '/home/ubuntu/reflex-therapy/build/reflex-exo': CMAKE_PREFIX_PATH=${CMAKE_PREFIX_PATH}:/home/ubuntu/reflex-therapy/install/reflex_readings_py:/opt/ros/humble /usr/bin/cmake --build /home/ubuntu/reflex-therapy/build/reflex-exo -- -j4 -l4
[8.341s] DEBUG:colcon.colcon_core.event_handler.log_command:Invoked command in '/home/ubuntu/reflex-therapy/build/reflex-exo' returned '0': CMAKE_PREFIX_PATH=${CMAKE_PREFIX_PATH}:/home/ubuntu/reflex-therapy/install/reflex_readings_py:/opt/ros/humble /usr/bin/cmake --build /home/ubuntu/reflex-therapy/build/reflex-exo -- -j4 -l4
[8.524s] DEBUG:colcon.colcon_core.event_handler.log_command:Invoking command in '/home/ubuntu/reflex-therapy/build/reflex-exo': CMAKE_PREFIX_PATH=${CMAKE_PREFIX_PATH}:/home/ubuntu/reflex-therapy/install/reflex_readings_py:/opt/ros/humble /usr/bin/cmake --install /home/ubuntu/reflex-therapy/build/reflex-exo
[8.629s] Level 1:colcon.colcon_core.environment:create_environment_scripts_only(reflex-exo)
[8.665s] DEBUG:colcon.colcon_core.event_handler.log_command:Invoked command in '/home/ubuntu/reflex-therapy/build/reflex-exo' returned '0': CMAKE_PREFIX_PATH=${CMAKE_PREFIX_PATH}:/home/ubuntu/reflex-therapy/install/reflex_readings_py:/opt/ros/humble /usr/bin/cmake --install /home/ubuntu/reflex-therapy/build/reflex-exo
[8.834s] Level 1:colcon.colcon_core.environment:checking '/home/ubuntu/reflex-therapy/install/reflex-exo' for CMake module files
[8.838s] Level 1:colcon.colcon_core.environment:checking '/home/ubuntu/reflex-therapy/install/reflex-exo' for CMake config files
[8.841s] Level 1:colcon.colcon_core.shell:create_environment_hook('reflex-exo', 'cmake_prefix_path')
[8.912s] INFO:colcon.colcon_core.shell:Creating environment hook '/home/ubuntu/reflex-therapy/install/reflex-exo/share/reflex-exo/hook/cmake_prefix_path.ps1'
[8.916s] INFO:colcon.colcon_core.shell:Creating environment descriptor '/home/ubuntu/reflex-therapy/install/reflex-exo/share/reflex-exo/hook/cmake_prefix_path.dsv'
[8.919s] INFO:colcon.colcon_core.shell:Creating environment hook '/home/ubuntu/reflex-therapy/install/reflex-exo/share/reflex-exo/hook/cmake_prefix_path.sh'
[8.924s] Level 1:colcon.colcon_core.environment:checking '/home/ubuntu/reflex-therapy/install/reflex-exo/lib'
[8.925s] Level 1:colcon.colcon_core.environment:checking '/home/ubuntu/reflex-therapy/install/reflex-exo/bin'
[8.926s] Level 1:colcon.colcon_core.environment:checking '/home/ubuntu/reflex-therapy/install/reflex-exo/lib/pkgconfig/reflex-exo.pc'
[8.928s] Level 1:colcon.colcon_core.environment:checking '/home/ubuntu/reflex-therapy/install/reflex-exo/lib/python3.10/site-packages'
[8.929s] Level 1:colcon.colcon_core.environment:checking '/home/ubuntu/reflex-therapy/install/reflex-exo/bin'
[9.003s] INFO:colcon.colcon_core.shell:Creating package script '/home/ubuntu/reflex-therapy/install/reflex-exo/share/reflex-exo/package.ps1'
[9.006s] INFO:colcon.colcon_core.shell:Creating package descriptor '/home/ubuntu/reflex-therapy/install/reflex-exo/share/reflex-exo/package.dsv'
[9.009s] INFO:colcon.colcon_core.shell:Creating package script '/home/ubuntu/reflex-therapy/install/reflex-exo/share/reflex-exo/package.sh'
[9.013s] INFO:colcon.colcon_core.shell:Creating package script '/home/ubuntu/reflex-therapy/install/reflex-exo/share/reflex-exo/package.bash'
[9.017s] INFO:colcon.colcon_core.shell:Creating package script '/home/ubuntu/reflex-therapy/install/reflex-exo/share/reflex-exo/package.zsh'
[9.022s] Level 1:colcon.colcon_core.environment:create_file_with_runtime_dependencies(/home/ubuntu/reflex-therapy/install/reflex-exo/share/colcon-core/packages/reflex-exo)
[9.246s] Level 1:colcon.colcon_core.environment:create_environment_scripts_only(reflex-exo)
[9.317s] Level 1:colcon.colcon_core.environment:checking '/home/ubuntu/reflex-therapy/install/reflex-exo' for CMake module files
[9.321s] Level 1:colcon.colcon_core.environment:checking '/home/ubuntu/reflex-therapy/install/reflex-exo' for CMake config files
[9.324s] Level 1:colcon.colcon_core.shell:create_environment_hook('reflex-exo', 'cmake_prefix_path')
[9.396s] INFO:colcon.colcon_core.shell:Creating environment hook '/home/ubuntu/reflex-therapy/install/reflex-exo/share/reflex-exo/hook/cmake_prefix_path.ps1'
[9.399s] INFO:colcon.colcon_core.shell:Creating environment descriptor '/home/ubuntu/reflex-therapy/install/reflex-exo/share/reflex-exo/hook/cmake_prefix_path.dsv'
[9.401s] INFO:colcon.colcon_core.shell:Creating environment hook '/home/ubuntu/reflex-therapy/install/reflex-exo/share/reflex-exo/hook/cmake_prefix_path.sh'
[9.403s] Level 1:colcon.colcon_core.environment:checking '/home/ubuntu/reflex-therapy/install/reflex-exo/lib'
[9.404s] Level 1:colcon.colcon_core.environment:checking '/home/ubuntu/reflex-therapy/install/reflex-exo/bin'
[9.404s] Level 1:colcon.colcon_core.environment:checking '/home/ubuntu/reflex-therapy/install/reflex-exo/lib/pkgconfig/reflex-exo.pc'
[9.405s] Level 1:colcon.colcon_core.environment:checking '/home/ubuntu/reflex-therapy/install/reflex-exo/lib/python3.10/site-packages'
[9.407s] Level 1:colcon.colcon_core.environment:checking '/home/ubuntu/reflex-therapy/install/reflex-exo/bin'
[9.482s] INFO:colcon.colcon_core.shell:Creating package script '/home/ubuntu/reflex-therapy/install/reflex-exo/share/reflex-exo/package.ps1'
[9.485s] INFO:colcon.colcon_core.shell:Creating package descriptor '/home/ubuntu/reflex-therapy/install/reflex-exo/share/reflex-exo/package.dsv'
[9.487s] INFO:colcon.colcon_core.shell:Creating package script '/home/ubuntu/reflex-therapy/install/reflex-exo/share/reflex-exo/package.sh'
[9.490s] INFO:colcon.colcon_core.shell:Creating package script '/home/ubuntu/reflex-therapy/install/reflex-exo/share/reflex-exo/package.bash'
[9.492s] INFO:colcon.colcon_core.shell:Creating package script '/home/ubuntu/reflex-therapy/install/reflex-exo/share/reflex-exo/package.zsh'
[9.495s] Level 1:colcon.colcon_core.environment:create_file_with_runtime_dependencies(/home/ubuntu/reflex-therapy/install/reflex-exo/share/colcon-core/packages/reflex-exo)
[9.496s] DEBUG:colcon.colcon_parallel_executor.executor.parallel:closing loop
[9.497s] DEBUG:colcon.colcon_parallel_executor.executor.parallel:loop closed
[9.498s] DEBUG:colcon.colcon_parallel_executor.executor.parallel:run_until_complete finished with '0'
[9.498s] DEBUG:colcon.colcon_core.event_reactor:joining thread
[9.623s] INFO:colcon.colcon_core.plugin_system:Skipping extension 'colcon_notification.desktop_notification.terminal_notifier': Not used on non-Darwin systems
[9.623s] INFO:colcon.colcon_core.plugin_system:Skipping extension 'colcon_notification.desktop_notification.win32': Not used on non-Windows systems
[9.624s] INFO:colcon.colcon_notification.desktop_notification:Sending desktop notification using 'notify2'
[9.695s] DEBUG:colcon.colcon_core.event_reactor:joined thread
[9.800s] INFO:colcon.colcon_core.shell:Creating prefix script '/home/ubuntu/reflex-therapy/install/local_setup.ps1'
[9.806s] INFO:colcon.colcon_core.shell:Creating prefix util module '/home/ubuntu/reflex-therapy/install/_local_setup_util_ps1.py'
[9.814s] INFO:colcon.colcon_core.shell:Creating prefix chain script '/home/ubuntu/reflex-therapy/install/setup.ps1'
[9.903s] INFO:colcon.colcon_core.shell:Creating prefix script '/home/ubuntu/reflex-therapy/install/local_setup.sh'
[9.907s] INFO:colcon.colcon_core.shell:Creating prefix util module '/home/ubuntu/reflex-therapy/install/_local_setup_util_sh.py'
[9.910s] INFO:colcon.colcon_core.shell:Creating prefix chain script '/home/ubuntu/reflex-therapy/install/setup.sh'
[9.991s] INFO:colcon.colcon_core.shell:Creating prefix script '/home/ubuntu/reflex-therapy/install/local_setup.bash'
[9.994s] INFO:colcon.colcon_core.shell:Creating prefix chain script '/home/ubuntu/reflex-therapy/install/setup.bash'
[10.087s] INFO:colcon.colcon_core.shell:Creating prefix script '/home/ubuntu/reflex-therapy/install/local_setup.zsh'
[10.091s] INFO:colcon.colcon_core.shell:Creating prefix chain script '/home/ubuntu/reflex-therapy/install/setup.zsh'
