running egg_info
creating ../../build/reflex_readings_py/reflex_readings_py.egg-info
writing ../../build/reflex_readings_py/reflex_readings_py.egg-info/PKG-INFO
writing dependency_links to ../../build/reflex_readings_py/reflex_readings_py.egg-info/dependency_links.txt
writing entry points to ../../build/reflex_readings_py/reflex_readings_py.egg-info/entry_points.txt
writing requirements to ../../build/reflex_readings_py/reflex_readings_py.egg-info/requires.txt
writing top-level names to ../../build/reflex_readings_py/reflex_readings_py.egg-info/top_level.txt
writing manifest file '../../build/reflex_readings_py/reflex_readings_py.egg-info/SOURCES.txt'
reading manifest file '../../build/reflex_readings_py/reflex_readings_py.egg-info/SOURCES.txt'
writing manifest file '../../build/reflex_readings_py/reflex_readings_py.egg-info/SOURCES.txt'
running build
running build_py
creating /home/ubuntu/reflex-therapy/build/reflex_readings_py/build
creating /home/ubuntu/reflex-therapy/build/reflex_readings_py/build/lib
creating /home/ubuntu/reflex-therapy/build/reflex_readings_py/build/lib/reflex_readings_py
copying reflex_readings_py/sensor_node.py -> /home/ubuntu/reflex-therapy/build/reflex_readings_py/build/lib/reflex_readings_py
copying reflex_readings_py/__init__.py -> /home/ubuntu/reflex-therapy/build/reflex_readings_py/build/lib/reflex_readings_py
running install
/usr/lib/python3/dist-packages/setuptools/command/install.py:34: SetuptoolsDeprecationWarning: setup.py install is deprecated. Use build and pip and other standards-based tools.
  warnings.warn(
running install_lib
creating /home/ubuntu/reflex-therapy/install/reflex_readings_py/lib/python3.10/site-packages/reflex_readings_py
copying /home/ubuntu/reflex-therapy/build/reflex_readings_py/build/lib/reflex_readings_py/sensor_node.py -> /home/ubuntu/reflex-therapy/install/reflex_readings_py/lib/python3.10/site-packages/reflex_readings_py
copying /home/ubuntu/reflex-therapy/build/reflex_readings_py/build/lib/reflex_readings_py/__init__.py -> /home/ubuntu/reflex-therapy/install/reflex_readings_py/lib/python3.10/site-packages/reflex_readings_py
byte-compiling /home/ubuntu/reflex-therapy/install/reflex_readings_py/lib/python3.10/site-packages/reflex_readings_py/sensor_node.py to sensor_node.cpython-310.pyc
byte-compiling /home/ubuntu/reflex-therapy/install/reflex_readings_py/lib/python3.10/site-packages/reflex_readings_py/__init__.py to __init__.cpython-310.pyc
running install_data
creating /home/ubuntu/reflex-therapy/install/reflex_readings_py/share/ament_index
creating /home/ubuntu/reflex-therapy/install/reflex_readings_py/share/ament_index/resource_index
creating /home/ubuntu/reflex-therapy/install/reflex_readings_py/share/ament_index/resource_index/packages
copying resource/reflex_readings_py -> /home/ubuntu/reflex-therapy/install/reflex_readings_py/share/ament_index/resource_index/packages
copying package.xml -> /home/ubuntu/reflex-therapy/install/reflex_readings_py/share/reflex_readings_py
running install_egg_info
Copying ../../build/reflex_readings_py/reflex_readings_py.egg-info to /home/ubuntu/reflex-therapy/install/reflex_readings_py/lib/python3.10/site-packages/reflex_readings_py-0.0.0-py3.10.egg-info
running install_scripts
Installing sensor_node script to /home/ubuntu/reflex-therapy/install/reflex_readings_py/lib/reflex_readings_py
writing list of installed files to '/home/ubuntu/reflex-therapy/build/reflex_readings_py/install.log'
