[1.197s] Invoking command in '/home/ubuntu/reflex-therapy/build/reflex-exo': CMAKE_PREFIX_PATH=${CMAKE_PREFIX_PATH}:/home/ubuntu/reflex-therapy/install/reflex_readings_py:/opt/ros/humble /usr/bin/cmake --build /home/ubuntu/reflex-therapy/build/reflex-exo -- -j4 -l4
[1.895s] [ 50%] [32mBuilding CXX object CMakeFiles/control_node.dir/src/control_node.cpp.o[0m
[17.654s] In file included from [01m[K/opt/ros/humble/include/rclcpp/rclcpp/logging.hpp:24[m[K,
[17.662s]                  from [01m[K/opt/ros/humble/include/rclcpp/rclcpp/client.hpp:40[m[K,
[17.663s]                  from [01m[K/opt/ros/humble/include/rclcpp/rclcpp/callback_group.hpp:24[m[K,
[17.663s]                  from [01m[K/opt/ros/humble/include/rclcpp/rclcpp/any_executable.hpp:20[m[K,
[17.664s]                  from [01m[K/opt/ros/humble/include/rclcpp/rclcpp/memory_strategy.hpp:25[m[K,
[17.664s]                  from [01m[K/opt/ros/humble/include/rclcpp/rclcpp/memory_strategies.hpp:18[m[K,
[17.665s]                  from [01m[K/opt/ros/humble/include/rclcpp/rclcpp/executor_options.hpp:20[m[K,
[17.665s]                  from [01m[K/opt/ros/humble/include/rclcpp/rclcpp/executor.hpp:37[m[K,
[17.666s]                  from [01m[K/opt/ros/humble/include/rclcpp/rclcpp/executors/multi_threaded_executor.hpp:25[m[K,
[17.666s]                  from [01m[K/opt/ros/humble/include/rclcpp/rclcpp/executors.hpp:21[m[K,
[17.667s]                  from [01m[K/opt/ros/humble/include/rclcpp/rclcpp/rclcpp.hpp:155[m[K,
[17.667s]                  from [01m[K/home/ubuntu/reflex-therapy/src/reflex-exo/include/reflex-exo/control_node.hpp:5[m[K,
[17.668s]                  from [01m[K/home/ubuntu/reflex-therapy/src/reflex-exo/src/control_node.cpp:2[m[K:
[17.669s] [01m[K/home/ubuntu/reflex-therapy/src/reflex-exo/include/reflex-exo/control_node.hpp:[m[K In member function ‘[01m[Kvoid reflex_exo::ControlNode::pot_callback(const UInt16&) const[m[K’:
[17.669s] [01m[K/home/ubuntu/reflex-therapy/src/reflex-exo/include/reflex-exo/control_node.hpp:30:41:[m[K [01;35m[Kwarning: [m[Kformat ‘[01m[K%f[m[K’ expects argument of type ‘[01m[Kdouble[m[K’, but argument 5 has type ‘[01m[Kint[m[K’ [[01;35m[K]8;;https://gcc.gnu.org/onlinedocs/gcc/Warning-Options.html#index-Wformat=-Wformat=]8;;[m[K]
[17.670s]    30 |         RCLCPP_INFO(this->get_logger(), [01;35m[K"Recibido del potenciómetro: '%f'"[m[K, [32m[Kmsg.data[m[K);
[17.670s]       |                                         [01;35m[K^~~~~~~~~~~~~~~~~~~~~~~~~~~~~~~~~~[m[K  [32m[K~~~~~~~~[m[K
[17.671s]       |                                                                                 [32m[K|[m[K
[17.671s]       |                                                                                 [32m[Kint[m[K
[17.672s] In file included from [01m[K/home/ubuntu/reflex-therapy/src/reflex-exo/src/control_node.cpp:2[m[K:
[17.672s] [01m[K/home/ubuntu/reflex-therapy/src/reflex-exo/include/reflex-exo/control_node.hpp:30:72:[m[K [01;36m[Knote: [m[Kformat string is defined here
[17.673s]    30 |         RCLCPP_INFO(this->get_logger(), "Recibido del potenciómetro: '[01;36m[K%f[m[K'", msg.data);
[17.673s]       |                                                                       [01;36m[K~^[m[K
[17.674s]       |                                                                        [01;36m[K|[m[K
[17.674s]       |                                                                        [01;36m[Kdouble[m[K
[17.675s]       |                                                                       [32m[K%d[m[K
