[4.916s] DEBUG:colcon:Command line arguments: ['/usr/bin/colcon', 'build']
[4.916s] DEBUG:colcon:Parsed command line arguments: Namespace(log_base=None, log_level=None, verb_name='build', build_base='build', install_base='install', merge_install=False, symlink_install=False, test_result_base=None, continue_on_error=False, executor='parallel', parallel_workers=4, event_handlers=None, ignore_user_meta=False, metas=['./colcon.meta'], base_paths=['.'], packages_ignore=None, packages_ignore_regex=None, paths=None, packages_up_to=None, packages_up_to_regex=None, packages_above=None, packages_above_and_dependencies=None, packages_above_depth=None, packages_select_by_dep=None, packages_skip_by_dep=None, packages_skip_up_to=None, packages_select_build_failed=False, packages_skip_build_finished=False, packages_select_test_failures=False, packages_skip_test_passed=False, packages_select=None, packages_skip=None, packages_select_regex=None, packages_skip_regex=None, packages_start=None, packages_end=None, allow_overriding=[], cmake_args=None, cmake_target=None, cmake_target_skip_unavailable=False, cmake_clean_cache=False, cmake_clean_first=False, cmake_force_configure=False, ament_cmake_args=None, catkin_cmake_args=None, catkin_skip_building_tests=False, verb_parser=<colcon_defaults.argument_parser.defaults.DefaultArgumentsDecorator object at 0xffff94492ad0>, verb_extension=<colcon_core.verb.build.BuildVerb object at 0xffff9470fc70>, main=<bound method BuildVerb.main of <colcon_core.verb.build.BuildVerb object at 0xffff9470fc70>>)
[5.146s] Level 1:colcon.colcon_core.package_discovery:discover_packages(colcon_meta) check parameters
[5.146s] Level 1:colcon.colcon_core.package_discovery:discover_packages(recursive) check parameters
[5.146s] Level 1:colcon.colcon_core.package_discovery:discover_packages(ignore) check parameters
[5.147s] Level 1:colcon.colcon_core.package_discovery:discover_packages(path) check parameters
[5.147s] Level 1:colcon.colcon_core.package_discovery:discover_packages(colcon_meta) discover
[5.147s] Level 1:colcon.colcon_core.package_discovery:discover_packages(recursive) discover
[5.147s] INFO:colcon.colcon_core.package_discovery:Crawling recursively for packages in '/home/ubuntu/reflex-therapy'
[5.148s] Level 1:colcon.colcon_core.package_identification:_identify(.) by extensions ['ignore', 'ignore_ament_install']
[5.148s] Level 1:colcon.colcon_core.package_identification:_identify(.) by extension 'ignore'
[5.149s] Level 1:colcon.colcon_core.package_identification:_identify(.) by extension 'ignore_ament_install'
[5.149s] Level 1:colcon.colcon_core.package_identification:_identify(.) by extensions ['colcon_pkg']
[5.149s] Level 1:colcon.colcon_core.package_identification:_identify(.) by extension 'colcon_pkg'
[5.149s] Level 1:colcon.colcon_core.package_identification:_identify(.) by extensions ['colcon_meta']
[5.150s] Level 1:colcon.colcon_core.package_identification:_identify(.) by extension 'colcon_meta'
[5.150s] Level 1:colcon.colcon_core.package_identification:_identify(.) by extensions ['ros']
[5.150s] Level 1:colcon.colcon_core.package_identification:_identify(.) by extension 'ros'
[5.214s] Level 1:colcon.colcon_core.package_identification:_identify(.) by extensions ['cmake', 'python']
[5.214s] Level 1:colcon.colcon_core.package_identification:_identify(.) by extension 'cmake'
[5.214s] Level 1:colcon.colcon_core.package_identification:_identify(.) by extension 'python'
[5.215s] Level 1:colcon.colcon_core.package_identification:_identify(.) by extensions ['python_setup_py']
[5.215s] Level 1:colcon.colcon_core.package_identification:_identify(.) by extension 'python_setup_py'
[5.215s] Level 1:colcon.colcon_core.package_identification:_identify(build) by extensions ['ignore', 'ignore_ament_install']
[5.216s] Level 1:colcon.colcon_core.package_identification:_identify(build) by extension 'ignore'
[5.216s] Level 1:colcon.colcon_core.package_identification:_identify(build) ignored
[5.217s] Level 1:colcon.colcon_core.package_identification:_identify(install) by extensions ['ignore', 'ignore_ament_install']
[5.217s] Level 1:colcon.colcon_core.package_identification:_identify(install) by extension 'ignore'
[5.218s] Level 1:colcon.colcon_core.package_identification:_identify(install) ignored
[5.218s] Level 1:colcon.colcon_core.package_identification:_identify(log) by extensions ['ignore', 'ignore_ament_install']
[5.219s] Level 1:colcon.colcon_core.package_identification:_identify(log) by extension 'ignore'
[5.219s] Level 1:colcon.colcon_core.package_identification:_identify(log) ignored
[5.219s] Level 1:colcon.colcon_core.package_identification:_identify(sensor_tests) by extensions ['ignore', 'ignore_ament_install']
[5.220s] Level 1:colcon.colcon_core.package_identification:_identify(sensor_tests) by extension 'ignore'
[5.220s] Level 1:colcon.colcon_core.package_identification:_identify(sensor_tests) by extension 'ignore_ament_install'
[5.220s] Level 1:colcon.colcon_core.package_identification:_identify(sensor_tests) by extensions ['colcon_pkg']
[5.221s] Level 1:colcon.colcon_core.package_identification:_identify(sensor_tests) by extension 'colcon_pkg'
[5.221s] Level 1:colcon.colcon_core.package_identification:_identify(sensor_tests) by extensions ['colcon_meta']
[5.221s] Level 1:colcon.colcon_core.package_identification:_identify(sensor_tests) by extension 'colcon_meta'
[5.221s] Level 1:colcon.colcon_core.package_identification:_identify(sensor_tests) by extensions ['ros']
[5.221s] Level 1:colcon.colcon_core.package_identification:_identify(sensor_tests) by extension 'ros'
[5.222s] Level 1:colcon.colcon_core.package_identification:_identify(sensor_tests) by extensions ['cmake', 'python']
[5.222s] Level 1:colcon.colcon_core.package_identification:_identify(sensor_tests) by extension 'cmake'
[5.222s] Level 1:colcon.colcon_core.package_identification:_identify(sensor_tests) by extension 'python'
[5.222s] Level 1:colcon.colcon_core.package_identification:_identify(sensor_tests) by extensions ['python_setup_py']
[5.222s] Level 1:colcon.colcon_core.package_identification:_identify(sensor_tests) by extension 'python_setup_py'
[5.223s] Level 1:colcon.colcon_core.package_identification:_identify(src) by extensions ['ignore', 'ignore_ament_install']
[5.223s] Level 1:colcon.colcon_core.package_identification:_identify(src) by extension 'ignore'
[5.224s] Level 1:colcon.colcon_core.package_identification:_identify(src) by extension 'ignore_ament_install'
[5.224s] Level 1:colcon.colcon_core.package_identification:_identify(src) by extensions ['colcon_pkg']
[5.224s] Level 1:colcon.colcon_core.package_identification:_identify(src) by extension 'colcon_pkg'
[5.224s] Level 1:colcon.colcon_core.package_identification:_identify(src) by extensions ['colcon_meta']
[5.224s] Level 1:colcon.colcon_core.package_identification:_identify(src) by extension 'colcon_meta'
[5.225s] Level 1:colcon.colcon_core.package_identification:_identify(src) by extensions ['ros']
[5.225s] Level 1:colcon.colcon_core.package_identification:_identify(src) by extension 'ros'
[5.225s] Level 1:colcon.colcon_core.package_identification:_identify(src) by extensions ['cmake', 'python']
[5.225s] Level 1:colcon.colcon_core.package_identification:_identify(src) by extension 'cmake'
[5.226s] Level 1:colcon.colcon_core.package_identification:_identify(src) by extension 'python'
[5.226s] Level 1:colcon.colcon_core.package_identification:_identify(src) by extensions ['python_setup_py']
[5.226s] Level 1:colcon.colcon_core.package_identification:_identify(src) by extension 'python_setup_py'
[5.226s] Level 1:colcon.colcon_core.package_identification:_identify(src/reflex-control-cpp) by extensions ['ignore', 'ignore_ament_install']
[5.227s] Level 1:colcon.colcon_core.package_identification:_identify(src/reflex-control-cpp) by extension 'ignore'
[5.227s] Level 1:colcon.colcon_core.package_identification:_identify(src/reflex-control-cpp) ignored
[5.228s] Level 1:colcon.colcon_core.package_identification:_identify(src/reflex-exo) by extensions ['ignore', 'ignore_ament_install']
[5.228s] Level 1:colcon.colcon_core.package_identification:_identify(src/reflex-exo) by extension 'ignore'
[5.228s] Level 1:colcon.colcon_core.package_identification:_identify(src/reflex-exo) ignored
[5.229s] Level 1:colcon.colcon_core.package_identification:_identify(src/reflex_readings_py) by extensions ['ignore', 'ignore_ament_install']
[5.229s] Level 1:colcon.colcon_core.package_identification:_identify(src/reflex_readings_py) by extension 'ignore'
[5.230s] Level 1:colcon.colcon_core.package_identification:_identify(src/reflex_readings_py) by extension 'ignore_ament_install'
[5.230s] Level 1:colcon.colcon_core.package_identification:_identify(src/reflex_readings_py) by extensions ['colcon_pkg']
[5.230s] Level 1:colcon.colcon_core.package_identification:_identify(src/reflex_readings_py) by extension 'colcon_pkg'
[5.230s] Level 1:colcon.colcon_core.package_identification:_identify(src/reflex_readings_py) by extensions ['colcon_meta']
[5.230s] Level 1:colcon.colcon_core.package_identification:_identify(src/reflex_readings_py) by extension 'colcon_meta'
[5.231s] Level 1:colcon.colcon_core.package_identification:_identify(src/reflex_readings_py) by extensions ['ros']
[5.231s] Level 1:colcon.colcon_core.package_identification:_identify(src/reflex_readings_py) by extension 'ros'
[5.241s] DEBUG:colcon.colcon_core.package_identification:Package 'src/reflex_readings_py' with type 'ros.ament_python' and name 'reflex_readings_py'
[5.241s] Level 1:colcon.colcon_core.package_discovery:discover_packages(recursive) using defaults
[5.241s] Level 1:colcon.colcon_core.package_discovery:discover_packages(ignore) discover
[5.241s] Level 1:colcon.colcon_core.package_discovery:discover_packages(ignore) using defaults
[5.242s] Level 1:colcon.colcon_core.package_discovery:discover_packages(path) discover
[5.242s] Level 1:colcon.colcon_core.package_discovery:discover_packages(path) using defaults
[5.899s] Level 1:colcon.colcon_core.package_discovery:discover_packages(prefix_path) check parameters
[5.900s] Level 1:colcon.colcon_core.package_discovery:discover_packages(prefix_path) discover
[6.076s] DEBUG:colcon.colcon_installed_package_information.package_discovery:Found 270 installed packages in /opt/ros/humble
[6.083s] Level 1:colcon.colcon_core.package_discovery:discover_packages(prefix_path) using defaults
[6.541s] Level 5:colcon.colcon_core.verb:set package 'reflex_readings_py' build argument 'cmake_args' from command line to 'None'
[6.541s] Level 5:colcon.colcon_core.verb:set package 'reflex_readings_py' build argument 'cmake_target' from command line to 'None'
[6.541s] Level 5:colcon.colcon_core.verb:set package 'reflex_readings_py' build argument 'cmake_target_skip_unavailable' from command line to 'False'
[6.542s] Level 5:colcon.colcon_core.verb:set package 'reflex_readings_py' build argument 'cmake_clean_cache' from command line to 'False'
[6.542s] Level 5:colcon.colcon_core.verb:set package 'reflex_readings_py' build argument 'cmake_clean_first' from command line to 'False'
[6.542s] Level 5:colcon.colcon_core.verb:set package 'reflex_readings_py' build argument 'cmake_force_configure' from command line to 'False'
[6.542s] Level 5:colcon.colcon_core.verb:set package 'reflex_readings_py' build argument 'ament_cmake_args' from command line to 'None'
[6.542s] Level 5:colcon.colcon_core.verb:set package 'reflex_readings_py' build argument 'catkin_cmake_args' from command line to 'None'
[6.542s] Level 5:colcon.colcon_core.verb:set package 'reflex_readings_py' build argument 'catkin_skip_building_tests' from command line to 'False'
[6.542s] DEBUG:colcon.colcon_core.verb:Building package 'reflex_readings_py' with the following arguments: {'ament_cmake_args': None, 'build_base': '/home/ubuntu/reflex-therapy/build/reflex_readings_py', 'catkin_cmake_args': None, 'catkin_skip_building_tests': False, 'cmake_args': None, 'cmake_clean_cache': False, 'cmake_clean_first': False, 'cmake_force_configure': False, 'cmake_target': None, 'cmake_target_skip_unavailable': False, 'install_base': '/home/ubuntu/reflex-therapy/install/reflex_readings_py', 'merge_install': False, 'path': '/home/ubuntu/reflex-therapy/src/reflex_readings_py', 'symlink_install': False, 'test_result_base': None}
[6.610s] INFO:colcon.colcon_core.executor:Executing jobs using 'parallel' executor
[6.688s] DEBUG:colcon.colcon_parallel_executor.executor.parallel:run_until_complete
[6.689s] INFO:colcon.colcon_ros.task.ament_python.build:Building ROS package in '/home/ubuntu/reflex-therapy/src/reflex_readings_py' with build type 'ament_python'
[6.690s] Level 1:colcon.colcon_core.shell:create_environment_hook('reflex_readings_py', 'ament_prefix_path')
[6.781s] INFO:colcon.colcon_core.plugin_system:Skipping extension 'colcon_core.shell.bat': Not used on non-Windows systems
[6.783s] INFO:colcon.colcon_core.shell:Creating environment hook '/home/ubuntu/reflex-therapy/install/reflex_readings_py/share/reflex_readings_py/hook/ament_prefix_path.ps1'
[6.787s] INFO:colcon.colcon_core.shell:Creating environment descriptor '/home/ubuntu/reflex-therapy/install/reflex_readings_py/share/reflex_readings_py/hook/ament_prefix_path.dsv'
[6.789s] INFO:colcon.colcon_core.shell:Creating environment hook '/home/ubuntu/reflex-therapy/install/reflex_readings_py/share/reflex_readings_py/hook/ament_prefix_path.sh'
[6.879s] INFO:colcon.colcon_core.shell:Skip shell extension 'powershell' for command environment: Not usable outside of PowerShell
[6.880s] DEBUG:colcon.colcon_core.shell:Skip shell extension 'dsv' for command environment
[9.061s] INFO:colcon.colcon_core.task.python.build:Building Python package in '/home/ubuntu/reflex-therapy/src/reflex_readings_py'
[9.134s] INFO:colcon.colcon_core.shell:Skip shell extension 'powershell' for command environment: Not usable outside of PowerShell
[9.135s] DEBUG:colcon.colcon_core.shell:Skip shell extension 'dsv' for command environment
[11.311s] DEBUG:colcon.colcon_core.event_handler.log_command:Invoking command in '/home/ubuntu/reflex-therapy/src/reflex_readings_py': PYTHONPATH=/home/ubuntu/reflex-therapy/build/reflex_readings_py/prefix_override:/home/ubuntu/reflex-therapy/install/reflex_readings_py/lib/python3.10/site-packages:${PYTHONPATH} /usr/bin/python3 setup.py egg_info --egg-base ../../build/reflex_readings_py build --build-base /home/ubuntu/reflex-therapy/build/reflex_readings_py/build install --record /home/ubuntu/reflex-therapy/build/reflex_readings_py/install.log --single-version-externally-managed
[12.901s] DEBUG:colcon.colcon_core.event_handler.log_command:Invoked command in '/home/ubuntu/reflex-therapy/src/reflex_readings_py' returned '0': PYTHONPATH=/home/ubuntu/reflex-therapy/build/reflex_readings_py/prefix_override:/home/ubuntu/reflex-therapy/install/reflex_readings_py/lib/python3.10/site-packages:${PYTHONPATH} /usr/bin/python3 setup.py egg_info --egg-base ../../build/reflex_readings_py build --build-base /home/ubuntu/reflex-therapy/build/reflex_readings_py/build install --record /home/ubuntu/reflex-therapy/build/reflex_readings_py/install.log --single-version-externally-managed
[13.006s] Level 1:colcon.colcon_core.environment:checking '/home/ubuntu/reflex-therapy/install/reflex_readings_py' for CMake module files
[13.009s] Level 1:colcon.colcon_core.environment:checking '/home/ubuntu/reflex-therapy/install/reflex_readings_py' for CMake config files
[13.014s] Level 1:colcon.colcon_core.environment:checking '/home/ubuntu/reflex-therapy/install/reflex_readings_py/lib'
[13.015s] Level 1:colcon.colcon_core.environment:checking '/home/ubuntu/reflex-therapy/install/reflex_readings_py/bin'
[13.015s] Level 1:colcon.colcon_core.environment:checking '/home/ubuntu/reflex-therapy/install/reflex_readings_py/lib/pkgconfig/reflex_readings_py.pc'
[13.016s] Level 1:colcon.colcon_core.environment:checking '/home/ubuntu/reflex-therapy/install/reflex_readings_py/lib/python3.10/site-packages'
[13.017s] Level 1:colcon.colcon_core.shell:create_environment_hook('reflex_readings_py', 'pythonpath')
[13.094s] INFO:colcon.colcon_core.shell:Creating environment hook '/home/ubuntu/reflex-therapy/install/reflex_readings_py/share/reflex_readings_py/hook/pythonpath.ps1'
[13.096s] INFO:colcon.colcon_core.shell:Creating environment descriptor '/home/ubuntu/reflex-therapy/install/reflex_readings_py/share/reflex_readings_py/hook/pythonpath.dsv'
[13.098s] INFO:colcon.colcon_core.shell:Creating environment hook '/home/ubuntu/reflex-therapy/install/reflex_readings_py/share/reflex_readings_py/hook/pythonpath.sh'
[13.101s] Level 1:colcon.colcon_core.environment:checking '/home/ubuntu/reflex-therapy/install/reflex_readings_py/bin'
[13.101s] Level 1:colcon.colcon_core.environment:create_environment_scripts_only(reflex_readings_py)
[13.173s] INFO:colcon.colcon_core.shell:Creating package script '/home/ubuntu/reflex-therapy/install/reflex_readings_py/share/reflex_readings_py/package.ps1'
[13.178s] INFO:colcon.colcon_core.shell:Creating package descriptor '/home/ubuntu/reflex-therapy/install/reflex_readings_py/share/reflex_readings_py/package.dsv'
[13.183s] INFO:colcon.colcon_core.shell:Creating package script '/home/ubuntu/reflex-therapy/install/reflex_readings_py/share/reflex_readings_py/package.sh'
[13.189s] INFO:colcon.colcon_core.shell:Creating package script '/home/ubuntu/reflex-therapy/install/reflex_readings_py/share/reflex_readings_py/package.bash'
[13.195s] INFO:colcon.colcon_core.shell:Creating package script '/home/ubuntu/reflex-therapy/install/reflex_readings_py/share/reflex_readings_py/package.zsh'
[13.199s] Level 1:colcon.colcon_core.environment:create_file_with_runtime_dependencies(/home/ubuntu/reflex-therapy/install/reflex_readings_py/share/colcon-core/packages/reflex_readings_py)
[13.201s] DEBUG:colcon.colcon_parallel_executor.executor.parallel:closing loop
[13.204s] DEBUG:colcon.colcon_parallel_executor.executor.parallel:loop closed
[13.204s] DEBUG:colcon.colcon_parallel_executor.executor.parallel:run_until_complete finished with '0'
[13.205s] DEBUG:colcon.colcon_core.event_reactor:joining thread
[13.319s] INFO:colcon.colcon_core.plugin_system:Skipping extension 'colcon_notification.desktop_notification.terminal_notifier': Not used on non-Darwin systems
[13.319s] INFO:colcon.colcon_core.plugin_system:Skipping extension 'colcon_notification.desktop_notification.win32': Not used on non-Windows systems
[13.319s] INFO:colcon.colcon_notification.desktop_notification:Sending desktop notification using 'notify2'
[13.379s] DEBUG:colcon.colcon_core.event_reactor:joined thread
[13.484s] INFO:colcon.colcon_core.shell:Creating prefix script '/home/ubuntu/reflex-therapy/install/local_setup.ps1'
[13.489s] INFO:colcon.colcon_core.shell:Creating prefix util module '/home/ubuntu/reflex-therapy/install/_local_setup_util_ps1.py'
[13.496s] INFO:colcon.colcon_core.shell:Creating prefix chain script '/home/ubuntu/reflex-therapy/install/setup.ps1'
[13.581s] INFO:colcon.colcon_core.shell:Creating prefix script '/home/ubuntu/reflex-therapy/install/local_setup.sh'
[13.583s] INFO:colcon.colcon_core.shell:Creating prefix util module '/home/ubuntu/reflex-therapy/install/_local_setup_util_sh.py'
[13.586s] INFO:colcon.colcon_core.shell:Creating prefix chain script '/home/ubuntu/reflex-therapy/install/setup.sh'
[13.661s] INFO:colcon.colcon_core.shell:Creating prefix script '/home/ubuntu/reflex-therapy/install/local_setup.bash'
[13.664s] INFO:colcon.colcon_core.shell:Creating prefix chain script '/home/ubuntu/reflex-therapy/install/setup.bash'
[13.740s] INFO:colcon.colcon_core.shell:Creating prefix script '/home/ubuntu/reflex-therapy/install/local_setup.zsh'
[13.743s] INFO:colcon.colcon_core.shell:Creating prefix chain script '/home/ubuntu/reflex-therapy/install/setup.zsh'
